2025-08-18 17:22:27.988 +08:00 [INF] POST request to: "http://127.0.0.1:3000/login"
2025-08-18 17:22:28.088 +08:00 [ERR] POST request failed: login
System.Net.Http.HttpRequestException: Response status code does not indicate success: 404 (Not Found).
   at System.Net.Http.HttpResponseMessage.EnsureSuccessStatusCode()
   at smpc_admin.Helpers.HttpClientHelper.<Post>d__2`1.MoveNext() in D:\IGIE\ERP\smpc_admin\smpc_admin\Helpers\HttpClientHelper.cs:line 47
2025-08-18 17:28:56.863 +08:00 [ERR] POST request failed: login
System.Net.Http.HttpRequestException: Response status code does not indicate success: 404 (Not Found).
   at System.Net.Http.HttpResponseMessage.EnsureSuccessStatusCode()
   at smpc_admin.Helpers.HttpClientHelper.<Post>d__3`1.MoveNext() in D:\IGIE\ERP\smpc_admin\smpc_admin\Helpers\HttpClientHelper.cs:line 51
2025-08-18 17:29:48.849 +08:00 [ERR] POST request failed: login
System.Net.Http.HttpRequestException: Response status code does not indicate success: 404 (Not Found).
   at System.Net.Http.HttpResponseMessage.EnsureSuccessStatusCode()
   at smpc_admin.Helpers.HttpClientHelper.<Post>d__3`1.MoveNext() in D:\IGIE\ERP\smpc_admin\smpc_admin\Helpers\HttpClientHelper.cs:line 51
2025-08-18 17:32:31.127 +08:00 [ERR] POST request failed: login
System.Net.Http.HttpRequestException: Response status code does not indicate success: 404 (Not Found).
   at System.Net.Http.HttpResponseMessage.EnsureSuccessStatusCode()
   at smpc_admin.Helpers.HttpClientHelper.<Post>d__2`1.MoveNext() in D:\IGIE\ERP\smpc_admin\smpc_admin\Helpers\HttpClientHelper.cs:line 44
2025-08-18 17:32:31.567 +08:00 [ERR] POST request failed: login
System.Net.Http.HttpRequestException: Response status code does not indicate success: 404 (Not Found).
   at System.Net.Http.HttpResponseMessage.EnsureSuccessStatusCode()
   at smpc_admin.Helpers.HttpClientHelper.<Post>d__2`1.MoveNext() in D:\IGIE\ERP\smpc_admin\smpc_admin\Helpers\HttpClientHelper.cs:line 44
2025-08-18 17:32:32.150 +08:00 [ERR] POST request failed: login
System.Net.Http.HttpRequestException: Response status code does not indicate success: 404 (Not Found).
   at System.Net.Http.HttpResponseMessage.EnsureSuccessStatusCode()
   at smpc_admin.Helpers.HttpClientHelper.<Post>d__2`1.MoveNext() in D:\IGIE\ERP\smpc_admin\smpc_admin\Helpers\HttpClientHelper.cs:line 44
2025-08-18 17:32:32.384 +08:00 [ERR] POST request failed: login
System.Net.Http.HttpRequestException: Response status code does not indicate success: 404 (Not Found).
   at System.Net.Http.HttpResponseMessage.EnsureSuccessStatusCode()
   at smpc_admin.Helpers.HttpClientHelper.<Post>d__2`1.MoveNext() in D:\IGIE\ERP\smpc_admin\smpc_admin\Helpers\HttpClientHelper.cs:line 44
2025-08-18 17:32:32.519 +08:00 [ERR] POST request failed: login
System.Net.Http.HttpRequestException: Response status code does not indicate success: 404 (Not Found).
   at System.Net.Http.HttpResponseMessage.EnsureSuccessStatusCode()
   at smpc_admin.Helpers.HttpClientHelper.<Post>d__2`1.MoveNext() in D:\IGIE\ERP\smpc_admin\smpc_admin\Helpers\HttpClientHelper.cs:line 44
2025-08-18 17:32:32.665 +08:00 [ERR] POST request failed: login
System.Net.Http.HttpRequestException: Response status code does not indicate success: 404 (Not Found).
   at System.Net.Http.HttpResponseMessage.EnsureSuccessStatusCode()
   at smpc_admin.Helpers.HttpClientHelper.<Post>d__2`1.MoveNext() in D:\IGIE\ERP\smpc_admin\smpc_admin\Helpers\HttpClientHelper.cs:line 44
2025-08-18 17:32:32.911 +08:00 [ERR] POST request failed: login
System.Net.Http.HttpRequestException: Response status code does not indicate success: 404 (Not Found).
   at System.Net.Http.HttpResponseMessage.EnsureSuccessStatusCode()
   at smpc_admin.Helpers.HttpClientHelper.<Post>d__2`1.MoveNext() in D:\IGIE\ERP\smpc_admin\smpc_admin\Helpers\HttpClientHelper.cs:line 44
2025-08-18 17:32:33.055 +08:00 [ERR] POST request failed: login
System.Net.Http.HttpRequestException: Response status code does not indicate success: 404 (Not Found).
   at System.Net.Http.HttpResponseMessage.EnsureSuccessStatusCode()
   at smpc_admin.Helpers.HttpClientHelper.<Post>d__2`1.MoveNext() in D:\IGIE\ERP\smpc_admin\smpc_admin\Helpers\HttpClientHelper.cs:line 44
2025-08-18 17:32:33.191 +08:00 [ERR] POST request failed: login
System.Net.Http.HttpRequestException: Response status code does not indicate success: 404 (Not Found).
   at System.Net.Http.HttpResponseMessage.EnsureSuccessStatusCode()
   at smpc_admin.Helpers.HttpClientHelper.<Post>d__2`1.MoveNext() in D:\IGIE\ERP\smpc_admin\smpc_admin\Helpers\HttpClientHelper.cs:line 44
2025-08-18 17:32:33.328 +08:00 [ERR] POST request failed: login
System.Net.Http.HttpRequestException: Response status code does not indicate success: 404 (Not Found).
   at System.Net.Http.HttpResponseMessage.EnsureSuccessStatusCode()
   at smpc_admin.Helpers.HttpClientHelper.<Post>d__2`1.MoveNext() in D:\IGIE\ERP\smpc_admin\smpc_admin\Helpers\HttpClientHelper.cs:line 44
2025-08-18 17:32:33.455 +08:00 [ERR] POST request failed: login
System.Net.Http.HttpRequestException: Response status code does not indicate success: 404 (Not Found).
   at System.Net.Http.HttpResponseMessage.EnsureSuccessStatusCode()
   at smpc_admin.Helpers.HttpClientHelper.<Post>d__2`1.MoveNext() in D:\IGIE\ERP\smpc_admin\smpc_admin\Helpers\HttpClientHelper.cs:line 44
2025-08-18 17:32:33.573 +08:00 [ERR] POST request failed: login
System.Net.Http.HttpRequestException: Response status code does not indicate success: 404 (Not Found).
   at System.Net.Http.HttpResponseMessage.EnsureSuccessStatusCode()
   at smpc_admin.Helpers.HttpClientHelper.<Post>d__2`1.MoveNext() in D:\IGIE\ERP\smpc_admin\smpc_admin\Helpers\HttpClientHelper.cs:line 44
2025-08-18 17:32:33.715 +08:00 [ERR] POST request failed: login
System.Net.Http.HttpRequestException: Response status code does not indicate success: 404 (Not Found).
   at System.Net.Http.HttpResponseMessage.EnsureSuccessStatusCode()
   at smpc_admin.Helpers.HttpClientHelper.<Post>d__2`1.MoveNext() in D:\IGIE\ERP\smpc_admin\smpc_admin\Helpers\HttpClientHelper.cs:line 44
2025-08-18 17:32:33.871 +08:00 [ERR] POST request failed: login
System.Net.Http.HttpRequestException: Response status code does not indicate success: 404 (Not Found).
   at System.Net.Http.HttpResponseMessage.EnsureSuccessStatusCode()
   at smpc_admin.Helpers.HttpClientHelper.<Post>d__2`1.MoveNext() in D:\IGIE\ERP\smpc_admin\smpc_admin\Helpers\HttpClientHelper.cs:line 44
2025-08-18 17:32:34.088 +08:00 [ERR] POST request failed: login
System.Net.Http.HttpRequestException: Response status code does not indicate success: 404 (Not Found).
   at System.Net.Http.HttpResponseMessage.EnsureSuccessStatusCode()
   at smpc_admin.Helpers.HttpClientHelper.<Post>d__2`1.MoveNext() in D:\IGIE\ERP\smpc_admin\smpc_admin\Helpers\HttpClientHelper.cs:line 44
2025-08-18 17:32:56.936 +08:00 [ERR] POST request failed: /login
System.Net.Http.HttpRequestException: Response status code does not indicate success: 404 (Not Found).
   at System.Net.Http.HttpResponseMessage.EnsureSuccessStatusCode()
   at smpc_admin.Helpers.HttpClientHelper.<Post>d__2`1.MoveNext() in D:\IGIE\ERP\smpc_admin\smpc_admin\Helpers\HttpClientHelper.cs:line 44
2025-08-18 17:38:48.223 +08:00 [ERR] POST request failed: login
System.Net.Http.HttpRequestException: Response status code does not indicate success: 404 (Not Found).
   at System.Net.Http.HttpResponseMessage.EnsureSuccessStatusCode()
   at smpc_admin.Helpers.HttpClientHelper.<Post>d__2`1.MoveNext() in D:\IGIE\ERP\smpc_admin\smpc_admin\Helpers\HttpClientHelper.cs:line 44
2025-08-18 17:38:57.572 +08:00 [ERR] POST request failed: login
System.Net.Http.HttpRequestException: Response status code does not indicate success: 404 (Not Found).
   at System.Net.Http.HttpResponseMessage.EnsureSuccessStatusCode()
   at smpc_admin.Helpers.HttpClientHelper.<Post>d__2`1.MoveNext() in D:\IGIE\ERP\smpc_admin\smpc_admin\Helpers\HttpClientHelper.cs:line 44
2025-08-18 17:39:02.434 +08:00 [ERR] POST request failed: login
System.Net.Http.HttpRequestException: Response status code does not indicate success: 404 (Not Found).
   at System.Net.Http.HttpResponseMessage.EnsureSuccessStatusCode()
   at smpc_admin.Helpers.HttpClientHelper.<Post>d__2`1.MoveNext() in D:\IGIE\ERP\smpc_admin\smpc_admin\Helpers\HttpClientHelper.cs:line 44
2025-08-18 17:39:02.735 +08:00 [ERR] POST request failed: login
System.Net.Http.HttpRequestException: Response status code does not indicate success: 404 (Not Found).
   at System.Net.Http.HttpResponseMessage.EnsureSuccessStatusCode()
   at smpc_admin.Helpers.HttpClientHelper.<Post>d__2`1.MoveNext() in D:\IGIE\ERP\smpc_admin\smpc_admin\Helpers\HttpClientHelper.cs:line 44
2025-08-18 17:39:02.879 +08:00 [ERR] POST request failed: login
System.Net.Http.HttpRequestException: Response status code does not indicate success: 404 (Not Found).
   at System.Net.Http.HttpResponseMessage.EnsureSuccessStatusCode()
   at smpc_admin.Helpers.HttpClientHelper.<Post>d__2`1.MoveNext() in D:\IGIE\ERP\smpc_admin\smpc_admin\Helpers\HttpClientHelper.cs:line 44
2025-08-18 17:39:03.041 +08:00 [ERR] POST request failed: login
System.Net.Http.HttpRequestException: Response status code does not indicate success: 404 (Not Found).
   at System.Net.Http.HttpResponseMessage.EnsureSuccessStatusCode()
   at smpc_admin.Helpers.HttpClientHelper.<Post>d__2`1.MoveNext() in D:\IGIE\ERP\smpc_admin\smpc_admin\Helpers\HttpClientHelper.cs:line 44
2025-08-18 17:39:03.159 +08:00 [ERR] POST request failed: login
System.Net.Http.HttpRequestException: Response status code does not indicate success: 404 (Not Found).
   at System.Net.Http.HttpResponseMessage.EnsureSuccessStatusCode()
   at smpc_admin.Helpers.HttpClientHelper.<Post>d__2`1.MoveNext() in D:\IGIE\ERP\smpc_admin\smpc_admin\Helpers\HttpClientHelper.cs:line 44
2025-08-18 17:40:03.774 +08:00 [ERR] POST request failed: /login
System.Net.Http.HttpRequestException: Response status code does not indicate success: 404 (Not Found).
   at System.Net.Http.HttpResponseMessage.EnsureSuccessStatusCode()
   at smpc_admin.Helpers.HttpClientHelper.<Post>d__2`1.MoveNext() in D:\IGIE\ERP\smpc_admin\smpc_admin\Helpers\HttpClientHelper.cs:line 44
2025-08-18 17:40:22.965 +08:00 [ERR] POST request failed: login
System.Net.Http.HttpRequestException: Response status code does not indicate success: 404 (Not Found).
   at System.Net.Http.HttpResponseMessage.EnsureSuccessStatusCode()
   at smpc_admin.Helpers.HttpClientHelper.<Post>d__2`1.MoveNext() in D:\IGIE\ERP\smpc_admin\smpc_admin\Helpers\HttpClientHelper.cs:line 44
2025-08-18 17:40:50.630 +08:00 [ERR] POST request failed: /login
System.Net.Http.HttpRequestException: Response status code does not indicate success: 404 (Not Found).
   at System.Net.Http.HttpResponseMessage.EnsureSuccessStatusCode()
   at smpc_admin.Helpers.HttpClientHelper.<Post>d__2`1.MoveNext() in D:\IGIE\ERP\smpc_admin\smpc_admin\Helpers\HttpClientHelper.cs:line 44
2025-08-18 17:41:10.383 +08:00 [ERR] POST request failed: /login
System.Net.Http.HttpRequestException: Response status code does not indicate success: 404 (Not Found).
   at System.Net.Http.HttpResponseMessage.EnsureSuccessStatusCode()
   at smpc_admin.Helpers.HttpClientHelper.<Post>d__2`1.MoveNext() in D:\IGIE\ERP\smpc_admin\smpc_admin\Helpers\HttpClientHelper.cs:line 44
2025-08-18 17:49:29.050 +08:00 [ERR] POST request failed: login
System.Net.Http.HttpRequestException: Response status code does not indicate success: 401 (Unauthorized).
   at System.Net.Http.HttpResponseMessage.EnsureSuccessStatusCode()
   at smpc_admin.Helpers.HttpClientHelper.<Post>d__2`1.MoveNext() in D:\IGIE\ERP\smpc_admin\smpc_admin\Helpers\HttpClientHelper.cs:line 44
2025-08-18 17:50:07.183 +08:00 [ERR] POST request failed: login
System.Net.Http.HttpRequestException: Response status code does not indicate success: 401 (Unauthorized).
   at System.Net.Http.HttpResponseMessage.EnsureSuccessStatusCode()
   at smpc_admin.Helpers.HttpClientHelper.<Post>d__2`1.MoveNext() in D:\IGIE\ERP\smpc_admin\smpc_admin\Helpers\HttpClientHelper.cs:line 44
2025-08-18 17:50:59.204 +08:00 [ERR] POST request failed: login
System.Net.Http.HttpRequestException: Response status code does not indicate success: 401 (Unauthorized).
   at System.Net.Http.HttpResponseMessage.EnsureSuccessStatusCode()
   at smpc_admin.Helpers.HttpClientHelper.<Post>d__2`1.MoveNext() in D:\IGIE\ERP\smpc_admin\smpc_admin\Helpers\HttpClientHelper.cs:line 44
2025-08-18 17:55:06.083 +08:00 [ERR] POST request failed: login
System.Net.Http.HttpRequestException: Response status code does not indicate success: 401 (Unauthorized).
   at System.Net.Http.HttpResponseMessage.EnsureSuccessStatusCode()
   at smpc_admin.Helpers.HttpClientHelper.<Post>d__2`1.MoveNext() in D:\IGIE\ERP\smpc_admin\smpc_admin\Helpers\HttpClientHelper.cs:line 44
2025-08-18 17:55:25.325 +08:00 [ERR] POST request failed: login
System.Net.Http.HttpRequestException: Response status code does not indicate success: 401 (Unauthorized).
   at System.Net.Http.HttpResponseMessage.EnsureSuccessStatusCode()
   at smpc_admin.Helpers.HttpClientHelper.<Post>d__2`1.MoveNext() in D:\IGIE\ERP\smpc_admin\smpc_admin\Helpers\HttpClientHelper.cs:line 44
2025-08-18 17:55:39.908 +08:00 [ERR] POST request failed: login
System.Net.Http.HttpRequestException: Response status code does not indicate success: 401 (Unauthorized).
   at System.Net.Http.HttpResponseMessage.EnsureSuccessStatusCode()
   at smpc_admin.Helpers.HttpClientHelper.<Post>d__2`1.MoveNext() in D:\IGIE\ERP\smpc_admin\smpc_admin\Helpers\HttpClientHelper.cs:line 44
2025-08-18 17:56:36.683 +08:00 [ERR] POST request failed: login
System.Net.Http.HttpRequestException: Response status code does not indicate success: 401 (Unauthorized).
   at System.Net.Http.HttpResponseMessage.EnsureSuccessStatusCode()
   at smpc_admin.Helpers.HttpClientHelper.<Post>d__2`1.MoveNext() in D:\IGIE\ERP\smpc_admin\smpc_admin\Helpers\HttpClientHelper.cs:line 44
2025-08-18 17:56:44.065 +08:00 [ERR] POST request failed: login
System.Net.Http.HttpRequestException: Response status code does not indicate success: 401 (Unauthorized).
   at System.Net.Http.HttpResponseMessage.EnsureSuccessStatusCode()
   at smpc_admin.Helpers.HttpClientHelper.<Post>d__2`1.MoveNext() in D:\IGIE\ERP\smpc_admin\smpc_admin\Helpers\HttpClientHelper.cs:line 44
2025-08-18 18:10:22.778 +08:00 [ERR] POST request failed: login
System.Net.Http.HttpRequestException: Response status code does not indicate success: 401 (Unauthorized).
   at System.Net.Http.HttpResponseMessage.EnsureSuccessStatusCode()
   at smpc_admin.Helpers.HttpClientHelper.<Post>d__2`1.MoveNext() in D:\IGIE\ERP\smpc_admin\smpc_admin\Helpers\HttpClientHelper.cs:line 44
2025-08-18 18:10:23.838 +08:00 [ERR] POST request failed: login
System.Net.Http.HttpRequestException: Response status code does not indicate success: 401 (Unauthorized).
   at System.Net.Http.HttpResponseMessage.EnsureSuccessStatusCode()
   at smpc_admin.Helpers.HttpClientHelper.<Post>d__2`1.MoveNext() in D:\IGIE\ERP\smpc_admin\smpc_admin\Helpers\HttpClientHelper.cs:line 44
2025-08-18 18:10:27.528 +08:00 [ERR] POST request failed: login
System.Net.Http.HttpRequestException: Response status code does not indicate success: 401 (Unauthorized).
   at System.Net.Http.HttpResponseMessage.EnsureSuccessStatusCode()
   at smpc_admin.Helpers.HttpClientHelper.<Post>d__2`1.MoveNext() in D:\IGIE\ERP\smpc_admin\smpc_admin\Helpers\HttpClientHelper.cs:line 44
