2025-09-12 10:09:30.016 +08:00 [WRN] API request failed: user-permissions/8, StatusCode: "NotFound", Response: Cannot GET /api/user-permissions/8
2025-09-12 10:09:30.071 +08:00 [ERR] Exception during API request: user-permissions/8
Newtonsoft.Json.JsonReaderException: Unexpected character encountered while parsing value: C. Path '', line 0, position 0.
   at Newtonsoft.Json.JsonTextReader.ParseValue()
   at Newtonsoft.Json.JsonTextReader.Read()
   at Newtonsoft.Json.JsonReader.ReadForType(JsonContract contract, Boolean hasConverter)
   at Newtonsoft.Json.Serialization.JsonSerializerInternalReader.Deserialize(JsonReader reader, Type objectType, Boolean checkAdditionalContent)
   at Newtonsoft.Json.JsonSerializer.DeserializeInternal(JsonReader reader, Type objectType)
   at Newtonsoft.Json.JsonConvert.DeserializeObject(String value, Type type, JsonSerializerSettings settings)
   at Newtonsoft.Json.JsonConvert.DeserializeObject[T](String value, JsonSerializerSettings settings)
   at Newtonsoft.Json.JsonConvert.DeserializeObject[T](String value)
   at smpc_admin.Utils.HttpClientHelper.<SendRequestAsync>d__7`1.MoveNext() in D:\IGIE\ERP\smpc_admin\Utils\HttpClientHelper.cs:line 76
2025-09-12 10:09:48.550 +08:00 [INF] UPLOAD UPDATE: 17
2025-09-12 10:10:53.730 +08:00 [WRN] API request failed: user-permissions/8, StatusCode: "NotFound", Response: Cannot GET /api/user-permissions/8
2025-09-12 10:10:53.790 +08:00 [ERR] Exception during API request: user-permissions/8
Newtonsoft.Json.JsonReaderException: Unexpected character encountered while parsing value: C. Path '', line 0, position 0.
   at Newtonsoft.Json.JsonTextReader.ParseValue()
   at Newtonsoft.Json.JsonTextReader.Read()
   at Newtonsoft.Json.JsonReader.ReadForType(JsonContract contract, Boolean hasConverter)
   at Newtonsoft.Json.Serialization.JsonSerializerInternalReader.Deserialize(JsonReader reader, Type objectType, Boolean checkAdditionalContent)
   at Newtonsoft.Json.JsonSerializer.DeserializeInternal(JsonReader reader, Type objectType)
   at Newtonsoft.Json.JsonConvert.DeserializeObject(String value, Type type, JsonSerializerSettings settings)
   at Newtonsoft.Json.JsonConvert.DeserializeObject[T](String value, JsonSerializerSettings settings)
   at Newtonsoft.Json.JsonConvert.DeserializeObject[T](String value)
   at smpc_admin.Utils.HttpClientHelper.<SendRequestAsync>d__7`1.MoveNext() in D:\IGIE\ERP\smpc_admin\Utils\HttpClientHelper.cs:line 76
2025-09-12 10:11:00.622 +08:00 [INF] UPLOAD UPDATE: 16
2025-09-12 10:11:09.785 +08:00 [INF] UPLOAD UPDATE: 16
2025-09-12 16:11:03.591 +08:00 [WRN] API request failed: user-permissions/8, StatusCode: "NotFound", Response: Cannot GET /api/user-permissions/8
2025-09-12 16:11:03.655 +08:00 [ERR] Exception during API request: user-permissions/8
Newtonsoft.Json.JsonReaderException: Unexpected character encountered while parsing value: C. Path '', line 0, position 0.
   at Newtonsoft.Json.JsonTextReader.ParseValue()
   at Newtonsoft.Json.JsonTextReader.Read()
   at Newtonsoft.Json.JsonReader.ReadForType(JsonContract contract, Boolean hasConverter)
   at Newtonsoft.Json.Serialization.JsonSerializerInternalReader.Deserialize(JsonReader reader, Type objectType, Boolean checkAdditionalContent)
   at Newtonsoft.Json.JsonSerializer.DeserializeInternal(JsonReader reader, Type objectType)
   at Newtonsoft.Json.JsonConvert.DeserializeObject(String value, Type type, JsonSerializerSettings settings)
   at Newtonsoft.Json.JsonConvert.DeserializeObject[T](String value, JsonSerializerSettings settings)
   at Newtonsoft.Json.JsonConvert.DeserializeObject[T](String value)
   at smpc_admin.Utils.HttpClientHelper.<SendRequestAsync>d__7`1.MoveNext() in D:\IGIE\ERP\smpc_admin\Utils\HttpClientHelper.cs:line 76
2025-09-12 16:17:48.912 +08:00 [WRN] API request failed: user-permissions/8, StatusCode: "NotFound", Response: Cannot GET /api/user-permissions/8
2025-09-12 16:17:48.960 +08:00 [ERR] Exception during API request: user-permissions/8
Newtonsoft.Json.JsonReaderException: Unexpected character encountered while parsing value: C. Path '', line 0, position 0.
   at Newtonsoft.Json.JsonTextReader.ParseValue()
   at Newtonsoft.Json.JsonTextReader.Read()
   at Newtonsoft.Json.JsonReader.ReadForType(JsonContract contract, Boolean hasConverter)
   at Newtonsoft.Json.Serialization.JsonSerializerInternalReader.Deserialize(JsonReader reader, Type objectType, Boolean checkAdditionalContent)
   at Newtonsoft.Json.JsonSerializer.DeserializeInternal(JsonReader reader, Type objectType)
   at Newtonsoft.Json.JsonConvert.DeserializeObject(String value, Type type, JsonSerializerSettings settings)
   at Newtonsoft.Json.JsonConvert.DeserializeObject[T](String value, JsonSerializerSettings settings)
   at Newtonsoft.Json.JsonConvert.DeserializeObject[T](String value)
   at smpc_admin.Utils.HttpClientHelper.<SendRequestAsync>d__7`1.MoveNext() in D:\IGIE\ERP\smpc_admin\Utils\HttpClientHelper.cs:line 76
2025-09-12 16:19:55.293 +08:00 [WRN] API request failed: user-permissions/8, StatusCode: "NotFound", Response: Cannot GET /api/user-permissions/8
2025-09-12 16:19:55.345 +08:00 [ERR] Exception during API request: user-permissions/8
Newtonsoft.Json.JsonReaderException: Unexpected character encountered while parsing value: C. Path '', line 0, position 0.
   at Newtonsoft.Json.JsonTextReader.ParseValue()
   at Newtonsoft.Json.JsonTextReader.Read()
   at Newtonsoft.Json.JsonReader.ReadForType(JsonContract contract, Boolean hasConverter)
   at Newtonsoft.Json.Serialization.JsonSerializerInternalReader.Deserialize(JsonReader reader, Type objectType, Boolean checkAdditionalContent)
   at Newtonsoft.Json.JsonSerializer.DeserializeInternal(JsonReader reader, Type objectType)
   at Newtonsoft.Json.JsonConvert.DeserializeObject(String value, Type type, JsonSerializerSettings settings)
   at Newtonsoft.Json.JsonConvert.DeserializeObject[T](String value, JsonSerializerSettings settings)
   at Newtonsoft.Json.JsonConvert.DeserializeObject[T](String value)
   at smpc_admin.Utils.HttpClientHelper.<SendRequestAsync>d__7`1.MoveNext() in D:\IGIE\ERP\smpc_admin\Utils\HttpClientHelper.cs:line 76
2025-09-12 16:20:30.970 +08:00 [WRN] API request failed: user-permissions/8, StatusCode: "NotFound", Response: Cannot GET /api/user-permissions/8
2025-09-12 16:20:31.028 +08:00 [ERR] Exception during API request: user-permissions/8
Newtonsoft.Json.JsonReaderException: Unexpected character encountered while parsing value: C. Path '', line 0, position 0.
   at Newtonsoft.Json.JsonTextReader.ParseValue()
   at Newtonsoft.Json.JsonTextReader.Read()
   at Newtonsoft.Json.JsonReader.ReadForType(JsonContract contract, Boolean hasConverter)
   at Newtonsoft.Json.Serialization.JsonSerializerInternalReader.Deserialize(JsonReader reader, Type objectType, Boolean checkAdditionalContent)
   at Newtonsoft.Json.JsonSerializer.DeserializeInternal(JsonReader reader, Type objectType)
   at Newtonsoft.Json.JsonConvert.DeserializeObject(String value, Type type, JsonSerializerSettings settings)
   at Newtonsoft.Json.JsonConvert.DeserializeObject[T](String value, JsonSerializerSettings settings)
   at Newtonsoft.Json.JsonConvert.DeserializeObject[T](String value)
   at smpc_admin.Utils.HttpClientHelper.<SendRequestAsync>d__7`1.MoveNext() in D:\IGIE\ERP\smpc_admin\Utils\HttpClientHelper.cs:line 76
2025-09-12 16:21:38.528 +08:00 [WRN] API request failed: user-permissions/8, StatusCode: "NotFound", Response: Cannot GET /api/user-permissions/8
2025-09-12 16:21:38.576 +08:00 [ERR] Exception during API request: user-permissions/8
Newtonsoft.Json.JsonReaderException: Unexpected character encountered while parsing value: C. Path '', line 0, position 0.
   at Newtonsoft.Json.JsonTextReader.ParseValue()
   at Newtonsoft.Json.JsonTextReader.Read()
   at Newtonsoft.Json.JsonReader.ReadForType(JsonContract contract, Boolean hasConverter)
   at Newtonsoft.Json.Serialization.JsonSerializerInternalReader.Deserialize(JsonReader reader, Type objectType, Boolean checkAdditionalContent)
   at Newtonsoft.Json.JsonSerializer.DeserializeInternal(JsonReader reader, Type objectType)
   at Newtonsoft.Json.JsonConvert.DeserializeObject(String value, Type type, JsonSerializerSettings settings)
   at Newtonsoft.Json.JsonConvert.DeserializeObject[T](String value, JsonSerializerSettings settings)
   at Newtonsoft.Json.JsonConvert.DeserializeObject[T](String value)
   at smpc_admin.Utils.HttpClientHelper.<SendRequestAsync>d__7`1.MoveNext() in D:\IGIE\ERP\smpc_admin\Utils\HttpClientHelper.cs:line 76
2025-09-12 16:23:09.984 +08:00 [WRN] API request failed: user-permissions/8, StatusCode: "NotFound", Response: Cannot GET /api/user-permissions/8
2025-09-12 16:23:10.042 +08:00 [ERR] Exception during API request: user-permissions/8
Newtonsoft.Json.JsonReaderException: Unexpected character encountered while parsing value: C. Path '', line 0, position 0.
   at Newtonsoft.Json.JsonTextReader.ParseValue()
   at Newtonsoft.Json.JsonTextReader.Read()
   at Newtonsoft.Json.JsonReader.ReadForType(JsonContract contract, Boolean hasConverter)
   at Newtonsoft.Json.Serialization.JsonSerializerInternalReader.Deserialize(JsonReader reader, Type objectType, Boolean checkAdditionalContent)
   at Newtonsoft.Json.JsonSerializer.DeserializeInternal(JsonReader reader, Type objectType)
   at Newtonsoft.Json.JsonConvert.DeserializeObject(String value, Type type, JsonSerializerSettings settings)
   at Newtonsoft.Json.JsonConvert.DeserializeObject[T](String value, JsonSerializerSettings settings)
   at Newtonsoft.Json.JsonConvert.DeserializeObject[T](String value)
   at smpc_admin.Utils.HttpClientHelper.<SendRequestAsync>d__7`1.MoveNext() in D:\IGIE\ERP\smpc_admin\Utils\HttpClientHelper.cs:line 76
2025-09-12 16:24:10.008 +08:00 [WRN] API request failed: user-permissions/8, StatusCode: "NotFound", Response: Cannot GET /api/user-permissions/8
2025-09-12 16:24:10.055 +08:00 [ERR] Exception during API request: user-permissions/8
Newtonsoft.Json.JsonReaderException: Unexpected character encountered while parsing value: C. Path '', line 0, position 0.
   at Newtonsoft.Json.JsonTextReader.ParseValue()
   at Newtonsoft.Json.JsonTextReader.Read()
   at Newtonsoft.Json.JsonReader.ReadForType(JsonContract contract, Boolean hasConverter)
   at Newtonsoft.Json.Serialization.JsonSerializerInternalReader.Deserialize(JsonReader reader, Type objectType, Boolean checkAdditionalContent)
   at Newtonsoft.Json.JsonSerializer.DeserializeInternal(JsonReader reader, Type objectType)
   at Newtonsoft.Json.JsonConvert.DeserializeObject(String value, Type type, JsonSerializerSettings settings)
   at Newtonsoft.Json.JsonConvert.DeserializeObject[T](String value, JsonSerializerSettings settings)
   at Newtonsoft.Json.JsonConvert.DeserializeObject[T](String value)
   at smpc_admin.Utils.HttpClientHelper.<SendRequestAsync>d__7`1.MoveNext() in D:\IGIE\ERP\smpc_admin\Utils\HttpClientHelper.cs:line 76
2025-09-12 16:26:18.657 +08:00 [WRN] API request failed: user-permissions/8, StatusCode: "NotFound", Response: Cannot GET /api/user-permissions/8
2025-09-12 16:26:18.710 +08:00 [ERR] Exception during API request: user-permissions/8
Newtonsoft.Json.JsonReaderException: Unexpected character encountered while parsing value: C. Path '', line 0, position 0.
   at Newtonsoft.Json.JsonTextReader.ParseValue()
   at Newtonsoft.Json.JsonTextReader.Read()
   at Newtonsoft.Json.JsonReader.ReadForType(JsonContract contract, Boolean hasConverter)
   at Newtonsoft.Json.Serialization.JsonSerializerInternalReader.Deserialize(JsonReader reader, Type objectType, Boolean checkAdditionalContent)
   at Newtonsoft.Json.JsonSerializer.DeserializeInternal(JsonReader reader, Type objectType)
   at Newtonsoft.Json.JsonConvert.DeserializeObject(String value, Type type, JsonSerializerSettings settings)
   at Newtonsoft.Json.JsonConvert.DeserializeObject[T](String value, JsonSerializerSettings settings)
   at Newtonsoft.Json.JsonConvert.DeserializeObject[T](String value)
   at smpc_admin.Utils.HttpClientHelper.<SendRequestAsync>d__7`1.MoveNext() in D:\IGIE\ERP\smpc_admin\Utils\HttpClientHelper.cs:line 76
2025-09-12 16:29:00.847 +08:00 [WRN] API request failed: user-permissions/8, StatusCode: "NotFound", Response: Cannot GET /api/user-permissions/8
2025-09-12 16:29:00.903 +08:00 [ERR] Exception during API request: user-permissions/8
Newtonsoft.Json.JsonReaderException: Unexpected character encountered while parsing value: C. Path '', line 0, position 0.
   at Newtonsoft.Json.JsonTextReader.ParseValue()
   at Newtonsoft.Json.JsonTextReader.Read()
   at Newtonsoft.Json.JsonReader.ReadForType(JsonContract contract, Boolean hasConverter)
   at Newtonsoft.Json.Serialization.JsonSerializerInternalReader.Deserialize(JsonReader reader, Type objectType, Boolean checkAdditionalContent)
   at Newtonsoft.Json.JsonSerializer.DeserializeInternal(JsonReader reader, Type objectType)
   at Newtonsoft.Json.JsonConvert.DeserializeObject(String value, Type type, JsonSerializerSettings settings)
   at Newtonsoft.Json.JsonConvert.DeserializeObject[T](String value, JsonSerializerSettings settings)
   at Newtonsoft.Json.JsonConvert.DeserializeObject[T](String value)
   at smpc_admin.Utils.HttpClientHelper.<SendRequestAsync>d__7`1.MoveNext() in D:\IGIE\ERP\smpc_admin\Utils\HttpClientHelper.cs:line 76
2025-09-12 16:29:29.257 +08:00 [WRN] API request failed: user-permissions/8, StatusCode: "NotFound", Response: Cannot GET /api/user-permissions/8
2025-09-12 16:29:29.314 +08:00 [ERR] Exception during API request: user-permissions/8
Newtonsoft.Json.JsonReaderException: Unexpected character encountered while parsing value: C. Path '', line 0, position 0.
   at Newtonsoft.Json.JsonTextReader.ParseValue()
   at Newtonsoft.Json.JsonTextReader.Read()
   at Newtonsoft.Json.JsonReader.ReadForType(JsonContract contract, Boolean hasConverter)
   at Newtonsoft.Json.Serialization.JsonSerializerInternalReader.Deserialize(JsonReader reader, Type objectType, Boolean checkAdditionalContent)
   at Newtonsoft.Json.JsonSerializer.DeserializeInternal(JsonReader reader, Type objectType)
   at Newtonsoft.Json.JsonConvert.DeserializeObject(String value, Type type, JsonSerializerSettings settings)
   at Newtonsoft.Json.JsonConvert.DeserializeObject[T](String value, JsonSerializerSettings settings)
   at Newtonsoft.Json.JsonConvert.DeserializeObject[T](String value)
   at smpc_admin.Utils.HttpClientHelper.<SendRequestAsync>d__7`1.MoveNext() in D:\IGIE\ERP\smpc_admin\Utils\HttpClientHelper.cs:line 76
2025-09-12 16:31:44.609 +08:00 [WRN] API request failed: user-permissions/8, StatusCode: "NotFound", Response: Cannot GET /api/user-permissions/8
2025-09-12 16:31:44.664 +08:00 [ERR] Exception during API request: user-permissions/8
Newtonsoft.Json.JsonReaderException: Unexpected character encountered while parsing value: C. Path '', line 0, position 0.
   at Newtonsoft.Json.JsonTextReader.ParseValue()
   at Newtonsoft.Json.JsonTextReader.Read()
   at Newtonsoft.Json.JsonReader.ReadForType(JsonContract contract, Boolean hasConverter)
   at Newtonsoft.Json.Serialization.JsonSerializerInternalReader.Deserialize(JsonReader reader, Type objectType, Boolean checkAdditionalContent)
   at Newtonsoft.Json.JsonSerializer.DeserializeInternal(JsonReader reader, Type objectType)
   at Newtonsoft.Json.JsonConvert.DeserializeObject(String value, Type type, JsonSerializerSettings settings)
   at Newtonsoft.Json.JsonConvert.DeserializeObject[T](String value, JsonSerializerSettings settings)
   at Newtonsoft.Json.JsonConvert.DeserializeObject[T](String value)
   at smpc_admin.Utils.HttpClientHelper.<SendRequestAsync>d__7`1.MoveNext() in D:\IGIE\ERP\smpc_admin\Utils\HttpClientHelper.cs:line 76
2025-09-12 16:32:58.114 +08:00 [WRN] API request failed: user-permissions/8, StatusCode: "NotFound", Response: Cannot GET /api/user-permissions/8
2025-09-12 16:32:58.166 +08:00 [ERR] Exception during API request: user-permissions/8
Newtonsoft.Json.JsonReaderException: Unexpected character encountered while parsing value: C. Path '', line 0, position 0.
   at Newtonsoft.Json.JsonTextReader.ParseValue()
   at Newtonsoft.Json.JsonTextReader.Read()
   at Newtonsoft.Json.JsonReader.ReadForType(JsonContract contract, Boolean hasConverter)
   at Newtonsoft.Json.Serialization.JsonSerializerInternalReader.Deserialize(JsonReader reader, Type objectType, Boolean checkAdditionalContent)
   at Newtonsoft.Json.JsonSerializer.DeserializeInternal(JsonReader reader, Type objectType)
   at Newtonsoft.Json.JsonConvert.DeserializeObject(String value, Type type, JsonSerializerSettings settings)
   at Newtonsoft.Json.JsonConvert.DeserializeObject[T](String value, JsonSerializerSettings settings)
   at Newtonsoft.Json.JsonConvert.DeserializeObject[T](String value)
   at smpc_admin.Utils.HttpClientHelper.<SendRequestAsync>d__7`1.MoveNext() in D:\IGIE\ERP\smpc_admin\Utils\HttpClientHelper.cs:line 76
2025-09-12 16:38:39.176 +08:00 [WRN] API request failed: user-permissions/8, StatusCode: "NotFound", Response: Cannot GET /api/user-permissions/8
2025-09-12 16:38:39.236 +08:00 [ERR] Exception during API request: user-permissions/8
Newtonsoft.Json.JsonReaderException: Unexpected character encountered while parsing value: C. Path '', line 0, position 0.
   at Newtonsoft.Json.JsonTextReader.ParseValue()
   at Newtonsoft.Json.JsonTextReader.Read()
   at Newtonsoft.Json.JsonReader.ReadForType(JsonContract contract, Boolean hasConverter)
   at Newtonsoft.Json.Serialization.JsonSerializerInternalReader.Deserialize(JsonReader reader, Type objectType, Boolean checkAdditionalContent)
   at Newtonsoft.Json.JsonSerializer.DeserializeInternal(JsonReader reader, Type objectType)
   at Newtonsoft.Json.JsonConvert.DeserializeObject(String value, Type type, JsonSerializerSettings settings)
   at Newtonsoft.Json.JsonConvert.DeserializeObject[T](String value, JsonSerializerSettings settings)
   at Newtonsoft.Json.JsonConvert.DeserializeObject[T](String value)
   at smpc_admin.Utils.HttpClientHelper.<SendRequestAsync>d__7`1.MoveNext() in D:\IGIE\ERP\smpc_admin\Utils\HttpClientHelper.cs:line 76
2025-09-12 16:47:34.763 +08:00 [WRN] API request failed: vehicle-files, StatusCode: "RequestEntityTooLarge", Response: Request Entity Too Large
2025-09-12 16:47:34.788 +08:00 [ERR] Exception during API request: vehicle-files
Newtonsoft.Json.JsonReaderException: Unexpected character encountered while parsing value: R. Path '', line 0, position 0.
   at Newtonsoft.Json.JsonTextReader.ParseValue()
   at Newtonsoft.Json.JsonTextReader.Read()
   at Newtonsoft.Json.JsonReader.ReadForType(JsonContract contract, Boolean hasConverter)
   at Newtonsoft.Json.Serialization.JsonSerializerInternalReader.Deserialize(JsonReader reader, Type objectType, Boolean checkAdditionalContent)
   at Newtonsoft.Json.JsonSerializer.DeserializeInternal(JsonReader reader, Type objectType)
   at Newtonsoft.Json.JsonConvert.DeserializeObject(String value, Type type, JsonSerializerSettings settings)
   at Newtonsoft.Json.JsonConvert.DeserializeObject[T](String value, JsonSerializerSettings settings)
   at Newtonsoft.Json.JsonConvert.DeserializeObject[T](String value)
   at smpc_admin.Utils.HttpClientHelper.<PostMultipartAsync>d__8`1.MoveNext() in D:\IGIE\ERP\smpc_admin\Utils\HttpClientHelper.cs:line 128
2025-09-12 16:47:39.151 +08:00 [WRN] API request failed: vehicle-files, StatusCode: "RequestEntityTooLarge", Response: Request Entity Too Large
2025-09-12 16:47:39.167 +08:00 [ERR] Exception during API request: vehicle-files
Newtonsoft.Json.JsonReaderException: Unexpected character encountered while parsing value: R. Path '', line 0, position 0.
   at Newtonsoft.Json.JsonTextReader.ParseValue()
   at Newtonsoft.Json.JsonTextReader.Read()
   at Newtonsoft.Json.JsonReader.ReadForType(JsonContract contract, Boolean hasConverter)
   at Newtonsoft.Json.Serialization.JsonSerializerInternalReader.Deserialize(JsonReader reader, Type objectType, Boolean checkAdditionalContent)
   at Newtonsoft.Json.JsonSerializer.DeserializeInternal(JsonReader reader, Type objectType)
   at Newtonsoft.Json.JsonConvert.DeserializeObject(String value, Type type, JsonSerializerSettings settings)
   at Newtonsoft.Json.JsonConvert.DeserializeObject[T](String value, JsonSerializerSettings settings)
   at Newtonsoft.Json.JsonConvert.DeserializeObject[T](String value)
   at smpc_admin.Utils.HttpClientHelper.<PostMultipartAsync>d__8`1.MoveNext() in D:\IGIE\ERP\smpc_admin\Utils\HttpClientHelper.cs:line 128
2025-09-12 17:02:49.437 +08:00 [WRN] API request failed: user-permissions/8, StatusCode: "NotFound", Response: Cannot GET /api/user-permissions/8
2025-09-12 17:02:49.487 +08:00 [ERR] Exception during API request: user-permissions/8
Newtonsoft.Json.JsonReaderException: Unexpected character encountered while parsing value: C. Path '', line 0, position 0.
   at Newtonsoft.Json.JsonTextReader.ParseValue()
   at Newtonsoft.Json.JsonTextReader.Read()
   at Newtonsoft.Json.JsonReader.ReadForType(JsonContract contract, Boolean hasConverter)
   at Newtonsoft.Json.Serialization.JsonSerializerInternalReader.Deserialize(JsonReader reader, Type objectType, Boolean checkAdditionalContent)
   at Newtonsoft.Json.JsonSerializer.DeserializeInternal(JsonReader reader, Type objectType)
   at Newtonsoft.Json.JsonConvert.DeserializeObject(String value, Type type, JsonSerializerSettings settings)
   at Newtonsoft.Json.JsonConvert.DeserializeObject[T](String value, JsonSerializerSettings settings)
   at Newtonsoft.Json.JsonConvert.DeserializeObject[T](String value)
   at smpc_admin.Utils.HttpClientHelper.<SendRequestAsync>d__7`1.MoveNext() in D:\IGIE\ERP\smpc_admin\Utils\HttpClientHelper.cs:line 76
2025-09-12 17:03:44.197 +08:00 [WRN] API request failed: user-permissions/8, StatusCode: "NotFound", Response: Cannot GET /api/user-permissions/8
2025-09-12 17:03:44.255 +08:00 [ERR] Exception during API request: user-permissions/8
Newtonsoft.Json.JsonReaderException: Unexpected character encountered while parsing value: C. Path '', line 0, position 0.
   at Newtonsoft.Json.JsonTextReader.ParseValue()
   at Newtonsoft.Json.JsonTextReader.Read()
   at Newtonsoft.Json.JsonReader.ReadForType(JsonContract contract, Boolean hasConverter)
   at Newtonsoft.Json.Serialization.JsonSerializerInternalReader.Deserialize(JsonReader reader, Type objectType, Boolean checkAdditionalContent)
   at Newtonsoft.Json.JsonSerializer.DeserializeInternal(JsonReader reader, Type objectType)
   at Newtonsoft.Json.JsonConvert.DeserializeObject(String value, Type type, JsonSerializerSettings settings)
   at Newtonsoft.Json.JsonConvert.DeserializeObject[T](String value, JsonSerializerSettings settings)
   at Newtonsoft.Json.JsonConvert.DeserializeObject[T](String value)
   at smpc_admin.Utils.HttpClientHelper.<SendRequestAsync>d__7`1.MoveNext() in D:\IGIE\ERP\smpc_admin\Utils\HttpClientHelper.cs:line 76
2025-09-12 17:06:28.339 +08:00 [WRN] API request failed: user-permissions/8, StatusCode: "NotFound", Response: Cannot GET /api/user-permissions/8
2025-09-12 17:06:28.394 +08:00 [ERR] Exception during API request: user-permissions/8
Newtonsoft.Json.JsonReaderException: Unexpected character encountered while parsing value: C. Path '', line 0, position 0.
   at Newtonsoft.Json.JsonTextReader.ParseValue()
   at Newtonsoft.Json.JsonTextReader.Read()
   at Newtonsoft.Json.JsonReader.ReadForType(JsonContract contract, Boolean hasConverter)
   at Newtonsoft.Json.Serialization.JsonSerializerInternalReader.Deserialize(JsonReader reader, Type objectType, Boolean checkAdditionalContent)
   at Newtonsoft.Json.JsonSerializer.DeserializeInternal(JsonReader reader, Type objectType)
   at Newtonsoft.Json.JsonConvert.DeserializeObject(String value, Type type, JsonSerializerSettings settings)
   at Newtonsoft.Json.JsonConvert.DeserializeObject[T](String value, JsonSerializerSettings settings)
   at Newtonsoft.Json.JsonConvert.DeserializeObject[T](String value)
   at smpc_admin.Utils.HttpClientHelper.<SendRequestAsync>d__7`1.MoveNext() in D:\IGIE\ERP\smpc_admin\Utils\HttpClientHelper.cs:line 76
