2025-09-22 08:18:51.664 +08:00 [ERR] Exception during API request: login
System.Net.Http.HttpRequestException: An error occurred while sending the request. ---> System.Net.WebException: Unable to connect to the remote server ---> System.Net.Sockets.SocketException: No connection could be made because the target machine actively refused it 127.0.0.1:3000
   at System.Net.Sockets.Socket.InternalEndConnect(IAsyncResult asyncResult)
   at System.Net.Sockets.Socket.EndConnect(IAsyncResult asyncResult)
   at System.Net.ServicePoint.ConnectSocketInternal(Boolean connectFailure, Socket s4, Socket s6, Socket& socket, IPAddress& address, ConnectSocketState state, IAsyncResult asyncResult, Exception& exception)
   --- End of inner exception stack trace ---
   at System.Net.HttpWebRequest.EndGetRequestStream(IAsyncResult asyncResult, TransportContext& context)
   at System.Net.Http.HttpClientHandler.GetRequestStreamCallback(IAsyncResult ar)
   --- End of inner exception stack trace ---
   at System.Runtime.CompilerServices.TaskAwaiter.ThrowForNonSuccess(Task task)
   at System.Runtime.CompilerServices.TaskAwaiter.HandleNonSuccessAndDebuggerNotification(Task task)
   at System.Runtime.CompilerServices.TaskAwaiter`1.GetResult()
   at smpc_admin.Utils.HttpClientHelper.<SendRequestAsync>d__7`1.MoveNext() in D:\IGIE\ERP\smpc_admin\Utils\HttpClientHelper.cs:line 56
2025-09-22 08:19:20.442 +08:00 [ERR] Exception during API request: login
System.Net.Http.HttpRequestException: An error occurred while sending the request. ---> System.Net.WebException: Unable to connect to the remote server ---> System.Net.Sockets.SocketException: No connection could be made because the target machine actively refused it 127.0.0.1:3000
   at System.Net.Sockets.Socket.InternalEndConnect(IAsyncResult asyncResult)
   at System.Net.Sockets.Socket.EndConnect(IAsyncResult asyncResult)
   at System.Net.ServicePoint.ConnectSocketInternal(Boolean connectFailure, Socket s4, Socket s6, Socket& socket, IPAddress& address, ConnectSocketState state, IAsyncResult asyncResult, Exception& exception)
   --- End of inner exception stack trace ---
   at System.Net.HttpWebRequest.EndGetRequestStream(IAsyncResult asyncResult, TransportContext& context)
   at System.Net.Http.HttpClientHandler.GetRequestStreamCallback(IAsyncResult ar)
   --- End of inner exception stack trace ---
   at System.Runtime.CompilerServices.TaskAwaiter.ThrowForNonSuccess(Task task)
   at System.Runtime.CompilerServices.TaskAwaiter.HandleNonSuccessAndDebuggerNotification(Task task)
   at System.Runtime.CompilerServices.TaskAwaiter`1.GetResult()
   at smpc_admin.Utils.HttpClientHelper.<SendRequestAsync>d__7`1.MoveNext() in D:\IGIE\ERP\smpc_admin\Utils\HttpClientHelper.cs:line 56
2025-09-22 08:20:03.878 +08:00 [WRN] API request failed: user-permissions/8, StatusCode: "NotFound", Response: Cannot GET /api/user-permissions/8
2025-09-22 08:20:03.918 +08:00 [ERR] Exception during API request: user-permissions/8
Newtonsoft.Json.JsonReaderException: Unexpected character encountered while parsing value: C. Path '', line 0, position 0.
   at Newtonsoft.Json.JsonTextReader.ParseValue()
   at Newtonsoft.Json.JsonTextReader.Read()
   at Newtonsoft.Json.JsonReader.ReadForType(JsonContract contract, Boolean hasConverter)
   at Newtonsoft.Json.Serialization.JsonSerializerInternalReader.Deserialize(JsonReader reader, Type objectType, Boolean checkAdditionalContent)
   at Newtonsoft.Json.JsonSerializer.DeserializeInternal(JsonReader reader, Type objectType)
   at Newtonsoft.Json.JsonConvert.DeserializeObject(String value, Type type, JsonSerializerSettings settings)
   at Newtonsoft.Json.JsonConvert.DeserializeObject[T](String value, JsonSerializerSettings settings)
   at Newtonsoft.Json.JsonConvert.DeserializeObject[T](String value)
   at smpc_admin.Utils.HttpClientHelper.<SendRequestAsync>d__7`1.MoveNext() in D:\IGIE\ERP\smpc_admin\Utils\HttpClientHelper.cs:line 76
2025-09-22 08:22:03.935 +08:00 [WRN] API request failed: user-permissions/8, StatusCode: "NotFound", Response: Cannot GET /api/user-permissions/8
2025-09-22 08:22:03.999 +08:00 [ERR] Exception during API request: user-permissions/8
Newtonsoft.Json.JsonReaderException: Unexpected character encountered while parsing value: C. Path '', line 0, position 0.
   at Newtonsoft.Json.JsonTextReader.ParseValue()
   at Newtonsoft.Json.JsonTextReader.Read()
   at Newtonsoft.Json.JsonReader.ReadForType(JsonContract contract, Boolean hasConverter)
   at Newtonsoft.Json.Serialization.JsonSerializerInternalReader.Deserialize(JsonReader reader, Type objectType, Boolean checkAdditionalContent)
   at Newtonsoft.Json.JsonSerializer.DeserializeInternal(JsonReader reader, Type objectType)
   at Newtonsoft.Json.JsonConvert.DeserializeObject(String value, Type type, JsonSerializerSettings settings)
   at Newtonsoft.Json.JsonConvert.DeserializeObject[T](String value, JsonSerializerSettings settings)
   at Newtonsoft.Json.JsonConvert.DeserializeObject[T](String value)
   at smpc_admin.Utils.HttpClientHelper.<SendRequestAsync>d__7`1.MoveNext() in D:\IGIE\ERP\smpc_admin\Utils\HttpClientHelper.cs:line 76
2025-09-22 08:28:33.202 +08:00 [WRN] API request failed: user-permissions/8, StatusCode: "NotFound", Response: Cannot GET /api/user-permissions/8
2025-09-22 08:28:33.255 +08:00 [ERR] Exception during API request: user-permissions/8
Newtonsoft.Json.JsonReaderException: Unexpected character encountered while parsing value: C. Path '', line 0, position 0.
   at Newtonsoft.Json.JsonTextReader.ParseValue()
   at Newtonsoft.Json.JsonTextReader.Read()
   at Newtonsoft.Json.JsonReader.ReadForType(JsonContract contract, Boolean hasConverter)
   at Newtonsoft.Json.Serialization.JsonSerializerInternalReader.Deserialize(JsonReader reader, Type objectType, Boolean checkAdditionalContent)
   at Newtonsoft.Json.JsonSerializer.DeserializeInternal(JsonReader reader, Type objectType)
   at Newtonsoft.Json.JsonConvert.DeserializeObject(String value, Type type, JsonSerializerSettings settings)
   at Newtonsoft.Json.JsonConvert.DeserializeObject[T](String value, JsonSerializerSettings settings)
   at Newtonsoft.Json.JsonConvert.DeserializeObject[T](String value)
   at smpc_admin.Utils.HttpClientHelper.<SendRequestAsync>d__7`1.MoveNext() in D:\IGIE\ERP\smpc_admin\Utils\HttpClientHelper.cs:line 76
2025-09-22 08:34:51.975 +08:00 [WRN] API request failed: user-permissions/8, StatusCode: "NotFound", Response: Cannot GET /api/user-permissions/8
2025-09-22 08:34:52.031 +08:00 [ERR] Exception during API request: user-permissions/8
Newtonsoft.Json.JsonReaderException: Unexpected character encountered while parsing value: C. Path '', line 0, position 0.
   at Newtonsoft.Json.JsonTextReader.ParseValue()
   at Newtonsoft.Json.JsonTextReader.Read()
   at Newtonsoft.Json.JsonReader.ReadForType(JsonContract contract, Boolean hasConverter)
   at Newtonsoft.Json.Serialization.JsonSerializerInternalReader.Deserialize(JsonReader reader, Type objectType, Boolean checkAdditionalContent)
   at Newtonsoft.Json.JsonSerializer.DeserializeInternal(JsonReader reader, Type objectType)
   at Newtonsoft.Json.JsonConvert.DeserializeObject(String value, Type type, JsonSerializerSettings settings)
   at Newtonsoft.Json.JsonConvert.DeserializeObject[T](String value, JsonSerializerSettings settings)
   at Newtonsoft.Json.JsonConvert.DeserializeObject[T](String value)
   at smpc_admin.Utils.HttpClientHelper.<SendRequestAsync>d__7`1.MoveNext() in D:\IGIE\ERP\smpc_admin\Utils\HttpClientHelper.cs:line 76
2025-09-22 08:40:08.235 +08:00 [WRN] API request failed: user-permissions/8, StatusCode: "NotFound", Response: Cannot GET /api/user-permissions/8
2025-09-22 08:40:08.289 +08:00 [ERR] Exception during API request: user-permissions/8
Newtonsoft.Json.JsonReaderException: Unexpected character encountered while parsing value: C. Path '', line 0, position 0.
   at Newtonsoft.Json.JsonTextReader.ParseValue()
   at Newtonsoft.Json.JsonTextReader.Read()
   at Newtonsoft.Json.JsonReader.ReadForType(JsonContract contract, Boolean hasConverter)
   at Newtonsoft.Json.Serialization.JsonSerializerInternalReader.Deserialize(JsonReader reader, Type objectType, Boolean checkAdditionalContent)
   at Newtonsoft.Json.JsonSerializer.DeserializeInternal(JsonReader reader, Type objectType)
   at Newtonsoft.Json.JsonConvert.DeserializeObject(String value, Type type, JsonSerializerSettings settings)
   at Newtonsoft.Json.JsonConvert.DeserializeObject[T](String value, JsonSerializerSettings settings)
   at Newtonsoft.Json.JsonConvert.DeserializeObject[T](String value)
   at smpc_admin.Utils.HttpClientHelper.<SendRequestAsync>d__7`1.MoveNext() in D:\IGIE\ERP\smpc_admin\Utils\HttpClientHelper.cs:line 76
2025-09-22 08:41:05.197 +08:00 [WRN] API request failed: user-permissions/8, StatusCode: "NotFound", Response: Cannot GET /api/user-permissions/8
2025-09-22 08:41:05.265 +08:00 [ERR] Exception during API request: user-permissions/8
Newtonsoft.Json.JsonReaderException: Unexpected character encountered while parsing value: C. Path '', line 0, position 0.
   at Newtonsoft.Json.JsonTextReader.ParseValue()
   at Newtonsoft.Json.JsonTextReader.Read()
   at Newtonsoft.Json.JsonReader.ReadForType(JsonContract contract, Boolean hasConverter)
   at Newtonsoft.Json.Serialization.JsonSerializerInternalReader.Deserialize(JsonReader reader, Type objectType, Boolean checkAdditionalContent)
   at Newtonsoft.Json.JsonSerializer.DeserializeInternal(JsonReader reader, Type objectType)
   at Newtonsoft.Json.JsonConvert.DeserializeObject(String value, Type type, JsonSerializerSettings settings)
   at Newtonsoft.Json.JsonConvert.DeserializeObject[T](String value, JsonSerializerSettings settings)
   at Newtonsoft.Json.JsonConvert.DeserializeObject[T](String value)
   at smpc_admin.Utils.HttpClientHelper.<SendRequestAsync>d__7`1.MoveNext() in D:\IGIE\ERP\smpc_admin\Utils\HttpClientHelper.cs:line 76
2025-09-22 08:49:46.804 +08:00 [WRN] API request failed: user-permissions/8, StatusCode: "NotFound", Response: Cannot GET /api/user-permissions/8
2025-09-22 08:49:46.855 +08:00 [ERR] Exception during API request: user-permissions/8
Newtonsoft.Json.JsonReaderException: Unexpected character encountered while parsing value: C. Path '', line 0, position 0.
   at Newtonsoft.Json.JsonTextReader.ParseValue()
   at Newtonsoft.Json.JsonTextReader.Read()
   at Newtonsoft.Json.JsonReader.ReadForType(JsonContract contract, Boolean hasConverter)
   at Newtonsoft.Json.Serialization.JsonSerializerInternalReader.Deserialize(JsonReader reader, Type objectType, Boolean checkAdditionalContent)
   at Newtonsoft.Json.JsonSerializer.DeserializeInternal(JsonReader reader, Type objectType)
   at Newtonsoft.Json.JsonConvert.DeserializeObject(String value, Type type, JsonSerializerSettings settings)
   at Newtonsoft.Json.JsonConvert.DeserializeObject[T](String value, JsonSerializerSettings settings)
   at Newtonsoft.Json.JsonConvert.DeserializeObject[T](String value)
   at smpc_admin.Utils.HttpClientHelper.<SendRequestAsync>d__7`1.MoveNext() in D:\IGIE\ERP\smpc_admin\Utils\HttpClientHelper.cs:line 76
2025-09-22 08:53:29.235 +08:00 [WRN] API request failed: user-permissions/8, StatusCode: "NotFound", Response: Cannot GET /api/user-permissions/8
2025-09-22 08:53:29.288 +08:00 [ERR] Exception during API request: user-permissions/8
Newtonsoft.Json.JsonReaderException: Unexpected character encountered while parsing value: C. Path '', line 0, position 0.
   at Newtonsoft.Json.JsonTextReader.ParseValue()
   at Newtonsoft.Json.JsonTextReader.Read()
   at Newtonsoft.Json.JsonReader.ReadForType(JsonContract contract, Boolean hasConverter)
   at Newtonsoft.Json.Serialization.JsonSerializerInternalReader.Deserialize(JsonReader reader, Type objectType, Boolean checkAdditionalContent)
   at Newtonsoft.Json.JsonSerializer.DeserializeInternal(JsonReader reader, Type objectType)
   at Newtonsoft.Json.JsonConvert.DeserializeObject(String value, Type type, JsonSerializerSettings settings)
   at Newtonsoft.Json.JsonConvert.DeserializeObject[T](String value, JsonSerializerSettings settings)
   at Newtonsoft.Json.JsonConvert.DeserializeObject[T](String value)
   at smpc_admin.Utils.HttpClientHelper.<SendRequestAsync>d__7`1.MoveNext() in D:\IGIE\ERP\smpc_admin\Utils\HttpClientHelper.cs:line 76
2025-09-22 08:57:01.963 +08:00 [WRN] API request failed: user-permissions/8, StatusCode: "NotFound", Response: Cannot GET /api/user-permissions/8
2025-09-22 08:57:02.016 +08:00 [ERR] Exception during API request: user-permissions/8
Newtonsoft.Json.JsonReaderException: Unexpected character encountered while parsing value: C. Path '', line 0, position 0.
   at Newtonsoft.Json.JsonTextReader.ParseValue()
   at Newtonsoft.Json.JsonTextReader.Read()
   at Newtonsoft.Json.JsonReader.ReadForType(JsonContract contract, Boolean hasConverter)
   at Newtonsoft.Json.Serialization.JsonSerializerInternalReader.Deserialize(JsonReader reader, Type objectType, Boolean checkAdditionalContent)
   at Newtonsoft.Json.JsonSerializer.DeserializeInternal(JsonReader reader, Type objectType)
   at Newtonsoft.Json.JsonConvert.DeserializeObject(String value, Type type, JsonSerializerSettings settings)
   at Newtonsoft.Json.JsonConvert.DeserializeObject[T](String value, JsonSerializerSettings settings)
   at Newtonsoft.Json.JsonConvert.DeserializeObject[T](String value)
   at smpc_admin.Utils.HttpClientHelper.<SendRequestAsync>d__7`1.MoveNext() in D:\IGIE\ERP\smpc_admin\Utils\HttpClientHelper.cs:line 76
2025-09-22 09:01:19.944 +08:00 [WRN] API request failed: user-permissions/8, StatusCode: "NotFound", Response: Cannot GET /api/user-permissions/8
2025-09-22 09:01:20.005 +08:00 [ERR] Exception during API request: user-permissions/8
Newtonsoft.Json.JsonReaderException: Unexpected character encountered while parsing value: C. Path '', line 0, position 0.
   at Newtonsoft.Json.JsonTextReader.ParseValue()
   at Newtonsoft.Json.JsonTextReader.Read()
   at Newtonsoft.Json.JsonReader.ReadForType(JsonContract contract, Boolean hasConverter)
   at Newtonsoft.Json.Serialization.JsonSerializerInternalReader.Deserialize(JsonReader reader, Type objectType, Boolean checkAdditionalContent)
   at Newtonsoft.Json.JsonSerializer.DeserializeInternal(JsonReader reader, Type objectType)
   at Newtonsoft.Json.JsonConvert.DeserializeObject(String value, Type type, JsonSerializerSettings settings)
   at Newtonsoft.Json.JsonConvert.DeserializeObject[T](String value, JsonSerializerSettings settings)
   at Newtonsoft.Json.JsonConvert.DeserializeObject[T](String value)
   at smpc_admin.Utils.HttpClientHelper.<SendRequestAsync>d__7`1.MoveNext() in D:\IGIE\ERP\smpc_admin\Utils\HttpClientHelper.cs:line 76
2025-09-22 09:02:09.117 +08:00 [WRN] API request failed: user-permissions/8, StatusCode: "NotFound", Response: Cannot GET /api/user-permissions/8
2025-09-22 09:02:09.168 +08:00 [ERR] Exception during API request: user-permissions/8
Newtonsoft.Json.JsonReaderException: Unexpected character encountered while parsing value: C. Path '', line 0, position 0.
   at Newtonsoft.Json.JsonTextReader.ParseValue()
   at Newtonsoft.Json.JsonTextReader.Read()
   at Newtonsoft.Json.JsonReader.ReadForType(JsonContract contract, Boolean hasConverter)
   at Newtonsoft.Json.Serialization.JsonSerializerInternalReader.Deserialize(JsonReader reader, Type objectType, Boolean checkAdditionalContent)
   at Newtonsoft.Json.JsonSerializer.DeserializeInternal(JsonReader reader, Type objectType)
   at Newtonsoft.Json.JsonConvert.DeserializeObject(String value, Type type, JsonSerializerSettings settings)
   at Newtonsoft.Json.JsonConvert.DeserializeObject[T](String value, JsonSerializerSettings settings)
   at Newtonsoft.Json.JsonConvert.DeserializeObject[T](String value)
   at smpc_admin.Utils.HttpClientHelper.<SendRequestAsync>d__7`1.MoveNext() in D:\IGIE\ERP\smpc_admin\Utils\HttpClientHelper.cs:line 76
2025-09-22 09:05:32.899 +08:00 [WRN] API request failed: user-permissions/8, StatusCode: "NotFound", Response: Cannot GET /api/user-permissions/8
2025-09-22 09:05:32.951 +08:00 [ERR] Exception during API request: user-permissions/8
Newtonsoft.Json.JsonReaderException: Unexpected character encountered while parsing value: C. Path '', line 0, position 0.
   at Newtonsoft.Json.JsonTextReader.ParseValue()
   at Newtonsoft.Json.JsonTextReader.Read()
   at Newtonsoft.Json.JsonReader.ReadForType(JsonContract contract, Boolean hasConverter)
   at Newtonsoft.Json.Serialization.JsonSerializerInternalReader.Deserialize(JsonReader reader, Type objectType, Boolean checkAdditionalContent)
   at Newtonsoft.Json.JsonSerializer.DeserializeInternal(JsonReader reader, Type objectType)
   at Newtonsoft.Json.JsonConvert.DeserializeObject(String value, Type type, JsonSerializerSettings settings)
   at Newtonsoft.Json.JsonConvert.DeserializeObject[T](String value, JsonSerializerSettings settings)
   at Newtonsoft.Json.JsonConvert.DeserializeObject[T](String value)
   at smpc_admin.Utils.HttpClientHelper.<SendRequestAsync>d__7`1.MoveNext() in D:\IGIE\ERP\smpc_admin\Utils\HttpClientHelper.cs:line 76
2025-09-22 09:06:52.455 +08:00 [WRN] API request failed: user-permissions/8, StatusCode: "NotFound", Response: Cannot GET /api/user-permissions/8
2025-09-22 09:06:52.506 +08:00 [ERR] Exception during API request: user-permissions/8
Newtonsoft.Json.JsonReaderException: Unexpected character encountered while parsing value: C. Path '', line 0, position 0.
   at Newtonsoft.Json.JsonTextReader.ParseValue()
   at Newtonsoft.Json.JsonTextReader.Read()
   at Newtonsoft.Json.JsonReader.ReadForType(JsonContract contract, Boolean hasConverter)
   at Newtonsoft.Json.Serialization.JsonSerializerInternalReader.Deserialize(JsonReader reader, Type objectType, Boolean checkAdditionalContent)
   at Newtonsoft.Json.JsonSerializer.DeserializeInternal(JsonReader reader, Type objectType)
   at Newtonsoft.Json.JsonConvert.DeserializeObject(String value, Type type, JsonSerializerSettings settings)
   at Newtonsoft.Json.JsonConvert.DeserializeObject[T](String value, JsonSerializerSettings settings)
   at Newtonsoft.Json.JsonConvert.DeserializeObject[T](String value)
   at smpc_admin.Utils.HttpClientHelper.<SendRequestAsync>d__7`1.MoveNext() in D:\IGIE\ERP\smpc_admin\Utils\HttpClientHelper.cs:line 76
2025-09-22 09:24:28.409 +08:00 [WRN] API request failed: user-permissions/8, StatusCode: "NotFound", Response: Cannot GET /api/user-permissions/8
2025-09-22 09:24:28.474 +08:00 [ERR] Exception during API request: user-permissions/8
Newtonsoft.Json.JsonReaderException: Unexpected character encountered while parsing value: C. Path '', line 0, position 0.
   at Newtonsoft.Json.JsonTextReader.ParseValue()
   at Newtonsoft.Json.JsonTextReader.Read()
   at Newtonsoft.Json.JsonReader.ReadForType(JsonContract contract, Boolean hasConverter)
   at Newtonsoft.Json.Serialization.JsonSerializerInternalReader.Deserialize(JsonReader reader, Type objectType, Boolean checkAdditionalContent)
   at Newtonsoft.Json.JsonSerializer.DeserializeInternal(JsonReader reader, Type objectType)
   at Newtonsoft.Json.JsonConvert.DeserializeObject(String value, Type type, JsonSerializerSettings settings)
   at Newtonsoft.Json.JsonConvert.DeserializeObject[T](String value, JsonSerializerSettings settings)
   at Newtonsoft.Json.JsonConvert.DeserializeObject[T](String value)
   at smpc_admin.Utils.HttpClientHelper.<SendRequestAsync>d__7`1.MoveNext() in D:\IGIE\ERP\smpc_admin\Utils\HttpClientHelper.cs:line 76
2025-09-22 09:28:41.101 +08:00 [WRN] API request failed: user-permissions/8, StatusCode: "NotFound", Response: Cannot GET /api/user-permissions/8
2025-09-22 09:28:41.150 +08:00 [ERR] Exception during API request: user-permissions/8
Newtonsoft.Json.JsonReaderException: Unexpected character encountered while parsing value: C. Path '', line 0, position 0.
   at Newtonsoft.Json.JsonTextReader.ParseValue()
   at Newtonsoft.Json.JsonTextReader.Read()
   at Newtonsoft.Json.JsonReader.ReadForType(JsonContract contract, Boolean hasConverter)
   at Newtonsoft.Json.Serialization.JsonSerializerInternalReader.Deserialize(JsonReader reader, Type objectType, Boolean checkAdditionalContent)
   at Newtonsoft.Json.JsonSerializer.DeserializeInternal(JsonReader reader, Type objectType)
   at Newtonsoft.Json.JsonConvert.DeserializeObject(String value, Type type, JsonSerializerSettings settings)
   at Newtonsoft.Json.JsonConvert.DeserializeObject[T](String value, JsonSerializerSettings settings)
   at Newtonsoft.Json.JsonConvert.DeserializeObject[T](String value)
   at smpc_admin.Utils.HttpClientHelper.<SendRequestAsync>d__7`1.MoveNext() in D:\IGIE\ERP\smpc_admin\Utils\HttpClientHelper.cs:line 76
2025-09-22 10:18:16.554 +08:00 [WRN] API request failed: user-permissions/8, StatusCode: "NotFound", Response: Cannot GET /api/user-permissions/8
2025-09-22 10:18:16.628 +08:00 [ERR] Exception during API request: user-permissions/8
Newtonsoft.Json.JsonReaderException: Unexpected character encountered while parsing value: C. Path '', line 0, position 0.
   at Newtonsoft.Json.JsonTextReader.ParseValue()
   at Newtonsoft.Json.JsonTextReader.Read()
   at Newtonsoft.Json.JsonReader.ReadForType(JsonContract contract, Boolean hasConverter)
   at Newtonsoft.Json.Serialization.JsonSerializerInternalReader.Deserialize(JsonReader reader, Type objectType, Boolean checkAdditionalContent)
   at Newtonsoft.Json.JsonSerializer.DeserializeInternal(JsonReader reader, Type objectType)
   at Newtonsoft.Json.JsonConvert.DeserializeObject(String value, Type type, JsonSerializerSettings settings)
   at Newtonsoft.Json.JsonConvert.DeserializeObject[T](String value, JsonSerializerSettings settings)
   at Newtonsoft.Json.JsonConvert.DeserializeObject[T](String value)
   at smpc_admin.Utils.HttpClientHelper.<SendRequestAsync>d__7`1.MoveNext() in D:\IGIE\ERP\smpc_admin\Utils\HttpClientHelper.cs:line 76
2025-09-22 10:19:29.717 +08:00 [WRN] API request failed: user-permissions/8, StatusCode: "NotFound", Response: Cannot GET /api/user-permissions/8
2025-09-22 10:19:29.769 +08:00 [ERR] Exception during API request: user-permissions/8
Newtonsoft.Json.JsonReaderException: Unexpected character encountered while parsing value: C. Path '', line 0, position 0.
   at Newtonsoft.Json.JsonTextReader.ParseValue()
   at Newtonsoft.Json.JsonTextReader.Read()
   at Newtonsoft.Json.JsonReader.ReadForType(JsonContract contract, Boolean hasConverter)
   at Newtonsoft.Json.Serialization.JsonSerializerInternalReader.Deserialize(JsonReader reader, Type objectType, Boolean checkAdditionalContent)
   at Newtonsoft.Json.JsonSerializer.DeserializeInternal(JsonReader reader, Type objectType)
   at Newtonsoft.Json.JsonConvert.DeserializeObject(String value, Type type, JsonSerializerSettings settings)
   at Newtonsoft.Json.JsonConvert.DeserializeObject[T](String value, JsonSerializerSettings settings)
   at Newtonsoft.Json.JsonConvert.DeserializeObject[T](String value)
   at smpc_admin.Utils.HttpClientHelper.<SendRequestAsync>d__7`1.MoveNext() in D:\IGIE\ERP\smpc_admin\Utils\HttpClientHelper.cs:line 76
2025-09-22 10:30:10.524 +08:00 [WRN] API request failed: user-permissions/8, StatusCode: "NotFound", Response: Cannot GET /api/user-permissions/8
2025-09-22 10:30:10.578 +08:00 [ERR] Exception during API request: user-permissions/8
Newtonsoft.Json.JsonReaderException: Unexpected character encountered while parsing value: C. Path '', line 0, position 0.
   at Newtonsoft.Json.JsonTextReader.ParseValue()
   at Newtonsoft.Json.JsonTextReader.Read()
   at Newtonsoft.Json.JsonReader.ReadForType(JsonContract contract, Boolean hasConverter)
   at Newtonsoft.Json.Serialization.JsonSerializerInternalReader.Deserialize(JsonReader reader, Type objectType, Boolean checkAdditionalContent)
   at Newtonsoft.Json.JsonSerializer.DeserializeInternal(JsonReader reader, Type objectType)
   at Newtonsoft.Json.JsonConvert.DeserializeObject(String value, Type type, JsonSerializerSettings settings)
   at Newtonsoft.Json.JsonConvert.DeserializeObject[T](String value, JsonSerializerSettings settings)
   at Newtonsoft.Json.JsonConvert.DeserializeObject[T](String value)
   at smpc_admin.Utils.HttpClientHelper.<SendRequestAsync>d__7`1.MoveNext() in D:\IGIE\ERP\smpc_admin\Utils\HttpClientHelper.cs:line 76
2025-09-22 10:36:48.746 +08:00 [WRN] API request failed: user-permissions/8, StatusCode: "NotFound", Response: Cannot GET /api/user-permissions/8
2025-09-22 10:36:48.796 +08:00 [ERR] Exception during API request: user-permissions/8
Newtonsoft.Json.JsonReaderException: Unexpected character encountered while parsing value: C. Path '', line 0, position 0.
   at Newtonsoft.Json.JsonTextReader.ParseValue()
   at Newtonsoft.Json.JsonTextReader.Read()
   at Newtonsoft.Json.JsonReader.ReadForType(JsonContract contract, Boolean hasConverter)
   at Newtonsoft.Json.Serialization.JsonSerializerInternalReader.Deserialize(JsonReader reader, Type objectType, Boolean checkAdditionalContent)
   at Newtonsoft.Json.JsonSerializer.DeserializeInternal(JsonReader reader, Type objectType)
   at Newtonsoft.Json.JsonConvert.DeserializeObject(String value, Type type, JsonSerializerSettings settings)
   at Newtonsoft.Json.JsonConvert.DeserializeObject[T](String value, JsonSerializerSettings settings)
   at Newtonsoft.Json.JsonConvert.DeserializeObject[T](String value)
   at smpc_admin.Utils.HttpClientHelper.<SendRequestAsync>d__7`1.MoveNext() in D:\IGIE\ERP\smpc_admin\Utils\HttpClientHelper.cs:line 76
2025-09-22 10:38:57.186 +08:00 [WRN] API request failed: user-permissions/8, StatusCode: "NotFound", Response: Cannot GET /api/user-permissions/8
2025-09-22 10:38:57.237 +08:00 [ERR] Exception during API request: user-permissions/8
Newtonsoft.Json.JsonReaderException: Unexpected character encountered while parsing value: C. Path '', line 0, position 0.
   at Newtonsoft.Json.JsonTextReader.ParseValue()
   at Newtonsoft.Json.JsonTextReader.Read()
   at Newtonsoft.Json.JsonReader.ReadForType(JsonContract contract, Boolean hasConverter)
   at Newtonsoft.Json.Serialization.JsonSerializerInternalReader.Deserialize(JsonReader reader, Type objectType, Boolean checkAdditionalContent)
   at Newtonsoft.Json.JsonSerializer.DeserializeInternal(JsonReader reader, Type objectType)
   at Newtonsoft.Json.JsonConvert.DeserializeObject(String value, Type type, JsonSerializerSettings settings)
   at Newtonsoft.Json.JsonConvert.DeserializeObject[T](String value, JsonSerializerSettings settings)
   at Newtonsoft.Json.JsonConvert.DeserializeObject[T](String value)
   at smpc_admin.Utils.HttpClientHelper.<SendRequestAsync>d__7`1.MoveNext() in D:\IGIE\ERP\smpc_admin\Utils\HttpClientHelper.cs:line 76
2025-09-22 10:40:04.641 +08:00 [WRN] API request failed: user-permissions/8, StatusCode: "NotFound", Response: Cannot GET /api/user-permissions/8
2025-09-22 10:40:04.711 +08:00 [ERR] Exception during API request: user-permissions/8
Newtonsoft.Json.JsonReaderException: Unexpected character encountered while parsing value: C. Path '', line 0, position 0.
   at Newtonsoft.Json.JsonTextReader.ParseValue()
   at Newtonsoft.Json.JsonTextReader.Read()
   at Newtonsoft.Json.JsonReader.ReadForType(JsonContract contract, Boolean hasConverter)
   at Newtonsoft.Json.Serialization.JsonSerializerInternalReader.Deserialize(JsonReader reader, Type objectType, Boolean checkAdditionalContent)
   at Newtonsoft.Json.JsonSerializer.DeserializeInternal(JsonReader reader, Type objectType)
   at Newtonsoft.Json.JsonConvert.DeserializeObject(String value, Type type, JsonSerializerSettings settings)
   at Newtonsoft.Json.JsonConvert.DeserializeObject[T](String value, JsonSerializerSettings settings)
   at Newtonsoft.Json.JsonConvert.DeserializeObject[T](String value)
   at smpc_admin.Utils.HttpClientHelper.<SendRequestAsync>d__7`1.MoveNext() in D:\IGIE\ERP\smpc_admin\Utils\HttpClientHelper.cs:line 76
2025-09-22 10:45:06.131 +08:00 [WRN] API request failed: user-permissions/8, StatusCode: "NotFound", Response: Cannot GET /api/user-permissions/8
2025-09-22 10:45:06.182 +08:00 [ERR] Exception during API request: user-permissions/8
Newtonsoft.Json.JsonReaderException: Unexpected character encountered while parsing value: C. Path '', line 0, position 0.
   at Newtonsoft.Json.JsonTextReader.ParseValue()
   at Newtonsoft.Json.JsonTextReader.Read()
   at Newtonsoft.Json.JsonReader.ReadForType(JsonContract contract, Boolean hasConverter)
   at Newtonsoft.Json.Serialization.JsonSerializerInternalReader.Deserialize(JsonReader reader, Type objectType, Boolean checkAdditionalContent)
   at Newtonsoft.Json.JsonSerializer.DeserializeInternal(JsonReader reader, Type objectType)
   at Newtonsoft.Json.JsonConvert.DeserializeObject(String value, Type type, JsonSerializerSettings settings)
   at Newtonsoft.Json.JsonConvert.DeserializeObject[T](String value, JsonSerializerSettings settings)
   at Newtonsoft.Json.JsonConvert.DeserializeObject[T](String value)
   at smpc_admin.Utils.HttpClientHelper.<SendRequestAsync>d__7`1.MoveNext() in D:\IGIE\ERP\smpc_admin\Utils\HttpClientHelper.cs:line 76
2025-09-22 10:50:04.201 +08:00 [WRN] API request failed: user-permissions/8, StatusCode: "NotFound", Response: Cannot GET /api/user-permissions/8
2025-09-22 10:50:04.251 +08:00 [ERR] Exception during API request: user-permissions/8
Newtonsoft.Json.JsonReaderException: Unexpected character encountered while parsing value: C. Path '', line 0, position 0.
   at Newtonsoft.Json.JsonTextReader.ParseValue()
   at Newtonsoft.Json.JsonTextReader.Read()
   at Newtonsoft.Json.JsonReader.ReadForType(JsonContract contract, Boolean hasConverter)
   at Newtonsoft.Json.Serialization.JsonSerializerInternalReader.Deserialize(JsonReader reader, Type objectType, Boolean checkAdditionalContent)
   at Newtonsoft.Json.JsonSerializer.DeserializeInternal(JsonReader reader, Type objectType)
   at Newtonsoft.Json.JsonConvert.DeserializeObject(String value, Type type, JsonSerializerSettings settings)
   at Newtonsoft.Json.JsonConvert.DeserializeObject[T](String value, JsonSerializerSettings settings)
   at Newtonsoft.Json.JsonConvert.DeserializeObject[T](String value)
   at smpc_admin.Utils.HttpClientHelper.<SendRequestAsync>d__7`1.MoveNext() in D:\IGIE\ERP\smpc_admin\Utils\HttpClientHelper.cs:line 76
2025-09-22 10:51:59.661 +08:00 [WRN] API request failed: user-permissions/8, StatusCode: "NotFound", Response: Cannot GET /api/user-permissions/8
2025-09-22 10:51:59.711 +08:00 [ERR] Exception during API request: user-permissions/8
Newtonsoft.Json.JsonReaderException: Unexpected character encountered while parsing value: C. Path '', line 0, position 0.
   at Newtonsoft.Json.JsonTextReader.ParseValue()
   at Newtonsoft.Json.JsonTextReader.Read()
   at Newtonsoft.Json.JsonReader.ReadForType(JsonContract contract, Boolean hasConverter)
   at Newtonsoft.Json.Serialization.JsonSerializerInternalReader.Deserialize(JsonReader reader, Type objectType, Boolean checkAdditionalContent)
   at Newtonsoft.Json.JsonSerializer.DeserializeInternal(JsonReader reader, Type objectType)
   at Newtonsoft.Json.JsonConvert.DeserializeObject(String value, Type type, JsonSerializerSettings settings)
   at Newtonsoft.Json.JsonConvert.DeserializeObject[T](String value, JsonSerializerSettings settings)
   at Newtonsoft.Json.JsonConvert.DeserializeObject[T](String value)
   at smpc_admin.Utils.HttpClientHelper.<SendRequestAsync>d__7`1.MoveNext() in D:\IGIE\ERP\smpc_admin\Utils\HttpClientHelper.cs:line 76
2025-09-22 10:56:07.973 +08:00 [WRN] API request failed: user-permissions/8, StatusCode: "NotFound", Response: Cannot GET /api/user-permissions/8
2025-09-22 10:56:08.020 +08:00 [ERR] Exception during API request: user-permissions/8
Newtonsoft.Json.JsonReaderException: Unexpected character encountered while parsing value: C. Path '', line 0, position 0.
   at Newtonsoft.Json.JsonTextReader.ParseValue()
   at Newtonsoft.Json.JsonTextReader.Read()
   at Newtonsoft.Json.JsonReader.ReadForType(JsonContract contract, Boolean hasConverter)
   at Newtonsoft.Json.Serialization.JsonSerializerInternalReader.Deserialize(JsonReader reader, Type objectType, Boolean checkAdditionalContent)
   at Newtonsoft.Json.JsonSerializer.DeserializeInternal(JsonReader reader, Type objectType)
   at Newtonsoft.Json.JsonConvert.DeserializeObject(String value, Type type, JsonSerializerSettings settings)
   at Newtonsoft.Json.JsonConvert.DeserializeObject[T](String value, JsonSerializerSettings settings)
   at Newtonsoft.Json.JsonConvert.DeserializeObject[T](String value)
   at smpc_admin.Utils.HttpClientHelper.<SendRequestAsync>d__7`1.MoveNext() in D:\IGIE\ERP\smpc_admin\Utils\HttpClientHelper.cs:line 76
2025-09-22 11:08:55.289 +08:00 [WRN] API request failed: user-permissions/8, StatusCode: "NotFound", Response: Cannot GET /api/user-permissions/8
2025-09-22 11:08:55.346 +08:00 [ERR] Exception during API request: user-permissions/8
Newtonsoft.Json.JsonReaderException: Unexpected character encountered while parsing value: C. Path '', line 0, position 0.
   at Newtonsoft.Json.JsonTextReader.ParseValue()
   at Newtonsoft.Json.JsonTextReader.Read()
   at Newtonsoft.Json.JsonReader.ReadForType(JsonContract contract, Boolean hasConverter)
   at Newtonsoft.Json.Serialization.JsonSerializerInternalReader.Deserialize(JsonReader reader, Type objectType, Boolean checkAdditionalContent)
   at Newtonsoft.Json.JsonSerializer.DeserializeInternal(JsonReader reader, Type objectType)
   at Newtonsoft.Json.JsonConvert.DeserializeObject(String value, Type type, JsonSerializerSettings settings)
   at Newtonsoft.Json.JsonConvert.DeserializeObject[T](String value, JsonSerializerSettings settings)
   at Newtonsoft.Json.JsonConvert.DeserializeObject[T](String value)
   at smpc_admin.Utils.HttpClientHelper.<SendRequestAsync>d__7`1.MoveNext() in D:\IGIE\ERP\smpc_admin\Utils\HttpClientHelper.cs:line 76
2025-09-22 11:09:22.653 +08:00 [WRN] API request failed: user-permissions/8, StatusCode: "NotFound", Response: Cannot GET /api/user-permissions/8
2025-09-22 11:09:22.711 +08:00 [ERR] Exception during API request: user-permissions/8
Newtonsoft.Json.JsonReaderException: Unexpected character encountered while parsing value: C. Path '', line 0, position 0.
   at Newtonsoft.Json.JsonTextReader.ParseValue()
   at Newtonsoft.Json.JsonTextReader.Read()
   at Newtonsoft.Json.JsonReader.ReadForType(JsonContract contract, Boolean hasConverter)
   at Newtonsoft.Json.Serialization.JsonSerializerInternalReader.Deserialize(JsonReader reader, Type objectType, Boolean checkAdditionalContent)
   at Newtonsoft.Json.JsonSerializer.DeserializeInternal(JsonReader reader, Type objectType)
   at Newtonsoft.Json.JsonConvert.DeserializeObject(String value, Type type, JsonSerializerSettings settings)
   at Newtonsoft.Json.JsonConvert.DeserializeObject[T](String value, JsonSerializerSettings settings)
   at Newtonsoft.Json.JsonConvert.DeserializeObject[T](String value)
   at smpc_admin.Utils.HttpClientHelper.<SendRequestAsync>d__7`1.MoveNext() in D:\IGIE\ERP\smpc_admin\Utils\HttpClientHelper.cs:line 76
2025-09-22 11:19:44.064 +08:00 [WRN] API request failed: user-permissions/8, StatusCode: "NotFound", Response: Cannot GET /api/user-permissions/8
2025-09-22 11:19:44.115 +08:00 [ERR] Exception during API request: user-permissions/8
Newtonsoft.Json.JsonReaderException: Unexpected character encountered while parsing value: C. Path '', line 0, position 0.
   at Newtonsoft.Json.JsonTextReader.ParseValue()
   at Newtonsoft.Json.JsonTextReader.Read()
   at Newtonsoft.Json.JsonReader.ReadForType(JsonContract contract, Boolean hasConverter)
   at Newtonsoft.Json.Serialization.JsonSerializerInternalReader.Deserialize(JsonReader reader, Type objectType, Boolean checkAdditionalContent)
   at Newtonsoft.Json.JsonSerializer.DeserializeInternal(JsonReader reader, Type objectType)
   at Newtonsoft.Json.JsonConvert.DeserializeObject(String value, Type type, JsonSerializerSettings settings)
   at Newtonsoft.Json.JsonConvert.DeserializeObject[T](String value, JsonSerializerSettings settings)
   at Newtonsoft.Json.JsonConvert.DeserializeObject[T](String value)
   at smpc_admin.Utils.HttpClientHelper.<SendRequestAsync>d__7`1.MoveNext() in D:\IGIE\ERP\smpc_admin\Utils\HttpClientHelper.cs:line 76
2025-09-22 11:40:48.050 +08:00 [WRN] API request failed: user-permissions/8, StatusCode: "NotFound", Response: Cannot GET /api/user-permissions/8
2025-09-22 11:40:48.101 +08:00 [ERR] Exception during API request: user-permissions/8
Newtonsoft.Json.JsonReaderException: Unexpected character encountered while parsing value: C. Path '', line 0, position 0.
   at Newtonsoft.Json.JsonTextReader.ParseValue()
   at Newtonsoft.Json.JsonTextReader.Read()
   at Newtonsoft.Json.JsonReader.ReadForType(JsonContract contract, Boolean hasConverter)
   at Newtonsoft.Json.Serialization.JsonSerializerInternalReader.Deserialize(JsonReader reader, Type objectType, Boolean checkAdditionalContent)
   at Newtonsoft.Json.JsonSerializer.DeserializeInternal(JsonReader reader, Type objectType)
   at Newtonsoft.Json.JsonConvert.DeserializeObject(String value, Type type, JsonSerializerSettings settings)
   at Newtonsoft.Json.JsonConvert.DeserializeObject[T](String value, JsonSerializerSettings settings)
   at Newtonsoft.Json.JsonConvert.DeserializeObject[T](String value)
   at smpc_admin.Utils.HttpClientHelper.<SendRequestAsync>d__7`1.MoveNext() in D:\IGIE\ERP\smpc_admin\Utils\HttpClientHelper.cs:line 76
2025-09-22 11:46:51.916 +08:00 [WRN] API request failed: user-permissions/8, StatusCode: "NotFound", Response: Cannot GET /api/user-permissions/8
2025-09-22 11:46:51.966 +08:00 [ERR] Exception during API request: user-permissions/8
Newtonsoft.Json.JsonReaderException: Unexpected character encountered while parsing value: C. Path '', line 0, position 0.
   at Newtonsoft.Json.JsonTextReader.ParseValue()
   at Newtonsoft.Json.JsonTextReader.Read()
   at Newtonsoft.Json.JsonReader.ReadForType(JsonContract contract, Boolean hasConverter)
   at Newtonsoft.Json.Serialization.JsonSerializerInternalReader.Deserialize(JsonReader reader, Type objectType, Boolean checkAdditionalContent)
   at Newtonsoft.Json.JsonSerializer.DeserializeInternal(JsonReader reader, Type objectType)
   at Newtonsoft.Json.JsonConvert.DeserializeObject(String value, Type type, JsonSerializerSettings settings)
   at Newtonsoft.Json.JsonConvert.DeserializeObject[T](String value, JsonSerializerSettings settings)
   at Newtonsoft.Json.JsonConvert.DeserializeObject[T](String value)
   at smpc_admin.Utils.HttpClientHelper.<SendRequestAsync>d__7`1.MoveNext() in D:\IGIE\ERP\smpc_admin\Utils\HttpClientHelper.cs:line 76
2025-09-22 13:14:03.553 +08:00 [WRN] API request failed: user-permissions/8, StatusCode: "NotFound", Response: Cannot GET /api/user-permissions/8
2025-09-22 13:14:03.609 +08:00 [ERR] Exception during API request: user-permissions/8
Newtonsoft.Json.JsonReaderException: Unexpected character encountered while parsing value: C. Path '', line 0, position 0.
   at Newtonsoft.Json.JsonTextReader.ParseValue()
   at Newtonsoft.Json.JsonTextReader.Read()
   at Newtonsoft.Json.JsonReader.ReadForType(JsonContract contract, Boolean hasConverter)
   at Newtonsoft.Json.Serialization.JsonSerializerInternalReader.Deserialize(JsonReader reader, Type objectType, Boolean checkAdditionalContent)
   at Newtonsoft.Json.JsonSerializer.DeserializeInternal(JsonReader reader, Type objectType)
   at Newtonsoft.Json.JsonConvert.DeserializeObject(String value, Type type, JsonSerializerSettings settings)
   at Newtonsoft.Json.JsonConvert.DeserializeObject[T](String value, JsonSerializerSettings settings)
   at Newtonsoft.Json.JsonConvert.DeserializeObject[T](String value)
   at smpc_admin.Utils.HttpClientHelper.<SendRequestAsync>d__7`1.MoveNext() in D:\IGIE\ERP\smpc_admin\Utils\HttpClientHelper.cs:line 76
2025-09-22 13:19:38.986 +08:00 [WRN] API request failed: user-permissions/8, StatusCode: "NotFound", Response: Cannot GET /api/user-permissions/8
2025-09-22 13:19:39.037 +08:00 [ERR] Exception during API request: user-permissions/8
Newtonsoft.Json.JsonReaderException: Unexpected character encountered while parsing value: C. Path '', line 0, position 0.
   at Newtonsoft.Json.JsonTextReader.ParseValue()
   at Newtonsoft.Json.JsonTextReader.Read()
   at Newtonsoft.Json.JsonReader.ReadForType(JsonContract contract, Boolean hasConverter)
   at Newtonsoft.Json.Serialization.JsonSerializerInternalReader.Deserialize(JsonReader reader, Type objectType, Boolean checkAdditionalContent)
   at Newtonsoft.Json.JsonSerializer.DeserializeInternal(JsonReader reader, Type objectType)
   at Newtonsoft.Json.JsonConvert.DeserializeObject(String value, Type type, JsonSerializerSettings settings)
   at Newtonsoft.Json.JsonConvert.DeserializeObject[T](String value, JsonSerializerSettings settings)
   at Newtonsoft.Json.JsonConvert.DeserializeObject[T](String value)
   at smpc_admin.Utils.HttpClientHelper.<SendRequestAsync>d__7`1.MoveNext() in D:\IGIE\ERP\smpc_admin\Utils\HttpClientHelper.cs:line 76
2025-09-22 13:32:49.179 +08:00 [WRN] API request failed: user-permissions/8, StatusCode: "NotFound", Response: Cannot GET /api/user-permissions/8
2025-09-22 13:32:49.233 +08:00 [ERR] Exception during API request: user-permissions/8
Newtonsoft.Json.JsonReaderException: Unexpected character encountered while parsing value: C. Path '', line 0, position 0.
   at Newtonsoft.Json.JsonTextReader.ParseValue()
   at Newtonsoft.Json.JsonTextReader.Read()
   at Newtonsoft.Json.JsonReader.ReadForType(JsonContract contract, Boolean hasConverter)
   at Newtonsoft.Json.Serialization.JsonSerializerInternalReader.Deserialize(JsonReader reader, Type objectType, Boolean checkAdditionalContent)
   at Newtonsoft.Json.JsonSerializer.DeserializeInternal(JsonReader reader, Type objectType)
   at Newtonsoft.Json.JsonConvert.DeserializeObject(String value, Type type, JsonSerializerSettings settings)
   at Newtonsoft.Json.JsonConvert.DeserializeObject[T](String value, JsonSerializerSettings settings)
   at Newtonsoft.Json.JsonConvert.DeserializeObject[T](String value)
   at smpc_admin.Utils.HttpClientHelper.<SendRequestAsync>d__7`1.MoveNext() in D:\IGIE\ERP\smpc_admin\Utils\HttpClientHelper.cs:line 76
2025-09-22 13:51:18.278 +08:00 [WRN] API request failed: user-permissions/8, StatusCode: "NotFound", Response: Cannot GET /api/user-permissions/8
2025-09-22 13:51:18.324 +08:00 [ERR] Exception during API request: user-permissions/8
Newtonsoft.Json.JsonReaderException: Unexpected character encountered while parsing value: C. Path '', line 0, position 0.
   at Newtonsoft.Json.JsonTextReader.ParseValue()
   at Newtonsoft.Json.JsonTextReader.Read()
   at Newtonsoft.Json.JsonReader.ReadForType(JsonContract contract, Boolean hasConverter)
   at Newtonsoft.Json.Serialization.JsonSerializerInternalReader.Deserialize(JsonReader reader, Type objectType, Boolean checkAdditionalContent)
   at Newtonsoft.Json.JsonSerializer.DeserializeInternal(JsonReader reader, Type objectType)
   at Newtonsoft.Json.JsonConvert.DeserializeObject(String value, Type type, JsonSerializerSettings settings)
   at Newtonsoft.Json.JsonConvert.DeserializeObject[T](String value, JsonSerializerSettings settings)
   at Newtonsoft.Json.JsonConvert.DeserializeObject[T](String value)
   at smpc_admin.Utils.HttpClientHelper.<SendRequestAsync>d__7`1.MoveNext() in D:\IGIE\ERP\smpc_admin\Utils\HttpClientHelper.cs:line 76
2025-09-22 14:16:57.927 +08:00 [WRN] API request failed: user-permissions/8, StatusCode: "NotFound", Response: Cannot GET /api/user-permissions/8
2025-09-22 14:16:57.977 +08:00 [ERR] Exception during API request: user-permissions/8
Newtonsoft.Json.JsonReaderException: Unexpected character encountered while parsing value: C. Path '', line 0, position 0.
   at Newtonsoft.Json.JsonTextReader.ParseValue()
   at Newtonsoft.Json.JsonTextReader.Read()
   at Newtonsoft.Json.JsonReader.ReadForType(JsonContract contract, Boolean hasConverter)
   at Newtonsoft.Json.Serialization.JsonSerializerInternalReader.Deserialize(JsonReader reader, Type objectType, Boolean checkAdditionalContent)
   at Newtonsoft.Json.JsonSerializer.DeserializeInternal(JsonReader reader, Type objectType)
   at Newtonsoft.Json.JsonConvert.DeserializeObject(String value, Type type, JsonSerializerSettings settings)
   at Newtonsoft.Json.JsonConvert.DeserializeObject[T](String value, JsonSerializerSettings settings)
   at Newtonsoft.Json.JsonConvert.DeserializeObject[T](String value)
   at smpc_admin.Utils.HttpClientHelper.<SendRequestAsync>d__7`1.MoveNext() in D:\IGIE\ERP\smpc_admin\Utils\HttpClientHelper.cs:line 76
2025-09-22 14:20:32.228 +08:00 [WRN] API request failed: user-permissions/8, StatusCode: "NotFound", Response: Cannot GET /api/user-permissions/8
2025-09-22 14:20:32.279 +08:00 [ERR] Exception during API request: user-permissions/8
Newtonsoft.Json.JsonReaderException: Unexpected character encountered while parsing value: C. Path '', line 0, position 0.
   at Newtonsoft.Json.JsonTextReader.ParseValue()
   at Newtonsoft.Json.JsonTextReader.Read()
   at Newtonsoft.Json.JsonReader.ReadForType(JsonContract contract, Boolean hasConverter)
   at Newtonsoft.Json.Serialization.JsonSerializerInternalReader.Deserialize(JsonReader reader, Type objectType, Boolean checkAdditionalContent)
   at Newtonsoft.Json.JsonSerializer.DeserializeInternal(JsonReader reader, Type objectType)
   at Newtonsoft.Json.JsonConvert.DeserializeObject(String value, Type type, JsonSerializerSettings settings)
   at Newtonsoft.Json.JsonConvert.DeserializeObject[T](String value, JsonSerializerSettings settings)
   at Newtonsoft.Json.JsonConvert.DeserializeObject[T](String value)
   at smpc_admin.Utils.HttpClientHelper.<SendRequestAsync>d__7`1.MoveNext() in D:\IGIE\ERP\smpc_admin\Utils\HttpClientHelper.cs:line 76
2025-09-22 14:25:09.387 +08:00 [WRN] API request failed: user-permissions/8, StatusCode: "NotFound", Response: Cannot GET /api/user-permissions/8
2025-09-22 14:25:09.439 +08:00 [ERR] Exception during API request: user-permissions/8
Newtonsoft.Json.JsonReaderException: Unexpected character encountered while parsing value: C. Path '', line 0, position 0.
   at Newtonsoft.Json.JsonTextReader.ParseValue()
   at Newtonsoft.Json.JsonTextReader.Read()
   at Newtonsoft.Json.JsonReader.ReadForType(JsonContract contract, Boolean hasConverter)
   at Newtonsoft.Json.Serialization.JsonSerializerInternalReader.Deserialize(JsonReader reader, Type objectType, Boolean checkAdditionalContent)
   at Newtonsoft.Json.JsonSerializer.DeserializeInternal(JsonReader reader, Type objectType)
   at Newtonsoft.Json.JsonConvert.DeserializeObject(String value, Type type, JsonSerializerSettings settings)
   at Newtonsoft.Json.JsonConvert.DeserializeObject[T](String value, JsonSerializerSettings settings)
   at Newtonsoft.Json.JsonConvert.DeserializeObject[T](String value)
   at smpc_admin.Utils.HttpClientHelper.<SendRequestAsync>d__7`1.MoveNext() in D:\IGIE\ERP\smpc_admin\Utils\HttpClientHelper.cs:line 76
2025-09-22 14:25:53.504 +08:00 [WRN] API request failed: user-permissions/8, StatusCode: "NotFound", Response: Cannot GET /api/user-permissions/8
2025-09-22 14:25:53.570 +08:00 [ERR] Exception during API request: user-permissions/8
Newtonsoft.Json.JsonReaderException: Unexpected character encountered while parsing value: C. Path '', line 0, position 0.
   at Newtonsoft.Json.JsonTextReader.ParseValue()
   at Newtonsoft.Json.JsonTextReader.Read()
   at Newtonsoft.Json.JsonReader.ReadForType(JsonContract contract, Boolean hasConverter)
   at Newtonsoft.Json.Serialization.JsonSerializerInternalReader.Deserialize(JsonReader reader, Type objectType, Boolean checkAdditionalContent)
   at Newtonsoft.Json.JsonSerializer.DeserializeInternal(JsonReader reader, Type objectType)
   at Newtonsoft.Json.JsonConvert.DeserializeObject(String value, Type type, JsonSerializerSettings settings)
   at Newtonsoft.Json.JsonConvert.DeserializeObject[T](String value, JsonSerializerSettings settings)
   at Newtonsoft.Json.JsonConvert.DeserializeObject[T](String value)
   at smpc_admin.Utils.HttpClientHelper.<SendRequestAsync>d__7`1.MoveNext() in D:\IGIE\ERP\smpc_admin\Utils\HttpClientHelper.cs:line 76
2025-09-22 14:26:27.950 +08:00 [WRN] API request failed: user-permissions/8, StatusCode: "NotFound", Response: Cannot GET /api/user-permissions/8
2025-09-22 14:26:28.001 +08:00 [ERR] Exception during API request: user-permissions/8
Newtonsoft.Json.JsonReaderException: Unexpected character encountered while parsing value: C. Path '', line 0, position 0.
   at Newtonsoft.Json.JsonTextReader.ParseValue()
   at Newtonsoft.Json.JsonTextReader.Read()
   at Newtonsoft.Json.JsonReader.ReadForType(JsonContract contract, Boolean hasConverter)
   at Newtonsoft.Json.Serialization.JsonSerializerInternalReader.Deserialize(JsonReader reader, Type objectType, Boolean checkAdditionalContent)
   at Newtonsoft.Json.JsonSerializer.DeserializeInternal(JsonReader reader, Type objectType)
   at Newtonsoft.Json.JsonConvert.DeserializeObject(String value, Type type, JsonSerializerSettings settings)
   at Newtonsoft.Json.JsonConvert.DeserializeObject[T](String value, JsonSerializerSettings settings)
   at Newtonsoft.Json.JsonConvert.DeserializeObject[T](String value)
   at smpc_admin.Utils.HttpClientHelper.<SendRequestAsync>d__7`1.MoveNext() in D:\IGIE\ERP\smpc_admin\Utils\HttpClientHelper.cs:line 76
2025-09-22 14:33:46.901 +08:00 [WRN] API request failed: user-permissions/8, StatusCode: "NotFound", Response: Cannot GET /api/user-permissions/8
2025-09-22 14:33:46.956 +08:00 [ERR] Exception during API request: user-permissions/8
Newtonsoft.Json.JsonReaderException: Unexpected character encountered while parsing value: C. Path '', line 0, position 0.
   at Newtonsoft.Json.JsonTextReader.ParseValue()
   at Newtonsoft.Json.JsonTextReader.Read()
   at Newtonsoft.Json.JsonReader.ReadForType(JsonContract contract, Boolean hasConverter)
   at Newtonsoft.Json.Serialization.JsonSerializerInternalReader.Deserialize(JsonReader reader, Type objectType, Boolean checkAdditionalContent)
   at Newtonsoft.Json.JsonSerializer.DeserializeInternal(JsonReader reader, Type objectType)
   at Newtonsoft.Json.JsonConvert.DeserializeObject(String value, Type type, JsonSerializerSettings settings)
   at Newtonsoft.Json.JsonConvert.DeserializeObject[T](String value, JsonSerializerSettings settings)
   at Newtonsoft.Json.JsonConvert.DeserializeObject[T](String value)
   at smpc_admin.Utils.HttpClientHelper.<SendRequestAsync>d__7`1.MoveNext() in D:\IGIE\ERP\smpc_admin\Utils\HttpClientHelper.cs:line 76
2025-09-22 14:44:59.045 +08:00 [WRN] API request failed: user-permissions/8, StatusCode: "NotFound", Response: Cannot GET /api/user-permissions/8
2025-09-22 14:44:59.093 +08:00 [ERR] Exception during API request: user-permissions/8
Newtonsoft.Json.JsonReaderException: Unexpected character encountered while parsing value: C. Path '', line 0, position 0.
   at Newtonsoft.Json.JsonTextReader.ParseValue()
   at Newtonsoft.Json.JsonTextReader.Read()
   at Newtonsoft.Json.JsonReader.ReadForType(JsonContract contract, Boolean hasConverter)
   at Newtonsoft.Json.Serialization.JsonSerializerInternalReader.Deserialize(JsonReader reader, Type objectType, Boolean checkAdditionalContent)
   at Newtonsoft.Json.JsonSerializer.DeserializeInternal(JsonReader reader, Type objectType)
   at Newtonsoft.Json.JsonConvert.DeserializeObject(String value, Type type, JsonSerializerSettings settings)
   at Newtonsoft.Json.JsonConvert.DeserializeObject[T](String value, JsonSerializerSettings settings)
   at Newtonsoft.Json.JsonConvert.DeserializeObject[T](String value)
   at smpc_admin.Utils.HttpClientHelper.<SendRequestAsync>d__7`1.MoveNext() in D:\IGIE\ERP\smpc_admin\Utils\HttpClientHelper.cs:line 76
2025-09-22 14:46:47.626 +08:00 [WRN] API request failed: user-permissions/8, StatusCode: "NotFound", Response: Cannot GET /api/user-permissions/8
2025-09-22 14:46:47.676 +08:00 [ERR] Exception during API request: user-permissions/8
Newtonsoft.Json.JsonReaderException: Unexpected character encountered while parsing value: C. Path '', line 0, position 0.
   at Newtonsoft.Json.JsonTextReader.ParseValue()
   at Newtonsoft.Json.JsonTextReader.Read()
   at Newtonsoft.Json.JsonReader.ReadForType(JsonContract contract, Boolean hasConverter)
   at Newtonsoft.Json.Serialization.JsonSerializerInternalReader.Deserialize(JsonReader reader, Type objectType, Boolean checkAdditionalContent)
   at Newtonsoft.Json.JsonSerializer.DeserializeInternal(JsonReader reader, Type objectType)
   at Newtonsoft.Json.JsonConvert.DeserializeObject(String value, Type type, JsonSerializerSettings settings)
   at Newtonsoft.Json.JsonConvert.DeserializeObject[T](String value, JsonSerializerSettings settings)
   at Newtonsoft.Json.JsonConvert.DeserializeObject[T](String value)
   at smpc_admin.Utils.HttpClientHelper.<SendRequestAsync>d__7`1.MoveNext() in D:\IGIE\ERP\smpc_admin\Utils\HttpClientHelper.cs:line 76
2025-09-22 14:53:19.237 +08:00 [WRN] API request failed: user-permissions/8, StatusCode: "NotFound", Response: Cannot GET /api/user-permissions/8
2025-09-22 14:53:19.286 +08:00 [ERR] Exception during API request: user-permissions/8
Newtonsoft.Json.JsonReaderException: Unexpected character encountered while parsing value: C. Path '', line 0, position 0.
   at Newtonsoft.Json.JsonTextReader.ParseValue()
   at Newtonsoft.Json.JsonTextReader.Read()
   at Newtonsoft.Json.JsonReader.ReadForType(JsonContract contract, Boolean hasConverter)
   at Newtonsoft.Json.Serialization.JsonSerializerInternalReader.Deserialize(JsonReader reader, Type objectType, Boolean checkAdditionalContent)
   at Newtonsoft.Json.JsonSerializer.DeserializeInternal(JsonReader reader, Type objectType)
   at Newtonsoft.Json.JsonConvert.DeserializeObject(String value, Type type, JsonSerializerSettings settings)
   at Newtonsoft.Json.JsonConvert.DeserializeObject[T](String value, JsonSerializerSettings settings)
   at Newtonsoft.Json.JsonConvert.DeserializeObject[T](String value)
   at smpc_admin.Utils.HttpClientHelper.<SendRequestAsync>d__7`1.MoveNext() in D:\IGIE\ERP\smpc_admin\Utils\HttpClientHelper.cs:line 76
2025-09-22 14:54:13.252 +08:00 [WRN] API request failed: user-permissions/8, StatusCode: "NotFound", Response: Cannot GET /api/user-permissions/8
2025-09-22 14:54:13.304 +08:00 [ERR] Exception during API request: user-permissions/8
Newtonsoft.Json.JsonReaderException: Unexpected character encountered while parsing value: C. Path '', line 0, position 0.
   at Newtonsoft.Json.JsonTextReader.ParseValue()
   at Newtonsoft.Json.JsonTextReader.Read()
   at Newtonsoft.Json.JsonReader.ReadForType(JsonContract contract, Boolean hasConverter)
   at Newtonsoft.Json.Serialization.JsonSerializerInternalReader.Deserialize(JsonReader reader, Type objectType, Boolean checkAdditionalContent)
   at Newtonsoft.Json.JsonSerializer.DeserializeInternal(JsonReader reader, Type objectType)
   at Newtonsoft.Json.JsonConvert.DeserializeObject(String value, Type type, JsonSerializerSettings settings)
   at Newtonsoft.Json.JsonConvert.DeserializeObject[T](String value, JsonSerializerSettings settings)
   at Newtonsoft.Json.JsonConvert.DeserializeObject[T](String value)
   at smpc_admin.Utils.HttpClientHelper.<SendRequestAsync>d__7`1.MoveNext() in D:\IGIE\ERP\smpc_admin\Utils\HttpClientHelper.cs:line 76
2025-09-22 14:55:32.177 +08:00 [WRN] API request failed: user-permissions/8, StatusCode: "NotFound", Response: Cannot GET /api/user-permissions/8
2025-09-22 14:55:32.228 +08:00 [ERR] Exception during API request: user-permissions/8
Newtonsoft.Json.JsonReaderException: Unexpected character encountered while parsing value: C. Path '', line 0, position 0.
   at Newtonsoft.Json.JsonTextReader.ParseValue()
   at Newtonsoft.Json.JsonTextReader.Read()
   at Newtonsoft.Json.JsonReader.ReadForType(JsonContract contract, Boolean hasConverter)
   at Newtonsoft.Json.Serialization.JsonSerializerInternalReader.Deserialize(JsonReader reader, Type objectType, Boolean checkAdditionalContent)
   at Newtonsoft.Json.JsonSerializer.DeserializeInternal(JsonReader reader, Type objectType)
   at Newtonsoft.Json.JsonConvert.DeserializeObject(String value, Type type, JsonSerializerSettings settings)
   at Newtonsoft.Json.JsonConvert.DeserializeObject[T](String value, JsonSerializerSettings settings)
   at Newtonsoft.Json.JsonConvert.DeserializeObject[T](String value)
   at smpc_admin.Utils.HttpClientHelper.<SendRequestAsync>d__7`1.MoveNext() in D:\IGIE\ERP\smpc_admin\Utils\HttpClientHelper.cs:line 76
2025-09-22 14:56:46.565 +08:00 [WRN] API request failed: user-permissions/8, StatusCode: "NotFound", Response: Cannot GET /api/user-permissions/8
2025-09-22 14:56:46.620 +08:00 [ERR] Exception during API request: user-permissions/8
Newtonsoft.Json.JsonReaderException: Unexpected character encountered while parsing value: C. Path '', line 0, position 0.
   at Newtonsoft.Json.JsonTextReader.ParseValue()
   at Newtonsoft.Json.JsonTextReader.Read()
   at Newtonsoft.Json.JsonReader.ReadForType(JsonContract contract, Boolean hasConverter)
   at Newtonsoft.Json.Serialization.JsonSerializerInternalReader.Deserialize(JsonReader reader, Type objectType, Boolean checkAdditionalContent)
   at Newtonsoft.Json.JsonSerializer.DeserializeInternal(JsonReader reader, Type objectType)
   at Newtonsoft.Json.JsonConvert.DeserializeObject(String value, Type type, JsonSerializerSettings settings)
   at Newtonsoft.Json.JsonConvert.DeserializeObject[T](String value, JsonSerializerSettings settings)
   at Newtonsoft.Json.JsonConvert.DeserializeObject[T](String value)
   at smpc_admin.Utils.HttpClientHelper.<SendRequestAsync>d__7`1.MoveNext() in D:\IGIE\ERP\smpc_admin\Utils\HttpClientHelper.cs:line 76
2025-09-22 14:58:09.208 +08:00 [WRN] API request failed: user-permissions/8, StatusCode: "NotFound", Response: Cannot GET /api/user-permissions/8
2025-09-22 14:58:09.266 +08:00 [ERR] Exception during API request: user-permissions/8
Newtonsoft.Json.JsonReaderException: Unexpected character encountered while parsing value: C. Path '', line 0, position 0.
   at Newtonsoft.Json.JsonTextReader.ParseValue()
   at Newtonsoft.Json.JsonTextReader.Read()
   at Newtonsoft.Json.JsonReader.ReadForType(JsonContract contract, Boolean hasConverter)
   at Newtonsoft.Json.Serialization.JsonSerializerInternalReader.Deserialize(JsonReader reader, Type objectType, Boolean checkAdditionalContent)
   at Newtonsoft.Json.JsonSerializer.DeserializeInternal(JsonReader reader, Type objectType)
   at Newtonsoft.Json.JsonConvert.DeserializeObject(String value, Type type, JsonSerializerSettings settings)
   at Newtonsoft.Json.JsonConvert.DeserializeObject[T](String value, JsonSerializerSettings settings)
   at Newtonsoft.Json.JsonConvert.DeserializeObject[T](String value)
   at smpc_admin.Utils.HttpClientHelper.<SendRequestAsync>d__7`1.MoveNext() in D:\IGIE\ERP\smpc_admin\Utils\HttpClientHelper.cs:line 76
2025-09-22 14:59:59.350 +08:00 [WRN] API request failed: user-permissions/8, StatusCode: "NotFound", Response: Cannot GET /api/user-permissions/8
2025-09-22 14:59:59.405 +08:00 [ERR] Exception during API request: user-permissions/8
Newtonsoft.Json.JsonReaderException: Unexpected character encountered while parsing value: C. Path '', line 0, position 0.
   at Newtonsoft.Json.JsonTextReader.ParseValue()
   at Newtonsoft.Json.JsonTextReader.Read()
   at Newtonsoft.Json.JsonReader.ReadForType(JsonContract contract, Boolean hasConverter)
   at Newtonsoft.Json.Serialization.JsonSerializerInternalReader.Deserialize(JsonReader reader, Type objectType, Boolean checkAdditionalContent)
   at Newtonsoft.Json.JsonSerializer.DeserializeInternal(JsonReader reader, Type objectType)
   at Newtonsoft.Json.JsonConvert.DeserializeObject(String value, Type type, JsonSerializerSettings settings)
   at Newtonsoft.Json.JsonConvert.DeserializeObject[T](String value, JsonSerializerSettings settings)
   at Newtonsoft.Json.JsonConvert.DeserializeObject[T](String value)
   at smpc_admin.Utils.HttpClientHelper.<SendRequestAsync>d__7`1.MoveNext() in D:\IGIE\ERP\smpc_admin\Utils\HttpClientHelper.cs:line 76
2025-09-22 15:00:27.550 +08:00 [WRN] API request failed: user-permissions/8, StatusCode: "NotFound", Response: Cannot GET /api/user-permissions/8
2025-09-22 15:00:27.601 +08:00 [ERR] Exception during API request: user-permissions/8
Newtonsoft.Json.JsonReaderException: Unexpected character encountered while parsing value: C. Path '', line 0, position 0.
   at Newtonsoft.Json.JsonTextReader.ParseValue()
   at Newtonsoft.Json.JsonTextReader.Read()
   at Newtonsoft.Json.JsonReader.ReadForType(JsonContract contract, Boolean hasConverter)
   at Newtonsoft.Json.Serialization.JsonSerializerInternalReader.Deserialize(JsonReader reader, Type objectType, Boolean checkAdditionalContent)
   at Newtonsoft.Json.JsonSerializer.DeserializeInternal(JsonReader reader, Type objectType)
   at Newtonsoft.Json.JsonConvert.DeserializeObject(String value, Type type, JsonSerializerSettings settings)
   at Newtonsoft.Json.JsonConvert.DeserializeObject[T](String value, JsonSerializerSettings settings)
   at Newtonsoft.Json.JsonConvert.DeserializeObject[T](String value)
   at smpc_admin.Utils.HttpClientHelper.<SendRequestAsync>d__7`1.MoveNext() in D:\IGIE\ERP\smpc_admin\Utils\HttpClientHelper.cs:line 76
2025-09-22 15:04:50.120 +08:00 [WRN] API request failed: user-permissions/8, StatusCode: "NotFound", Response: Cannot GET /api/user-permissions/8
2025-09-22 15:04:50.186 +08:00 [ERR] Exception during API request: user-permissions/8
Newtonsoft.Json.JsonReaderException: Unexpected character encountered while parsing value: C. Path '', line 0, position 0.
   at Newtonsoft.Json.JsonTextReader.ParseValue()
   at Newtonsoft.Json.JsonTextReader.Read()
   at Newtonsoft.Json.JsonReader.ReadForType(JsonContract contract, Boolean hasConverter)
   at Newtonsoft.Json.Serialization.JsonSerializerInternalReader.Deserialize(JsonReader reader, Type objectType, Boolean checkAdditionalContent)
   at Newtonsoft.Json.JsonSerializer.DeserializeInternal(JsonReader reader, Type objectType)
   at Newtonsoft.Json.JsonConvert.DeserializeObject(String value, Type type, JsonSerializerSettings settings)
   at Newtonsoft.Json.JsonConvert.DeserializeObject[T](String value, JsonSerializerSettings settings)
   at Newtonsoft.Json.JsonConvert.DeserializeObject[T](String value)
   at smpc_admin.Utils.HttpClientHelper.<SendRequestAsync>d__7`1.MoveNext() in D:\IGIE\ERP\smpc_admin\Utils\HttpClientHelper.cs:line 76
2025-09-22 15:06:04.471 +08:00 [WRN] API request failed: user-permissions/8, StatusCode: "NotFound", Response: Cannot GET /api/user-permissions/8
2025-09-22 15:06:04.525 +08:00 [ERR] Exception during API request: user-permissions/8
Newtonsoft.Json.JsonReaderException: Unexpected character encountered while parsing value: C. Path '', line 0, position 0.
   at Newtonsoft.Json.JsonTextReader.ParseValue()
   at Newtonsoft.Json.JsonTextReader.Read()
   at Newtonsoft.Json.JsonReader.ReadForType(JsonContract contract, Boolean hasConverter)
   at Newtonsoft.Json.Serialization.JsonSerializerInternalReader.Deserialize(JsonReader reader, Type objectType, Boolean checkAdditionalContent)
   at Newtonsoft.Json.JsonSerializer.DeserializeInternal(JsonReader reader, Type objectType)
   at Newtonsoft.Json.JsonConvert.DeserializeObject(String value, Type type, JsonSerializerSettings settings)
   at Newtonsoft.Json.JsonConvert.DeserializeObject[T](String value, JsonSerializerSettings settings)
   at Newtonsoft.Json.JsonConvert.DeserializeObject[T](String value)
   at smpc_admin.Utils.HttpClientHelper.<SendRequestAsync>d__7`1.MoveNext() in D:\IGIE\ERP\smpc_admin\Utils\HttpClientHelper.cs:line 76
2025-09-22 15:29:24.969 +08:00 [WRN] API request failed: user-permissions/8, StatusCode: "NotFound", Response: Cannot GET /api/user-permissions/8
2025-09-22 15:29:25.021 +08:00 [ERR] Exception during API request: user-permissions/8
Newtonsoft.Json.JsonReaderException: Unexpected character encountered while parsing value: C. Path '', line 0, position 0.
   at Newtonsoft.Json.JsonTextReader.ParseValue()
   at Newtonsoft.Json.JsonTextReader.Read()
   at Newtonsoft.Json.JsonReader.ReadForType(JsonContract contract, Boolean hasConverter)
   at Newtonsoft.Json.Serialization.JsonSerializerInternalReader.Deserialize(JsonReader reader, Type objectType, Boolean checkAdditionalContent)
   at Newtonsoft.Json.JsonSerializer.DeserializeInternal(JsonReader reader, Type objectType)
   at Newtonsoft.Json.JsonConvert.DeserializeObject(String value, Type type, JsonSerializerSettings settings)
   at Newtonsoft.Json.JsonConvert.DeserializeObject[T](String value, JsonSerializerSettings settings)
   at Newtonsoft.Json.JsonConvert.DeserializeObject[T](String value)
   at smpc_admin.Utils.HttpClientHelper.<SendRequestAsync>d__7`1.MoveNext() in D:\IGIE\ERP\smpc_admin\Utils\HttpClientHelper.cs:line 76
2025-09-22 15:31:01.426 +08:00 [WRN] API request failed: user-permissions/8, StatusCode: "NotFound", Response: Cannot GET /api/user-permissions/8
2025-09-22 15:31:01.477 +08:00 [ERR] Exception during API request: user-permissions/8
Newtonsoft.Json.JsonReaderException: Unexpected character encountered while parsing value: C. Path '', line 0, position 0.
   at Newtonsoft.Json.JsonTextReader.ParseValue()
   at Newtonsoft.Json.JsonTextReader.Read()
   at Newtonsoft.Json.JsonReader.ReadForType(JsonContract contract, Boolean hasConverter)
   at Newtonsoft.Json.Serialization.JsonSerializerInternalReader.Deserialize(JsonReader reader, Type objectType, Boolean checkAdditionalContent)
   at Newtonsoft.Json.JsonSerializer.DeserializeInternal(JsonReader reader, Type objectType)
   at Newtonsoft.Json.JsonConvert.DeserializeObject(String value, Type type, JsonSerializerSettings settings)
   at Newtonsoft.Json.JsonConvert.DeserializeObject[T](String value, JsonSerializerSettings settings)
   at Newtonsoft.Json.JsonConvert.DeserializeObject[T](String value)
   at smpc_admin.Utils.HttpClientHelper.<SendRequestAsync>d__7`1.MoveNext() in D:\IGIE\ERP\smpc_admin\Utils\HttpClientHelper.cs:line 76
2025-09-22 15:31:41.128 +08:00 [WRN] API request failed: user-permissions/8, StatusCode: "NotFound", Response: Cannot GET /api/user-permissions/8
2025-09-22 15:31:41.185 +08:00 [ERR] Exception during API request: user-permissions/8
Newtonsoft.Json.JsonReaderException: Unexpected character encountered while parsing value: C. Path '', line 0, position 0.
   at Newtonsoft.Json.JsonTextReader.ParseValue()
   at Newtonsoft.Json.JsonTextReader.Read()
   at Newtonsoft.Json.JsonReader.ReadForType(JsonContract contract, Boolean hasConverter)
   at Newtonsoft.Json.Serialization.JsonSerializerInternalReader.Deserialize(JsonReader reader, Type objectType, Boolean checkAdditionalContent)
   at Newtonsoft.Json.JsonSerializer.DeserializeInternal(JsonReader reader, Type objectType)
   at Newtonsoft.Json.JsonConvert.DeserializeObject(String value, Type type, JsonSerializerSettings settings)
   at Newtonsoft.Json.JsonConvert.DeserializeObject[T](String value, JsonSerializerSettings settings)
   at Newtonsoft.Json.JsonConvert.DeserializeObject[T](String value)
   at smpc_admin.Utils.HttpClientHelper.<SendRequestAsync>d__7`1.MoveNext() in D:\IGIE\ERP\smpc_admin\Utils\HttpClientHelper.cs:line 76
2025-09-22 15:36:09.466 +08:00 [WRN] API request failed: user-permissions/8, StatusCode: "NotFound", Response: Cannot GET /api/user-permissions/8
2025-09-22 15:36:09.516 +08:00 [ERR] Exception during API request: user-permissions/8
Newtonsoft.Json.JsonReaderException: Unexpected character encountered while parsing value: C. Path '', line 0, position 0.
   at Newtonsoft.Json.JsonTextReader.ParseValue()
   at Newtonsoft.Json.JsonTextReader.Read()
   at Newtonsoft.Json.JsonReader.ReadForType(JsonContract contract, Boolean hasConverter)
   at Newtonsoft.Json.Serialization.JsonSerializerInternalReader.Deserialize(JsonReader reader, Type objectType, Boolean checkAdditionalContent)
   at Newtonsoft.Json.JsonSerializer.DeserializeInternal(JsonReader reader, Type objectType)
   at Newtonsoft.Json.JsonConvert.DeserializeObject(String value, Type type, JsonSerializerSettings settings)
   at Newtonsoft.Json.JsonConvert.DeserializeObject[T](String value, JsonSerializerSettings settings)
   at Newtonsoft.Json.JsonConvert.DeserializeObject[T](String value)
   at smpc_admin.Utils.HttpClientHelper.<SendRequestAsync>d__7`1.MoveNext() in D:\IGIE\ERP\smpc_admin\Utils\HttpClientHelper.cs:line 76
2025-09-22 15:45:12.134 +08:00 [WRN] API request failed: user-permissions/8, StatusCode: "NotFound", Response: Cannot GET /api/user-permissions/8
2025-09-22 15:45:12.184 +08:00 [ERR] Exception during API request: user-permissions/8
Newtonsoft.Json.JsonReaderException: Unexpected character encountered while parsing value: C. Path '', line 0, position 0.
   at Newtonsoft.Json.JsonTextReader.ParseValue()
   at Newtonsoft.Json.JsonTextReader.Read()
   at Newtonsoft.Json.JsonReader.ReadForType(JsonContract contract, Boolean hasConverter)
   at Newtonsoft.Json.Serialization.JsonSerializerInternalReader.Deserialize(JsonReader reader, Type objectType, Boolean checkAdditionalContent)
   at Newtonsoft.Json.JsonSerializer.DeserializeInternal(JsonReader reader, Type objectType)
   at Newtonsoft.Json.JsonConvert.DeserializeObject(String value, Type type, JsonSerializerSettings settings)
   at Newtonsoft.Json.JsonConvert.DeserializeObject[T](String value, JsonSerializerSettings settings)
   at Newtonsoft.Json.JsonConvert.DeserializeObject[T](String value)
   at smpc_admin.Utils.HttpClientHelper.<SendRequestAsync>d__7`1.MoveNext() in D:\IGIE\ERP\smpc_admin\Utils\HttpClientHelper.cs:line 76
2025-09-22 15:45:57.717 +08:00 [WRN] API request failed: user-permissions/8, StatusCode: "NotFound", Response: Cannot GET /api/user-permissions/8
2025-09-22 15:45:57.763 +08:00 [ERR] Exception during API request: user-permissions/8
Newtonsoft.Json.JsonReaderException: Unexpected character encountered while parsing value: C. Path '', line 0, position 0.
   at Newtonsoft.Json.JsonTextReader.ParseValue()
   at Newtonsoft.Json.JsonTextReader.Read()
   at Newtonsoft.Json.JsonReader.ReadForType(JsonContract contract, Boolean hasConverter)
   at Newtonsoft.Json.Serialization.JsonSerializerInternalReader.Deserialize(JsonReader reader, Type objectType, Boolean checkAdditionalContent)
   at Newtonsoft.Json.JsonSerializer.DeserializeInternal(JsonReader reader, Type objectType)
   at Newtonsoft.Json.JsonConvert.DeserializeObject(String value, Type type, JsonSerializerSettings settings)
   at Newtonsoft.Json.JsonConvert.DeserializeObject[T](String value, JsonSerializerSettings settings)
   at Newtonsoft.Json.JsonConvert.DeserializeObject[T](String value)
   at smpc_admin.Utils.HttpClientHelper.<SendRequestAsync>d__7`1.MoveNext() in D:\IGIE\ERP\smpc_admin\Utils\HttpClientHelper.cs:line 76
2025-09-22 15:58:05.566 +08:00 [WRN] API request failed: user-permissions/8, StatusCode: "NotFound", Response: Cannot GET /api/user-permissions/8
2025-09-22 15:58:05.618 +08:00 [ERR] Exception during API request: user-permissions/8
Newtonsoft.Json.JsonReaderException: Unexpected character encountered while parsing value: C. Path '', line 0, position 0.
   at Newtonsoft.Json.JsonTextReader.ParseValue()
   at Newtonsoft.Json.JsonTextReader.Read()
   at Newtonsoft.Json.JsonReader.ReadForType(JsonContract contract, Boolean hasConverter)
   at Newtonsoft.Json.Serialization.JsonSerializerInternalReader.Deserialize(JsonReader reader, Type objectType, Boolean checkAdditionalContent)
   at Newtonsoft.Json.JsonSerializer.DeserializeInternal(JsonReader reader, Type objectType)
   at Newtonsoft.Json.JsonConvert.DeserializeObject(String value, Type type, JsonSerializerSettings settings)
   at Newtonsoft.Json.JsonConvert.DeserializeObject[T](String value, JsonSerializerSettings settings)
   at Newtonsoft.Json.JsonConvert.DeserializeObject[T](String value)
   at smpc_admin.Utils.HttpClientHelper.<SendRequestAsync>d__7`1.MoveNext() in D:\IGIE\ERP\smpc_admin\Utils\HttpClientHelper.cs:line 76
2025-09-22 16:15:46.257 +08:00 [WRN] API request failed: user-permissions/8, StatusCode: "NotFound", Response: Cannot GET /api/user-permissions/8
2025-09-22 16:15:46.313 +08:00 [ERR] Exception during API request: user-permissions/8
Newtonsoft.Json.JsonReaderException: Unexpected character encountered while parsing value: C. Path '', line 0, position 0.
   at Newtonsoft.Json.JsonTextReader.ParseValue()
   at Newtonsoft.Json.JsonTextReader.Read()
   at Newtonsoft.Json.JsonReader.ReadForType(JsonContract contract, Boolean hasConverter)
   at Newtonsoft.Json.Serialization.JsonSerializerInternalReader.Deserialize(JsonReader reader, Type objectType, Boolean checkAdditionalContent)
   at Newtonsoft.Json.JsonSerializer.DeserializeInternal(JsonReader reader, Type objectType)
   at Newtonsoft.Json.JsonConvert.DeserializeObject(String value, Type type, JsonSerializerSettings settings)
   at Newtonsoft.Json.JsonConvert.DeserializeObject[T](String value, JsonSerializerSettings settings)
   at Newtonsoft.Json.JsonConvert.DeserializeObject[T](String value)
   at smpc_admin.Utils.HttpClientHelper.<SendRequestAsync>d__7`1.MoveNext() in D:\IGIE\ERP\smpc_admin\Utils\HttpClientHelper.cs:line 76
2025-09-22 16:16:25.961 +08:00 [WRN] API request failed: user-permissions/8, StatusCode: "NotFound", Response: Cannot GET /api/user-permissions/8
2025-09-22 16:16:26.010 +08:00 [ERR] Exception during API request: user-permissions/8
Newtonsoft.Json.JsonReaderException: Unexpected character encountered while parsing value: C. Path '', line 0, position 0.
   at Newtonsoft.Json.JsonTextReader.ParseValue()
   at Newtonsoft.Json.JsonTextReader.Read()
   at Newtonsoft.Json.JsonReader.ReadForType(JsonContract contract, Boolean hasConverter)
   at Newtonsoft.Json.Serialization.JsonSerializerInternalReader.Deserialize(JsonReader reader, Type objectType, Boolean checkAdditionalContent)
   at Newtonsoft.Json.JsonSerializer.DeserializeInternal(JsonReader reader, Type objectType)
   at Newtonsoft.Json.JsonConvert.DeserializeObject(String value, Type type, JsonSerializerSettings settings)
   at Newtonsoft.Json.JsonConvert.DeserializeObject[T](String value, JsonSerializerSettings settings)
   at Newtonsoft.Json.JsonConvert.DeserializeObject[T](String value)
   at smpc_admin.Utils.HttpClientHelper.<SendRequestAsync>d__7`1.MoveNext() in D:\IGIE\ERP\smpc_admin\Utils\HttpClientHelper.cs:line 76
2025-09-22 16:19:03.266 +08:00 [WRN] API request failed: user-permissions/8, StatusCode: "NotFound", Response: Cannot GET /api/user-permissions/8
2025-09-22 16:19:03.329 +08:00 [ERR] Exception during API request: user-permissions/8
Newtonsoft.Json.JsonReaderException: Unexpected character encountered while parsing value: C. Path '', line 0, position 0.
   at Newtonsoft.Json.JsonTextReader.ParseValue()
   at Newtonsoft.Json.JsonTextReader.Read()
   at Newtonsoft.Json.JsonReader.ReadForType(JsonContract contract, Boolean hasConverter)
   at Newtonsoft.Json.Serialization.JsonSerializerInternalReader.Deserialize(JsonReader reader, Type objectType, Boolean checkAdditionalContent)
   at Newtonsoft.Json.JsonSerializer.DeserializeInternal(JsonReader reader, Type objectType)
   at Newtonsoft.Json.JsonConvert.DeserializeObject(String value, Type type, JsonSerializerSettings settings)
   at Newtonsoft.Json.JsonConvert.DeserializeObject[T](String value, JsonSerializerSettings settings)
   at Newtonsoft.Json.JsonConvert.DeserializeObject[T](String value)
   at smpc_admin.Utils.HttpClientHelper.<SendRequestAsync>d__7`1.MoveNext() in D:\IGIE\ERP\smpc_admin\Utils\HttpClientHelper.cs:line 76
2025-09-22 16:23:53.596 +08:00 [WRN] API request failed: user-permissions/8, StatusCode: "NotFound", Response: Cannot GET /api/user-permissions/8
2025-09-22 16:23:53.651 +08:00 [ERR] Exception during API request: user-permissions/8
Newtonsoft.Json.JsonReaderException: Unexpected character encountered while parsing value: C. Path '', line 0, position 0.
   at Newtonsoft.Json.JsonTextReader.ParseValue()
   at Newtonsoft.Json.JsonTextReader.Read()
   at Newtonsoft.Json.JsonReader.ReadForType(JsonContract contract, Boolean hasConverter)
   at Newtonsoft.Json.Serialization.JsonSerializerInternalReader.Deserialize(JsonReader reader, Type objectType, Boolean checkAdditionalContent)
   at Newtonsoft.Json.JsonSerializer.DeserializeInternal(JsonReader reader, Type objectType)
   at Newtonsoft.Json.JsonConvert.DeserializeObject(String value, Type type, JsonSerializerSettings settings)
   at Newtonsoft.Json.JsonConvert.DeserializeObject[T](String value, JsonSerializerSettings settings)
   at Newtonsoft.Json.JsonConvert.DeserializeObject[T](String value)
   at smpc_admin.Utils.HttpClientHelper.<SendRequestAsync>d__7`1.MoveNext() in D:\IGIE\ERP\smpc_admin\Utils\HttpClientHelper.cs:line 76
2025-09-22 16:24:16.445 +08:00 [WRN] API request failed: user-permissions/8, StatusCode: "NotFound", Response: Cannot GET /api/user-permissions/8
2025-09-22 16:24:16.505 +08:00 [ERR] Exception during API request: user-permissions/8
Newtonsoft.Json.JsonReaderException: Unexpected character encountered while parsing value: C. Path '', line 0, position 0.
   at Newtonsoft.Json.JsonTextReader.ParseValue()
   at Newtonsoft.Json.JsonTextReader.Read()
   at Newtonsoft.Json.JsonReader.ReadForType(JsonContract contract, Boolean hasConverter)
   at Newtonsoft.Json.Serialization.JsonSerializerInternalReader.Deserialize(JsonReader reader, Type objectType, Boolean checkAdditionalContent)
   at Newtonsoft.Json.JsonSerializer.DeserializeInternal(JsonReader reader, Type objectType)
   at Newtonsoft.Json.JsonConvert.DeserializeObject(String value, Type type, JsonSerializerSettings settings)
   at Newtonsoft.Json.JsonConvert.DeserializeObject[T](String value, JsonSerializerSettings settings)
   at Newtonsoft.Json.JsonConvert.DeserializeObject[T](String value)
   at smpc_admin.Utils.HttpClientHelper.<SendRequestAsync>d__7`1.MoveNext() in D:\IGIE\ERP\smpc_admin\Utils\HttpClientHelper.cs:line 76
2025-09-22 16:28:54.424 +08:00 [WRN] API request failed: user-permissions/8, StatusCode: "NotFound", Response: Cannot GET /api/user-permissions/8
2025-09-22 16:28:54.480 +08:00 [ERR] Exception during API request: user-permissions/8
Newtonsoft.Json.JsonReaderException: Unexpected character encountered while parsing value: C. Path '', line 0, position 0.
   at Newtonsoft.Json.JsonTextReader.ParseValue()
   at Newtonsoft.Json.JsonTextReader.Read()
   at Newtonsoft.Json.JsonReader.ReadForType(JsonContract contract, Boolean hasConverter)
   at Newtonsoft.Json.Serialization.JsonSerializerInternalReader.Deserialize(JsonReader reader, Type objectType, Boolean checkAdditionalContent)
   at Newtonsoft.Json.JsonSerializer.DeserializeInternal(JsonReader reader, Type objectType)
   at Newtonsoft.Json.JsonConvert.DeserializeObject(String value, Type type, JsonSerializerSettings settings)
   at Newtonsoft.Json.JsonConvert.DeserializeObject[T](String value, JsonSerializerSettings settings)
   at Newtonsoft.Json.JsonConvert.DeserializeObject[T](String value)
   at smpc_admin.Utils.HttpClientHelper.<SendRequestAsync>d__7`1.MoveNext() in D:\IGIE\ERP\smpc_admin\Utils\HttpClientHelper.cs:line 76
2025-09-22 17:42:04.946 +08:00 [WRN] API request failed: user-permissions/8, StatusCode: "NotFound", Response: Cannot GET /api/user-permissions/8
2025-09-22 17:42:05.001 +08:00 [ERR] Exception during API request: user-permissions/8
Newtonsoft.Json.JsonReaderException: Unexpected character encountered while parsing value: C. Path '', line 0, position 0.
   at Newtonsoft.Json.JsonTextReader.ParseValue()
   at Newtonsoft.Json.JsonTextReader.Read()
   at Newtonsoft.Json.JsonReader.ReadForType(JsonContract contract, Boolean hasConverter)
   at Newtonsoft.Json.Serialization.JsonSerializerInternalReader.Deserialize(JsonReader reader, Type objectType, Boolean checkAdditionalContent)
   at Newtonsoft.Json.JsonSerializer.DeserializeInternal(JsonReader reader, Type objectType)
   at Newtonsoft.Json.JsonConvert.DeserializeObject(String value, Type type, JsonSerializerSettings settings)
   at Newtonsoft.Json.JsonConvert.DeserializeObject[T](String value, JsonSerializerSettings settings)
   at Newtonsoft.Json.JsonConvert.DeserializeObject[T](String value)
   at smpc_admin.Utils.HttpClientHelper.<SendRequestAsync>d__7`1.MoveNext() in D:\IGIE\ERP\smpc_admin\Utils\HttpClientHelper.cs:line 76
2025-09-22 17:44:07.025 +08:00 [WRN] API request failed: user-permissions/8, StatusCode: "NotFound", Response: Cannot GET /api/user-permissions/8
2025-09-22 17:44:07.082 +08:00 [ERR] Exception during API request: user-permissions/8
Newtonsoft.Json.JsonReaderException: Unexpected character encountered while parsing value: C. Path '', line 0, position 0.
   at Newtonsoft.Json.JsonTextReader.ParseValue()
   at Newtonsoft.Json.JsonTextReader.Read()
   at Newtonsoft.Json.JsonReader.ReadForType(JsonContract contract, Boolean hasConverter)
   at Newtonsoft.Json.Serialization.JsonSerializerInternalReader.Deserialize(JsonReader reader, Type objectType, Boolean checkAdditionalContent)
   at Newtonsoft.Json.JsonSerializer.DeserializeInternal(JsonReader reader, Type objectType)
   at Newtonsoft.Json.JsonConvert.DeserializeObject(String value, Type type, JsonSerializerSettings settings)
   at Newtonsoft.Json.JsonConvert.DeserializeObject[T](String value, JsonSerializerSettings settings)
   at Newtonsoft.Json.JsonConvert.DeserializeObject[T](String value)
   at smpc_admin.Utils.HttpClientHelper.<SendRequestAsync>d__7`1.MoveNext() in D:\IGIE\ERP\smpc_admin\Utils\HttpClientHelper.cs:line 76
2025-09-22 17:44:52.352 +08:00 [WRN] API request failed: user-permissions/8, StatusCode: "NotFound", Response: Cannot GET /api/user-permissions/8
2025-09-22 17:44:52.401 +08:00 [ERR] Exception during API request: user-permissions/8
Newtonsoft.Json.JsonReaderException: Unexpected character encountered while parsing value: C. Path '', line 0, position 0.
   at Newtonsoft.Json.JsonTextReader.ParseValue()
   at Newtonsoft.Json.JsonTextReader.Read()
   at Newtonsoft.Json.JsonReader.ReadForType(JsonContract contract, Boolean hasConverter)
   at Newtonsoft.Json.Serialization.JsonSerializerInternalReader.Deserialize(JsonReader reader, Type objectType, Boolean checkAdditionalContent)
   at Newtonsoft.Json.JsonSerializer.DeserializeInternal(JsonReader reader, Type objectType)
   at Newtonsoft.Json.JsonConvert.DeserializeObject(String value, Type type, JsonSerializerSettings settings)
   at Newtonsoft.Json.JsonConvert.DeserializeObject[T](String value, JsonSerializerSettings settings)
   at Newtonsoft.Json.JsonConvert.DeserializeObject[T](String value)
   at smpc_admin.Utils.HttpClientHelper.<SendRequestAsync>d__7`1.MoveNext() in D:\IGIE\ERP\smpc_admin\Utils\HttpClientHelper.cs:line 76
