2025-09-04 10:58:55.546 +08:00 [WRN] API request failed: position-access/update-all-access/3, StatusCode: "BadRequest", Response: {"message":"Access list is empty","success":false}
2025-09-04 11:11:48.332 +08:00 [ERR] [ERROR] Loading position users: No row can be added to a DataGridView control that does not have columns. Columns must be added first.
2025-09-04 11:11:50.374 +08:00 [ERR] [ERROR] Loading position users: No row can be added to a DataGridView control that does not have columns. Columns must be added first.
2025-09-04 13:59:06.539 +08:00 [WRN] API request failed: position-access/update-all-access/1, StatusCode: "InternalServerError", Response: {"message":"Failed to delete existing access","success":false}
2025-09-04 14:00:15.573 +08:00 [ERR] [ERROR] Loading position users: No row can be added to a DataGridView control that does not have columns. Columns must be added first.
2025-09-04 14:00:17.703 +08:00 [ERR] [ERROR] Loading position users: No row can be added to a DataGridView control that does not have columns. Columns must be added first.
2025-09-04 14:00:21.271 +08:00 [ERR] [ERROR] Loading position users: No row can be added to a DataGridView control that does not have columns. Columns must be added first.
2025-09-04 14:00:23.097 +08:00 [ERR] [ERROR] Loading position users: No row can be added to a DataGridView control that does not have columns. Columns must be added first.
2025-09-04 14:00:25.199 +08:00 [ERR] [ERROR] Loading position users: No row can be added to a DataGridView control that does not have columns. Columns must be added first.
2025-09-04 14:00:27.097 +08:00 [ERR] [ERROR] Loading position users: No row can be added to a DataGridView control that does not have columns. Columns must be added first.
2025-09-04 14:00:33.545 +08:00 [ERR] [ERROR] Loading position users: No row can be added to a DataGridView control that does not have columns. Columns must be added first.
2025-09-04 14:02:24.436 +08:00 [WRN] API request failed: position-access/update-all-access/1, StatusCode: "InternalServerError", Response: {"message":"Failed to delete existing access","success":false}
2025-09-04 14:02:33.818 +08:00 [WRN] API request failed: position-access/update-all-access/1, StatusCode: "InternalServerError", Response: {"message":"Failed to delete existing access","success":false}
2025-09-04 14:04:21.422 +08:00 [WRN] API request failed: position-access/update-all-access/1, StatusCode: "InternalServerError", Response: {"message":"Failed to delete existing access","success":false}
2025-09-04 14:06:17.651 +08:00 [WRN] API request failed: position-access/update-all-access/1, StatusCode: "InternalServerError", Response: {"message":"Failed to delete existing access","success":false}
2025-09-04 15:14:18.407 +08:00 [WRN] API request failed: users, StatusCode: "InternalServerError", Response: {"message":"failed getting users","success":false}
2025-09-04 15:14:18.440 +08:00 [WRN] API request failed: positions, StatusCode: "InternalServerError", Response: {"message":"failed getting positions","success":false}
2025-09-04 15:14:18.441 +08:00 [WRN] API request failed: positions, StatusCode: "InternalServerError", Response: {"message":"failed getting positions","success":false}
2025-09-04 15:14:20.192 +08:00 [WRN] API request failed: positions, StatusCode: "InternalServerError", Response: {"message":"failed getting positions","success":false}
2025-09-04 15:14:20.242 +08:00 [WRN] API request failed: users, StatusCode: "InternalServerError", Response: {"message":"failed getting users","success":false}
2025-09-04 15:14:22.359 +08:00 [WRN] API request failed: positions, StatusCode: "InternalServerError", Response: {"message":"failed getting positions","success":false}
2025-09-04 16:10:19.873 +08:00 [ERR] [ERROR] Loading position users: Column's SortMode cannot be set to Automatic while the DataGridView control's SelectionMode is set to FullColumnSelect.
2025-09-04 16:10:23.417 +08:00 [WRN] API request failed: position-access/update-all-access/1, StatusCode: "InternalServerError", Response: {"message":"Failed to delete existing PositionAccess","success":false}
2025-09-04 16:13:42.838 +08:00 [WRN] API request failed: position-access/update-all-access/1, StatusCode: "InternalServerError", Response: {"message":"Failed to delete existing PositionAccess","success":false}
2025-09-04 16:14:36.668 +08:00 [WRN] API request failed: users/61, StatusCode: "BadRequest", Response: {"message":"cannot bind request","success":false}
2025-09-04 16:14:55.766 +08:00 [WRN] API request failed: users/61, StatusCode: "BadRequest", Response: {"message":"cannot bind request","success":false}
2025-09-04 16:18:40.663 +08:00 [WRN] API request failed: users/61, StatusCode: "InternalServerError", Response: {"message":"failed deleting user","success":false}
2025-09-04 16:21:16.753 +08:00 [WRN] API request failed: users/61, StatusCode: "InternalServerError", Response: {"message":"failed deleting user","success":false}
2025-09-04 16:24:30.585 +08:00 [WRN] API request failed: users/61, StatusCode: "InternalServerError", Response: {"message":"failed deleting user","success":false}
2025-09-04 16:32:06.715 +08:00 [WRN] API request failed: users/61, StatusCode: "InternalServerError", Response: {"message":"failed deleting user","success":false}
2025-09-04 16:32:50.336 +08:00 [WRN] API request failed: users/61, StatusCode: "InternalServerError", Response: {"message":"failed deleting user","success":false}
2025-09-04 16:33:56.649 +08:00 [ERR] [ERROR] Loading position users: Column's SortMode cannot be set to Automatic while the DataGridView control's SelectionMode is set to FullColumnSelect.
2025-09-04 16:34:00.034 +08:00 [ERR] [ERROR] Loading position users: Column's SortMode cannot be set to Automatic while the DataGridView control's SelectionMode is set to FullColumnSelect.
2025-09-04 16:34:16.885 +08:00 [ERR] [ERROR] Loading position users: Column's SortMode cannot be set to Automatic while the DataGridView control's SelectionMode is set to FullColumnSelect.
2025-09-04 16:34:19.781 +08:00 [ERR] [ERROR] Loading position users: Column's SortMode cannot be set to Automatic while the DataGridView control's SelectionMode is set to FullColumnSelect.
2025-09-04 16:34:26.482 +08:00 [ERR] [ERROR] Loading position users: Column's SortMode cannot be set to Automatic while the DataGridView control's SelectionMode is set to FullColumnSelect.
2025-09-04 16:34:39.877 +08:00 [ERR] [ERROR] Loading position users: Column's SortMode cannot be set to Automatic while the DataGridView control's SelectionMode is set to FullColumnSelect.
2025-09-04 16:34:43.200 +08:00 [ERR] [ERROR] Loading position users: Column's SortMode cannot be set to Automatic while the DataGridView control's SelectionMode is set to FullColumnSelect.
2025-09-04 16:35:57.868 +08:00 [ERR] [ERROR] Loading position users: Column's SortMode cannot be set to Automatic while the DataGridView control's SelectionMode is set to FullColumnSelect.
2025-09-04 16:37:56.501 +08:00 [ERR] [ERROR] Loading position users: Column's SortMode cannot be set to Automatic while the DataGridView control's SelectionMode is set to FullColumnSelect.
2025-09-04 16:38:01.142 +08:00 [ERR] [ERROR] Loading position users: Column's SortMode cannot be set to Automatic while the DataGridView control's SelectionMode is set to FullColumnSelect.
2025-09-04 16:42:07.439 +08:00 [ERR] [ERROR] Loading position users: Column's SortMode cannot be set to Automatic while the DataGridView control's SelectionMode is set to FullColumnSelect.
2025-09-04 16:42:09.543 +08:00 [ERR] [ERROR] Loading position users: Column's SortMode cannot be set to Automatic while the DataGridView control's SelectionMode is set to FullColumnSelect.
2025-09-04 16:42:56.157 +08:00 [ERR] [ERROR] Loading position users: Column's SortMode cannot be set to Automatic while the DataGridView control's SelectionMode is set to FullColumnSelect.
2025-09-04 16:45:54.615 +08:00 [ERR] [ERROR] Loading position users: Column's SortMode cannot be set to Automatic while the DataGridView control's SelectionMode is set to FullColumnSelect.
2025-09-04 16:45:57.685 +08:00 [ERR] [ERROR] Loading position users: Column's SortMode cannot be set to Automatic while the DataGridView control's SelectionMode is set to FullColumnSelect.
2025-09-04 16:46:46.119 +08:00 [ERR] [ERROR] Loading position users: Column's SortMode cannot be set to Automatic while the DataGridView control's SelectionMode is set to FullColumnSelect.
2025-09-04 16:46:48.356 +08:00 [ERR] [ERROR] Loading position users: Column's SortMode cannot be set to Automatic while the DataGridView control's SelectionMode is set to FullColumnSelect.
2025-09-04 16:48:07.668 +08:00 [ERR] [ERROR] Loading position users: Column's SortMode cannot be set to Automatic while the DataGridView control's SelectionMode is set to FullColumnSelect.
2025-09-04 16:49:41.492 +08:00 [ERR] [ERROR] Loading position users: Column's SortMode cannot be set to Automatic while the DataGridView control's SelectionMode is set to FullColumnSelect.
2025-09-04 16:50:52.545 +08:00 [ERR] [ERROR] Loading position users: Column's SortMode cannot be set to Automatic while the DataGridView control's SelectionMode is set to FullColumnSelect.
2025-09-04 16:51:18.933 +08:00 [ERR] [ERROR] Loading position users: Column's SortMode cannot be set to Automatic while the DataGridView control's SelectionMode is set to FullColumnSelect.
2025-09-04 16:51:22.075 +08:00 [ERR] [ERROR] Loading position users: Column's SortMode cannot be set to Automatic while the DataGridView control's SelectionMode is set to FullColumnSelect.
2025-09-04 16:51:44.183 +08:00 [ERR] [ERROR] Loading position users: Column's SortMode cannot be set to Automatic while the DataGridView control's SelectionMode is set to FullColumnSelect.
2025-09-04 16:53:11.050 +08:00 [ERR] [ERROR] Loading position users: No row can be added to a DataGridView control that does not have columns. Columns must be added first.
2025-09-04 16:53:19.091 +08:00 [ERR] [ERROR] Loading position users: No row can be added to a DataGridView control that does not have columns. Columns must be added first.
2025-09-04 16:54:33.966 +08:00 [ERR] [ERROR] Loading position users: Column's SortMode cannot be set to Automatic while the DataGridView control's SelectionMode is set to FullColumnSelect.
2025-09-04 16:54:38.607 +08:00 [ERR] [ERROR] Loading position users: Column's SortMode cannot be set to Automatic while the DataGridView control's SelectionMode is set to FullColumnSelect.
2025-09-04 16:55:40.058 +08:00 [ERR] [ERROR] Loading position users: Column's SortMode cannot be set to Automatic while the DataGridView control's SelectionMode is set to FullColumnSelect.
2025-09-04 16:55:42.618 +08:00 [ERR] [ERROR] Loading position users: Column's SortMode cannot be set to Automatic while the DataGridView control's SelectionMode is set to FullColumnSelect.
2025-09-04 16:56:15.042 +08:00 [ERR] [ERROR] Loading position users: Column's SortMode cannot be set to Automatic while the DataGridView control's SelectionMode is set to FullColumnSelect.
2025-09-04 16:56:43.086 +08:00 [ERR] [ERROR] Loading position users: Column's SortMode cannot be set to Automatic while the DataGridView control's SelectionMode is set to FullColumnSelect.
