2025-09-24 08:55:54.763 +08:00 [ERR] Exception during API request: login
System.Net.Http.HttpRequestException: An error occurred while sending the request. ---> System.Net.WebException: Unable to connect to the remote server ---> System.Net.Sockets.SocketException: No connection could be made because the target machine actively refused it 127.0.0.1:3000
   at System.Net.Sockets.Socket.InternalEndConnect(IAsyncResult asyncResult)
   at System.Net.Sockets.Socket.EndConnect(IAsyncResult asyncResult)
   at System.Net.ServicePoint.ConnectSocketInternal(Boolean connectFailure, Socket s4, Socket s6, Socket& socket, IPAddress& address, ConnectSocketState state, IAsyncResult asyncResult, Exception& exception)
   --- End of inner exception stack trace ---
   at System.Net.HttpWebRequest.EndGetRequestStream(IAsyncResult asyncResult, TransportContext& context)
   at System.Net.Http.HttpClientHandler.GetRequestStreamCallback(IAsyncResult ar)
   --- End of inner exception stack trace ---
   at System.Runtime.CompilerServices.TaskAwaiter.ThrowForNonSuccess(Task task)
   at System.Runtime.CompilerServices.TaskAwaiter.HandleNonSuccessAndDebuggerNotification(Task task)
   at System.Runtime.CompilerServices.TaskAwaiter`1.GetResult()
   at smpc_admin.Utils.HttpClientHelper.<SendRequestAsync>d__7`1.MoveNext() in D:\IGIE\ERP\smpc_admin\Utils\HttpClientHelper.cs:line 56
2025-09-24 08:57:08.132 +08:00 [ERR] Exception during API request: login
System.Net.Http.HttpRequestException: An error occurred while sending the request. ---> System.Net.WebException: Unable to connect to the remote server ---> System.Net.Sockets.SocketException: No connection could be made because the target machine actively refused it 127.0.0.1:3000
   at System.Net.Sockets.Socket.InternalEndConnect(IAsyncResult asyncResult)
   at System.Net.Sockets.Socket.EndConnect(IAsyncResult asyncResult)
   at System.Net.ServicePoint.ConnectSocketInternal(Boolean connectFailure, Socket s4, Socket s6, Socket& socket, IPAddress& address, ConnectSocketState state, IAsyncResult asyncResult, Exception& exception)
   --- End of inner exception stack trace ---
   at System.Net.HttpWebRequest.EndGetRequestStream(IAsyncResult asyncResult, TransportContext& context)
   at System.Net.Http.HttpClientHandler.GetRequestStreamCallback(IAsyncResult ar)
   --- End of inner exception stack trace ---
   at System.Runtime.CompilerServices.TaskAwaiter.ThrowForNonSuccess(Task task)
   at System.Runtime.CompilerServices.TaskAwaiter.HandleNonSuccessAndDebuggerNotification(Task task)
   at System.Runtime.CompilerServices.TaskAwaiter`1.GetResult()
   at smpc_admin.Utils.HttpClientHelper.<SendRequestAsync>d__7`1.MoveNext() in D:\IGIE\ERP\smpc_admin\Utils\HttpClientHelper.cs:line 56
2025-09-24 09:02:48.136 +08:00 [WRN] API request failed: user-permissions/8, StatusCode: "NotFound", Response: Cannot GET /api/user-permissions/8
2025-09-24 09:02:48.195 +08:00 [ERR] Exception during API request: user-permissions/8
Newtonsoft.Json.JsonReaderException: Unexpected character encountered while parsing value: C. Path '', line 0, position 0.
   at Newtonsoft.Json.JsonTextReader.ParseValue()
   at Newtonsoft.Json.JsonTextReader.Read()
   at Newtonsoft.Json.JsonReader.ReadForType(JsonContract contract, Boolean hasConverter)
   at Newtonsoft.Json.Serialization.JsonSerializerInternalReader.Deserialize(JsonReader reader, Type objectType, Boolean checkAdditionalContent)
   at Newtonsoft.Json.JsonSerializer.DeserializeInternal(JsonReader reader, Type objectType)
   at Newtonsoft.Json.JsonConvert.DeserializeObject(String value, Type type, JsonSerializerSettings settings)
   at Newtonsoft.Json.JsonConvert.DeserializeObject[T](String value, JsonSerializerSettings settings)
   at Newtonsoft.Json.JsonConvert.DeserializeObject[T](String value)
   at smpc_admin.Utils.HttpClientHelper.<SendRequestAsync>d__7`1.MoveNext() in D:\IGIE\ERP\smpc_admin\Utils\HttpClientHelper.cs:line 76
2025-09-24 09:19:59.010 +08:00 [WRN] API request failed: user-permissions/8, StatusCode: "NotFound", Response: Cannot GET /api/user-permissions/8
2025-09-24 09:19:59.060 +08:00 [ERR] Exception during API request: user-permissions/8
Newtonsoft.Json.JsonReaderException: Unexpected character encountered while parsing value: C. Path '', line 0, position 0.
   at Newtonsoft.Json.JsonTextReader.ParseValue()
   at Newtonsoft.Json.JsonTextReader.Read()
   at Newtonsoft.Json.JsonReader.ReadForType(JsonContract contract, Boolean hasConverter)
   at Newtonsoft.Json.Serialization.JsonSerializerInternalReader.Deserialize(JsonReader reader, Type objectType, Boolean checkAdditionalContent)
   at Newtonsoft.Json.JsonSerializer.DeserializeInternal(JsonReader reader, Type objectType)
   at Newtonsoft.Json.JsonConvert.DeserializeObject(String value, Type type, JsonSerializerSettings settings)
   at Newtonsoft.Json.JsonConvert.DeserializeObject[T](String value, JsonSerializerSettings settings)
   at Newtonsoft.Json.JsonConvert.DeserializeObject[T](String value)
   at smpc_admin.Utils.HttpClientHelper.<SendRequestAsync>d__7`1.MoveNext() in D:\IGIE\ERP\smpc_admin\Utils\HttpClientHelper.cs:line 76
2025-09-24 09:52:26.383 +08:00 [WRN] API request failed: user-permissions/8, StatusCode: "NotFound", Response: Cannot GET /api/user-permissions/8
2025-09-24 09:52:26.443 +08:00 [ERR] Exception during API request: user-permissions/8
Newtonsoft.Json.JsonReaderException: Unexpected character encountered while parsing value: C. Path '', line 0, position 0.
   at Newtonsoft.Json.JsonTextReader.ParseValue()
   at Newtonsoft.Json.JsonTextReader.Read()
   at Newtonsoft.Json.JsonReader.ReadForType(JsonContract contract, Boolean hasConverter)
   at Newtonsoft.Json.Serialization.JsonSerializerInternalReader.Deserialize(JsonReader reader, Type objectType, Boolean checkAdditionalContent)
   at Newtonsoft.Json.JsonSerializer.DeserializeInternal(JsonReader reader, Type objectType)
   at Newtonsoft.Json.JsonConvert.DeserializeObject(String value, Type type, JsonSerializerSettings settings)
   at Newtonsoft.Json.JsonConvert.DeserializeObject[T](String value, JsonSerializerSettings settings)
   at Newtonsoft.Json.JsonConvert.DeserializeObject[T](String value)
   at smpc_admin.Utils.HttpClientHelper.<SendRequestAsync>d__7`1.MoveNext() in D:\IGIE\ERP\smpc_admin\Utils\HttpClientHelper.cs:line 76
2025-09-24 09:52:58.822 +08:00 [WRN] API request failed: user-permissions/8, StatusCode: "NotFound", Response: Cannot GET /api/user-permissions/8
2025-09-24 09:52:58.875 +08:00 [ERR] Exception during API request: user-permissions/8
Newtonsoft.Json.JsonReaderException: Unexpected character encountered while parsing value: C. Path '', line 0, position 0.
   at Newtonsoft.Json.JsonTextReader.ParseValue()
   at Newtonsoft.Json.JsonTextReader.Read()
   at Newtonsoft.Json.JsonReader.ReadForType(JsonContract contract, Boolean hasConverter)
   at Newtonsoft.Json.Serialization.JsonSerializerInternalReader.Deserialize(JsonReader reader, Type objectType, Boolean checkAdditionalContent)
   at Newtonsoft.Json.JsonSerializer.DeserializeInternal(JsonReader reader, Type objectType)
   at Newtonsoft.Json.JsonConvert.DeserializeObject(String value, Type type, JsonSerializerSettings settings)
   at Newtonsoft.Json.JsonConvert.DeserializeObject[T](String value, JsonSerializerSettings settings)
   at Newtonsoft.Json.JsonConvert.DeserializeObject[T](String value)
   at smpc_admin.Utils.HttpClientHelper.<SendRequestAsync>d__7`1.MoveNext() in D:\IGIE\ERP\smpc_admin\Utils\HttpClientHelper.cs:line 76
2025-09-24 10:18:13.981 +08:00 [WRN] API request failed: user-permissions/8, StatusCode: "NotFound", Response: Cannot GET /api/user-permissions/8
2025-09-24 10:18:14.036 +08:00 [ERR] Exception during API request: user-permissions/8
Newtonsoft.Json.JsonReaderException: Unexpected character encountered while parsing value: C. Path '', line 0, position 0.
   at Newtonsoft.Json.JsonTextReader.ParseValue()
   at Newtonsoft.Json.JsonTextReader.Read()
   at Newtonsoft.Json.JsonReader.ReadForType(JsonContract contract, Boolean hasConverter)
   at Newtonsoft.Json.Serialization.JsonSerializerInternalReader.Deserialize(JsonReader reader, Type objectType, Boolean checkAdditionalContent)
   at Newtonsoft.Json.JsonSerializer.DeserializeInternal(JsonReader reader, Type objectType)
   at Newtonsoft.Json.JsonConvert.DeserializeObject(String value, Type type, JsonSerializerSettings settings)
   at Newtonsoft.Json.JsonConvert.DeserializeObject[T](String value, JsonSerializerSettings settings)
   at Newtonsoft.Json.JsonConvert.DeserializeObject[T](String value)
   at smpc_admin.Utils.HttpClientHelper.<SendRequestAsync>d__7`1.MoveNext() in D:\IGIE\ERP\smpc_admin\Utils\HttpClientHelper.cs:line 76
2025-09-24 10:24:50.458 +08:00 [WRN] API request failed: user-permissions/8, StatusCode: "NotFound", Response: Cannot GET /api/user-permissions/8
2025-09-24 10:24:50.510 +08:00 [ERR] Exception during API request: user-permissions/8
Newtonsoft.Json.JsonReaderException: Unexpected character encountered while parsing value: C. Path '', line 0, position 0.
   at Newtonsoft.Json.JsonTextReader.ParseValue()
   at Newtonsoft.Json.JsonTextReader.Read()
   at Newtonsoft.Json.JsonReader.ReadForType(JsonContract contract, Boolean hasConverter)
   at Newtonsoft.Json.Serialization.JsonSerializerInternalReader.Deserialize(JsonReader reader, Type objectType, Boolean checkAdditionalContent)
   at Newtonsoft.Json.JsonSerializer.DeserializeInternal(JsonReader reader, Type objectType)
   at Newtonsoft.Json.JsonConvert.DeserializeObject(String value, Type type, JsonSerializerSettings settings)
   at Newtonsoft.Json.JsonConvert.DeserializeObject[T](String value, JsonSerializerSettings settings)
   at Newtonsoft.Json.JsonConvert.DeserializeObject[T](String value)
   at smpc_admin.Utils.HttpClientHelper.<SendRequestAsync>d__7`1.MoveNext() in D:\IGIE\ERP\smpc_admin\Utils\HttpClientHelper.cs:line 76
2025-09-24 10:26:27.711 +08:00 [WRN] API request failed: user-permissions/8, StatusCode: "NotFound", Response: Cannot GET /api/user-permissions/8
2025-09-24 10:26:27.766 +08:00 [ERR] Exception during API request: user-permissions/8
Newtonsoft.Json.JsonReaderException: Unexpected character encountered while parsing value: C. Path '', line 0, position 0.
   at Newtonsoft.Json.JsonTextReader.ParseValue()
   at Newtonsoft.Json.JsonTextReader.Read()
   at Newtonsoft.Json.JsonReader.ReadForType(JsonContract contract, Boolean hasConverter)
   at Newtonsoft.Json.Serialization.JsonSerializerInternalReader.Deserialize(JsonReader reader, Type objectType, Boolean checkAdditionalContent)
   at Newtonsoft.Json.JsonSerializer.DeserializeInternal(JsonReader reader, Type objectType)
   at Newtonsoft.Json.JsonConvert.DeserializeObject(String value, Type type, JsonSerializerSettings settings)
   at Newtonsoft.Json.JsonConvert.DeserializeObject[T](String value, JsonSerializerSettings settings)
   at Newtonsoft.Json.JsonConvert.DeserializeObject[T](String value)
   at smpc_admin.Utils.HttpClientHelper.<SendRequestAsync>d__7`1.MoveNext() in D:\IGIE\ERP\smpc_admin\Utils\HttpClientHelper.cs:line 76
2025-09-24 10:34:42.766 +08:00 [WRN] API request failed: user-permissions/8, StatusCode: "NotFound", Response: Cannot GET /api/user-permissions/8
2025-09-24 10:34:42.823 +08:00 [ERR] Exception during API request: user-permissions/8
Newtonsoft.Json.JsonReaderException: Unexpected character encountered while parsing value: C. Path '', line 0, position 0.
   at Newtonsoft.Json.JsonTextReader.ParseValue()
   at Newtonsoft.Json.JsonTextReader.Read()
   at Newtonsoft.Json.JsonReader.ReadForType(JsonContract contract, Boolean hasConverter)
   at Newtonsoft.Json.Serialization.JsonSerializerInternalReader.Deserialize(JsonReader reader, Type objectType, Boolean checkAdditionalContent)
   at Newtonsoft.Json.JsonSerializer.DeserializeInternal(JsonReader reader, Type objectType)
   at Newtonsoft.Json.JsonConvert.DeserializeObject(String value, Type type, JsonSerializerSettings settings)
   at Newtonsoft.Json.JsonConvert.DeserializeObject[T](String value, JsonSerializerSettings settings)
   at Newtonsoft.Json.JsonConvert.DeserializeObject[T](String value)
   at smpc_admin.Utils.HttpClientHelper.<SendRequestAsync>d__7`1.MoveNext() in D:\IGIE\ERP\smpc_admin\Utils\HttpClientHelper.cs:line 76
2025-09-24 10:36:18.351 +08:00 [WRN] API request failed: user-permissions/8, StatusCode: "NotFound", Response: Cannot GET /api/user-permissions/8
2025-09-24 10:36:18.406 +08:00 [ERR] Exception during API request: user-permissions/8
Newtonsoft.Json.JsonReaderException: Unexpected character encountered while parsing value: C. Path '', line 0, position 0.
   at Newtonsoft.Json.JsonTextReader.ParseValue()
   at Newtonsoft.Json.JsonTextReader.Read()
   at Newtonsoft.Json.JsonReader.ReadForType(JsonContract contract, Boolean hasConverter)
   at Newtonsoft.Json.Serialization.JsonSerializerInternalReader.Deserialize(JsonReader reader, Type objectType, Boolean checkAdditionalContent)
   at Newtonsoft.Json.JsonSerializer.DeserializeInternal(JsonReader reader, Type objectType)
   at Newtonsoft.Json.JsonConvert.DeserializeObject(String value, Type type, JsonSerializerSettings settings)
   at Newtonsoft.Json.JsonConvert.DeserializeObject[T](String value, JsonSerializerSettings settings)
   at Newtonsoft.Json.JsonConvert.DeserializeObject[T](String value)
   at smpc_admin.Utils.HttpClientHelper.<SendRequestAsync>d__7`1.MoveNext() in D:\IGIE\ERP\smpc_admin\Utils\HttpClientHelper.cs:line 76
2025-09-24 10:41:38.522 +08:00 [WRN] API request failed: user-permissions/8, StatusCode: "NotFound", Response: Cannot GET /api/user-permissions/8
2025-09-24 10:41:38.585 +08:00 [ERR] Exception during API request: user-permissions/8
Newtonsoft.Json.JsonReaderException: Unexpected character encountered while parsing value: C. Path '', line 0, position 0.
   at Newtonsoft.Json.JsonTextReader.ParseValue()
   at Newtonsoft.Json.JsonTextReader.Read()
   at Newtonsoft.Json.JsonReader.ReadForType(JsonContract contract, Boolean hasConverter)
   at Newtonsoft.Json.Serialization.JsonSerializerInternalReader.Deserialize(JsonReader reader, Type objectType, Boolean checkAdditionalContent)
   at Newtonsoft.Json.JsonSerializer.DeserializeInternal(JsonReader reader, Type objectType)
   at Newtonsoft.Json.JsonConvert.DeserializeObject(String value, Type type, JsonSerializerSettings settings)
   at Newtonsoft.Json.JsonConvert.DeserializeObject[T](String value, JsonSerializerSettings settings)
   at Newtonsoft.Json.JsonConvert.DeserializeObject[T](String value)
   at smpc_admin.Utils.HttpClientHelper.<SendRequestAsync>d__7`1.MoveNext() in D:\IGIE\ERP\smpc_admin\Utils\HttpClientHelper.cs:line 76
2025-09-24 10:44:15.815 +08:00 [WRN] API request failed: user-permissions/8, StatusCode: "NotFound", Response: Cannot GET /api/user-permissions/8
2025-09-24 10:44:15.867 +08:00 [ERR] Exception during API request: user-permissions/8
Newtonsoft.Json.JsonReaderException: Unexpected character encountered while parsing value: C. Path '', line 0, position 0.
   at Newtonsoft.Json.JsonTextReader.ParseValue()
   at Newtonsoft.Json.JsonTextReader.Read()
   at Newtonsoft.Json.JsonReader.ReadForType(JsonContract contract, Boolean hasConverter)
   at Newtonsoft.Json.Serialization.JsonSerializerInternalReader.Deserialize(JsonReader reader, Type objectType, Boolean checkAdditionalContent)
   at Newtonsoft.Json.JsonSerializer.DeserializeInternal(JsonReader reader, Type objectType)
   at Newtonsoft.Json.JsonConvert.DeserializeObject(String value, Type type, JsonSerializerSettings settings)
   at Newtonsoft.Json.JsonConvert.DeserializeObject[T](String value, JsonSerializerSettings settings)
   at Newtonsoft.Json.JsonConvert.DeserializeObject[T](String value)
   at smpc_admin.Utils.HttpClientHelper.<SendRequestAsync>d__7`1.MoveNext() in D:\IGIE\ERP\smpc_admin\Utils\HttpClientHelper.cs:line 76
2025-09-24 10:45:59.306 +08:00 [WRN] API request failed: user-permissions/8, StatusCode: "NotFound", Response: Cannot GET /api/user-permissions/8
2025-09-24 10:45:59.363 +08:00 [ERR] Exception during API request: user-permissions/8
Newtonsoft.Json.JsonReaderException: Unexpected character encountered while parsing value: C. Path '', line 0, position 0.
   at Newtonsoft.Json.JsonTextReader.ParseValue()
   at Newtonsoft.Json.JsonTextReader.Read()
   at Newtonsoft.Json.JsonReader.ReadForType(JsonContract contract, Boolean hasConverter)
   at Newtonsoft.Json.Serialization.JsonSerializerInternalReader.Deserialize(JsonReader reader, Type objectType, Boolean checkAdditionalContent)
   at Newtonsoft.Json.JsonSerializer.DeserializeInternal(JsonReader reader, Type objectType)
   at Newtonsoft.Json.JsonConvert.DeserializeObject(String value, Type type, JsonSerializerSettings settings)
   at Newtonsoft.Json.JsonConvert.DeserializeObject[T](String value, JsonSerializerSettings settings)
   at Newtonsoft.Json.JsonConvert.DeserializeObject[T](String value)
   at smpc_admin.Utils.HttpClientHelper.<SendRequestAsync>d__7`1.MoveNext() in D:\IGIE\ERP\smpc_admin\Utils\HttpClientHelper.cs:line 76
2025-09-24 10:57:24.982 +08:00 [WRN] API request failed: user-permissions/8, StatusCode: "NotFound", Response: Cannot GET /api/user-permissions/8
2025-09-24 10:57:25.035 +08:00 [ERR] Exception during API request: user-permissions/8
Newtonsoft.Json.JsonReaderException: Unexpected character encountered while parsing value: C. Path '', line 0, position 0.
   at Newtonsoft.Json.JsonTextReader.ParseValue()
   at Newtonsoft.Json.JsonTextReader.Read()
   at Newtonsoft.Json.JsonReader.ReadForType(JsonContract contract, Boolean hasConverter)
   at Newtonsoft.Json.Serialization.JsonSerializerInternalReader.Deserialize(JsonReader reader, Type objectType, Boolean checkAdditionalContent)
   at Newtonsoft.Json.JsonSerializer.DeserializeInternal(JsonReader reader, Type objectType)
   at Newtonsoft.Json.JsonConvert.DeserializeObject(String value, Type type, JsonSerializerSettings settings)
   at Newtonsoft.Json.JsonConvert.DeserializeObject[T](String value, JsonSerializerSettings settings)
   at Newtonsoft.Json.JsonConvert.DeserializeObject[T](String value)
   at smpc_admin.Utils.HttpClientHelper.<SendRequestAsync>d__7`1.MoveNext() in D:\IGIE\ERP\smpc_admin\Utils\HttpClientHelper.cs:line 76
2025-09-24 10:57:41.174 +08:00 [WRN] API request failed: user-permissions/8, StatusCode: "NotFound", Response: Cannot GET /api/user-permissions/8
2025-09-24 10:57:41.231 +08:00 [ERR] Exception during API request: user-permissions/8
Newtonsoft.Json.JsonReaderException: Unexpected character encountered while parsing value: C. Path '', line 0, position 0.
   at Newtonsoft.Json.JsonTextReader.ParseValue()
   at Newtonsoft.Json.JsonTextReader.Read()
   at Newtonsoft.Json.JsonReader.ReadForType(JsonContract contract, Boolean hasConverter)
   at Newtonsoft.Json.Serialization.JsonSerializerInternalReader.Deserialize(JsonReader reader, Type objectType, Boolean checkAdditionalContent)
   at Newtonsoft.Json.JsonSerializer.DeserializeInternal(JsonReader reader, Type objectType)
   at Newtonsoft.Json.JsonConvert.DeserializeObject(String value, Type type, JsonSerializerSettings settings)
   at Newtonsoft.Json.JsonConvert.DeserializeObject[T](String value, JsonSerializerSettings settings)
   at Newtonsoft.Json.JsonConvert.DeserializeObject[T](String value)
   at smpc_admin.Utils.HttpClientHelper.<SendRequestAsync>d__7`1.MoveNext() in D:\IGIE\ERP\smpc_admin\Utils\HttpClientHelper.cs:line 76
2025-09-24 10:58:43.398 +08:00 [WRN] API request failed: user-permissions/8, StatusCode: "NotFound", Response: Cannot GET /api/user-permissions/8
2025-09-24 10:58:43.451 +08:00 [ERR] Exception during API request: user-permissions/8
Newtonsoft.Json.JsonReaderException: Unexpected character encountered while parsing value: C. Path '', line 0, position 0.
   at Newtonsoft.Json.JsonTextReader.ParseValue()
   at Newtonsoft.Json.JsonTextReader.Read()
   at Newtonsoft.Json.JsonReader.ReadForType(JsonContract contract, Boolean hasConverter)
   at Newtonsoft.Json.Serialization.JsonSerializerInternalReader.Deserialize(JsonReader reader, Type objectType, Boolean checkAdditionalContent)
   at Newtonsoft.Json.JsonSerializer.DeserializeInternal(JsonReader reader, Type objectType)
   at Newtonsoft.Json.JsonConvert.DeserializeObject(String value, Type type, JsonSerializerSettings settings)
   at Newtonsoft.Json.JsonConvert.DeserializeObject[T](String value, JsonSerializerSettings settings)
   at Newtonsoft.Json.JsonConvert.DeserializeObject[T](String value)
   at smpc_admin.Utils.HttpClientHelper.<SendRequestAsync>d__7`1.MoveNext() in D:\IGIE\ERP\smpc_admin\Utils\HttpClientHelper.cs:line 76
2025-09-24 10:59:03.016 +08:00 [WRN] API request failed: user-permissions/8, StatusCode: "NotFound", Response: Cannot GET /api/user-permissions/8
2025-09-24 10:59:03.069 +08:00 [ERR] Exception during API request: user-permissions/8
Newtonsoft.Json.JsonReaderException: Unexpected character encountered while parsing value: C. Path '', line 0, position 0.
   at Newtonsoft.Json.JsonTextReader.ParseValue()
   at Newtonsoft.Json.JsonTextReader.Read()
   at Newtonsoft.Json.JsonReader.ReadForType(JsonContract contract, Boolean hasConverter)
   at Newtonsoft.Json.Serialization.JsonSerializerInternalReader.Deserialize(JsonReader reader, Type objectType, Boolean checkAdditionalContent)
   at Newtonsoft.Json.JsonSerializer.DeserializeInternal(JsonReader reader, Type objectType)
   at Newtonsoft.Json.JsonConvert.DeserializeObject(String value, Type type, JsonSerializerSettings settings)
   at Newtonsoft.Json.JsonConvert.DeserializeObject[T](String value, JsonSerializerSettings settings)
   at Newtonsoft.Json.JsonConvert.DeserializeObject[T](String value)
   at smpc_admin.Utils.HttpClientHelper.<SendRequestAsync>d__7`1.MoveNext() in D:\IGIE\ERP\smpc_admin\Utils\HttpClientHelper.cs:line 76
2025-09-24 10:59:50.070 +08:00 [WRN] API request failed: user-permissions/8, StatusCode: "NotFound", Response: Cannot GET /api/user-permissions/8
2025-09-24 10:59:50.125 +08:00 [ERR] Exception during API request: user-permissions/8
Newtonsoft.Json.JsonReaderException: Unexpected character encountered while parsing value: C. Path '', line 0, position 0.
   at Newtonsoft.Json.JsonTextReader.ParseValue()
   at Newtonsoft.Json.JsonTextReader.Read()
   at Newtonsoft.Json.JsonReader.ReadForType(JsonContract contract, Boolean hasConverter)
   at Newtonsoft.Json.Serialization.JsonSerializerInternalReader.Deserialize(JsonReader reader, Type objectType, Boolean checkAdditionalContent)
   at Newtonsoft.Json.JsonSerializer.DeserializeInternal(JsonReader reader, Type objectType)
   at Newtonsoft.Json.JsonConvert.DeserializeObject(String value, Type type, JsonSerializerSettings settings)
   at Newtonsoft.Json.JsonConvert.DeserializeObject[T](String value, JsonSerializerSettings settings)
   at Newtonsoft.Json.JsonConvert.DeserializeObject[T](String value)
   at smpc_admin.Utils.HttpClientHelper.<SendRequestAsync>d__7`1.MoveNext() in D:\IGIE\ERP\smpc_admin\Utils\HttpClientHelper.cs:line 76
2025-09-24 13:28:13.910 +08:00 [WRN] API request failed: user-permissions/8, StatusCode: "NotFound", Response: Cannot GET /api/user-permissions/8
2025-09-24 13:28:13.969 +08:00 [ERR] Exception during API request: user-permissions/8
Newtonsoft.Json.JsonReaderException: Unexpected character encountered while parsing value: C. Path '', line 0, position 0.
   at Newtonsoft.Json.JsonTextReader.ParseValue()
   at Newtonsoft.Json.JsonTextReader.Read()
   at Newtonsoft.Json.JsonReader.ReadForType(JsonContract contract, Boolean hasConverter)
   at Newtonsoft.Json.Serialization.JsonSerializerInternalReader.Deserialize(JsonReader reader, Type objectType, Boolean checkAdditionalContent)
   at Newtonsoft.Json.JsonSerializer.DeserializeInternal(JsonReader reader, Type objectType)
   at Newtonsoft.Json.JsonConvert.DeserializeObject(String value, Type type, JsonSerializerSettings settings)
   at Newtonsoft.Json.JsonConvert.DeserializeObject[T](String value, JsonSerializerSettings settings)
   at Newtonsoft.Json.JsonConvert.DeserializeObject[T](String value)
   at smpc_admin.Utils.HttpClientHelper.<SendRequestAsync>d__7`1.MoveNext() in D:\IGIE\ERP\smpc_admin\Utils\HttpClientHelper.cs:line 76
2025-09-24 13:30:15.740 +08:00 [WRN] API request failed: user-permissions/8, StatusCode: "NotFound", Response: Cannot GET /api/user-permissions/8
2025-09-24 13:30:15.797 +08:00 [ERR] Exception during API request: user-permissions/8
Newtonsoft.Json.JsonReaderException: Unexpected character encountered while parsing value: C. Path '', line 0, position 0.
   at Newtonsoft.Json.JsonTextReader.ParseValue()
   at Newtonsoft.Json.JsonTextReader.Read()
   at Newtonsoft.Json.JsonReader.ReadForType(JsonContract contract, Boolean hasConverter)
   at Newtonsoft.Json.Serialization.JsonSerializerInternalReader.Deserialize(JsonReader reader, Type objectType, Boolean checkAdditionalContent)
   at Newtonsoft.Json.JsonSerializer.DeserializeInternal(JsonReader reader, Type objectType)
   at Newtonsoft.Json.JsonConvert.DeserializeObject(String value, Type type, JsonSerializerSettings settings)
   at Newtonsoft.Json.JsonConvert.DeserializeObject[T](String value, JsonSerializerSettings settings)
   at Newtonsoft.Json.JsonConvert.DeserializeObject[T](String value)
   at smpc_admin.Utils.HttpClientHelper.<SendRequestAsync>d__7`1.MoveNext() in D:\IGIE\ERP\smpc_admin\Utils\HttpClientHelper.cs:line 76
2025-09-24 13:37:28.043 +08:00 [WRN] API request failed: user-permissions/8, StatusCode: "NotFound", Response: Cannot GET /api/user-permissions/8
2025-09-24 13:37:28.094 +08:00 [ERR] Exception during API request: user-permissions/8
Newtonsoft.Json.JsonReaderException: Unexpected character encountered while parsing value: C. Path '', line 0, position 0.
   at Newtonsoft.Json.JsonTextReader.ParseValue()
   at Newtonsoft.Json.JsonTextReader.Read()
   at Newtonsoft.Json.JsonReader.ReadForType(JsonContract contract, Boolean hasConverter)
   at Newtonsoft.Json.Serialization.JsonSerializerInternalReader.Deserialize(JsonReader reader, Type objectType, Boolean checkAdditionalContent)
   at Newtonsoft.Json.JsonSerializer.DeserializeInternal(JsonReader reader, Type objectType)
   at Newtonsoft.Json.JsonConvert.DeserializeObject(String value, Type type, JsonSerializerSettings settings)
   at Newtonsoft.Json.JsonConvert.DeserializeObject[T](String value, JsonSerializerSettings settings)
   at Newtonsoft.Json.JsonConvert.DeserializeObject[T](String value)
   at smpc_admin.Utils.HttpClientHelper.<SendRequestAsync>d__7`1.MoveNext() in D:\IGIE\ERP\smpc_admin\Utils\HttpClientHelper.cs:line 76
2025-09-24 13:38:44.288 +08:00 [WRN] API request failed: user-permissions/8, StatusCode: "NotFound", Response: Cannot GET /api/user-permissions/8
2025-09-24 13:38:44.339 +08:00 [ERR] Exception during API request: user-permissions/8
Newtonsoft.Json.JsonReaderException: Unexpected character encountered while parsing value: C. Path '', line 0, position 0.
   at Newtonsoft.Json.JsonTextReader.ParseValue()
   at Newtonsoft.Json.JsonTextReader.Read()
   at Newtonsoft.Json.JsonReader.ReadForType(JsonContract contract, Boolean hasConverter)
   at Newtonsoft.Json.Serialization.JsonSerializerInternalReader.Deserialize(JsonReader reader, Type objectType, Boolean checkAdditionalContent)
   at Newtonsoft.Json.JsonSerializer.DeserializeInternal(JsonReader reader, Type objectType)
   at Newtonsoft.Json.JsonConvert.DeserializeObject(String value, Type type, JsonSerializerSettings settings)
   at Newtonsoft.Json.JsonConvert.DeserializeObject[T](String value, JsonSerializerSettings settings)
   at Newtonsoft.Json.JsonConvert.DeserializeObject[T](String value)
   at smpc_admin.Utils.HttpClientHelper.<SendRequestAsync>d__7`1.MoveNext() in D:\IGIE\ERP\smpc_admin\Utils\HttpClientHelper.cs:line 76
2025-09-24 13:39:42.296 +08:00 [WRN] API request failed: user-permissions/8, StatusCode: "NotFound", Response: Cannot GET /api/user-permissions/8
2025-09-24 13:39:42.350 +08:00 [ERR] Exception during API request: user-permissions/8
Newtonsoft.Json.JsonReaderException: Unexpected character encountered while parsing value: C. Path '', line 0, position 0.
   at Newtonsoft.Json.JsonTextReader.ParseValue()
   at Newtonsoft.Json.JsonTextReader.Read()
   at Newtonsoft.Json.JsonReader.ReadForType(JsonContract contract, Boolean hasConverter)
   at Newtonsoft.Json.Serialization.JsonSerializerInternalReader.Deserialize(JsonReader reader, Type objectType, Boolean checkAdditionalContent)
   at Newtonsoft.Json.JsonSerializer.DeserializeInternal(JsonReader reader, Type objectType)
   at Newtonsoft.Json.JsonConvert.DeserializeObject(String value, Type type, JsonSerializerSettings settings)
   at Newtonsoft.Json.JsonConvert.DeserializeObject[T](String value, JsonSerializerSettings settings)
   at Newtonsoft.Json.JsonConvert.DeserializeObject[T](String value)
   at smpc_admin.Utils.HttpClientHelper.<SendRequestAsync>d__7`1.MoveNext() in D:\IGIE\ERP\smpc_admin\Utils\HttpClientHelper.cs:line 76
2025-09-24 13:41:50.231 +08:00 [WRN] API request failed: user-permissions/8, StatusCode: "NotFound", Response: Cannot GET /api/user-permissions/8
2025-09-24 13:41:50.285 +08:00 [ERR] Exception during API request: user-permissions/8
Newtonsoft.Json.JsonReaderException: Unexpected character encountered while parsing value: C. Path '', line 0, position 0.
   at Newtonsoft.Json.JsonTextReader.ParseValue()
   at Newtonsoft.Json.JsonTextReader.Read()
   at Newtonsoft.Json.JsonReader.ReadForType(JsonContract contract, Boolean hasConverter)
   at Newtonsoft.Json.Serialization.JsonSerializerInternalReader.Deserialize(JsonReader reader, Type objectType, Boolean checkAdditionalContent)
   at Newtonsoft.Json.JsonSerializer.DeserializeInternal(JsonReader reader, Type objectType)
   at Newtonsoft.Json.JsonConvert.DeserializeObject(String value, Type type, JsonSerializerSettings settings)
   at Newtonsoft.Json.JsonConvert.DeserializeObject[T](String value, JsonSerializerSettings settings)
   at Newtonsoft.Json.JsonConvert.DeserializeObject[T](String value)
   at smpc_admin.Utils.HttpClientHelper.<SendRequestAsync>d__7`1.MoveNext() in D:\IGIE\ERP\smpc_admin\Utils\HttpClientHelper.cs:line 76
2025-09-24 13:43:23.495 +08:00 [WRN] API request failed: user-permissions/8, StatusCode: "NotFound", Response: Cannot GET /api/user-permissions/8
2025-09-24 13:43:23.551 +08:00 [ERR] Exception during API request: user-permissions/8
Newtonsoft.Json.JsonReaderException: Unexpected character encountered while parsing value: C. Path '', line 0, position 0.
   at Newtonsoft.Json.JsonTextReader.ParseValue()
   at Newtonsoft.Json.JsonTextReader.Read()
   at Newtonsoft.Json.JsonReader.ReadForType(JsonContract contract, Boolean hasConverter)
   at Newtonsoft.Json.Serialization.JsonSerializerInternalReader.Deserialize(JsonReader reader, Type objectType, Boolean checkAdditionalContent)
   at Newtonsoft.Json.JsonSerializer.DeserializeInternal(JsonReader reader, Type objectType)
   at Newtonsoft.Json.JsonConvert.DeserializeObject(String value, Type type, JsonSerializerSettings settings)
   at Newtonsoft.Json.JsonConvert.DeserializeObject[T](String value, JsonSerializerSettings settings)
   at Newtonsoft.Json.JsonConvert.DeserializeObject[T](String value)
   at smpc_admin.Utils.HttpClientHelper.<SendRequestAsync>d__7`1.MoveNext() in D:\IGIE\ERP\smpc_admin\Utils\HttpClientHelper.cs:line 76
2025-09-24 13:45:13.668 +08:00 [WRN] API request failed: user-permissions/8, StatusCode: "NotFound", Response: Cannot GET /api/user-permissions/8
2025-09-24 13:45:13.722 +08:00 [ERR] Exception during API request: user-permissions/8
Newtonsoft.Json.JsonReaderException: Unexpected character encountered while parsing value: C. Path '', line 0, position 0.
   at Newtonsoft.Json.JsonTextReader.ParseValue()
   at Newtonsoft.Json.JsonTextReader.Read()
   at Newtonsoft.Json.JsonReader.ReadForType(JsonContract contract, Boolean hasConverter)
   at Newtonsoft.Json.Serialization.JsonSerializerInternalReader.Deserialize(JsonReader reader, Type objectType, Boolean checkAdditionalContent)
   at Newtonsoft.Json.JsonSerializer.DeserializeInternal(JsonReader reader, Type objectType)
   at Newtonsoft.Json.JsonConvert.DeserializeObject(String value, Type type, JsonSerializerSettings settings)
   at Newtonsoft.Json.JsonConvert.DeserializeObject[T](String value, JsonSerializerSettings settings)
   at Newtonsoft.Json.JsonConvert.DeserializeObject[T](String value)
   at smpc_admin.Utils.HttpClientHelper.<SendRequestAsync>d__7`1.MoveNext() in D:\IGIE\ERP\smpc_admin\Utils\HttpClientHelper.cs:line 76
2025-09-24 13:47:50.583 +08:00 [WRN] API request failed: user-permissions/8, StatusCode: "NotFound", Response: Cannot GET /api/user-permissions/8
2025-09-24 13:47:50.637 +08:00 [ERR] Exception during API request: user-permissions/8
Newtonsoft.Json.JsonReaderException: Unexpected character encountered while parsing value: C. Path '', line 0, position 0.
   at Newtonsoft.Json.JsonTextReader.ParseValue()
   at Newtonsoft.Json.JsonTextReader.Read()
   at Newtonsoft.Json.JsonReader.ReadForType(JsonContract contract, Boolean hasConverter)
   at Newtonsoft.Json.Serialization.JsonSerializerInternalReader.Deserialize(JsonReader reader, Type objectType, Boolean checkAdditionalContent)
   at Newtonsoft.Json.JsonSerializer.DeserializeInternal(JsonReader reader, Type objectType)
   at Newtonsoft.Json.JsonConvert.DeserializeObject(String value, Type type, JsonSerializerSettings settings)
   at Newtonsoft.Json.JsonConvert.DeserializeObject[T](String value, JsonSerializerSettings settings)
   at Newtonsoft.Json.JsonConvert.DeserializeObject[T](String value)
   at smpc_admin.Utils.HttpClientHelper.<SendRequestAsync>d__7`1.MoveNext() in D:\IGIE\ERP\smpc_admin\Utils\HttpClientHelper.cs:line 76
2025-09-24 13:48:50.386 +08:00 [WRN] API request failed: user-permissions/8, StatusCode: "NotFound", Response: Cannot GET /api/user-permissions/8
2025-09-24 13:48:50.440 +08:00 [ERR] Exception during API request: user-permissions/8
Newtonsoft.Json.JsonReaderException: Unexpected character encountered while parsing value: C. Path '', line 0, position 0.
   at Newtonsoft.Json.JsonTextReader.ParseValue()
   at Newtonsoft.Json.JsonTextReader.Read()
   at Newtonsoft.Json.JsonReader.ReadForType(JsonContract contract, Boolean hasConverter)
   at Newtonsoft.Json.Serialization.JsonSerializerInternalReader.Deserialize(JsonReader reader, Type objectType, Boolean checkAdditionalContent)
   at Newtonsoft.Json.JsonSerializer.DeserializeInternal(JsonReader reader, Type objectType)
   at Newtonsoft.Json.JsonConvert.DeserializeObject(String value, Type type, JsonSerializerSettings settings)
   at Newtonsoft.Json.JsonConvert.DeserializeObject[T](String value, JsonSerializerSettings settings)
   at Newtonsoft.Json.JsonConvert.DeserializeObject[T](String value)
   at smpc_admin.Utils.HttpClientHelper.<SendRequestAsync>d__7`1.MoveNext() in D:\IGIE\ERP\smpc_admin\Utils\HttpClientHelper.cs:line 76
2025-09-24 13:56:07.460 +08:00 [WRN] API request failed: user-permissions/8, StatusCode: "NotFound", Response: Cannot GET /api/user-permissions/8
2025-09-24 13:56:07.506 +08:00 [ERR] Exception during API request: user-permissions/8
Newtonsoft.Json.JsonReaderException: Unexpected character encountered while parsing value: C. Path '', line 0, position 0.
   at Newtonsoft.Json.JsonTextReader.ParseValue()
   at Newtonsoft.Json.JsonTextReader.Read()
   at Newtonsoft.Json.JsonReader.ReadForType(JsonContract contract, Boolean hasConverter)
   at Newtonsoft.Json.Serialization.JsonSerializerInternalReader.Deserialize(JsonReader reader, Type objectType, Boolean checkAdditionalContent)
   at Newtonsoft.Json.JsonSerializer.DeserializeInternal(JsonReader reader, Type objectType)
   at Newtonsoft.Json.JsonConvert.DeserializeObject(String value, Type type, JsonSerializerSettings settings)
   at Newtonsoft.Json.JsonConvert.DeserializeObject[T](String value, JsonSerializerSettings settings)
   at Newtonsoft.Json.JsonConvert.DeserializeObject[T](String value)
   at smpc_admin.Utils.HttpClientHelper.<SendRequestAsync>d__7`1.MoveNext() in D:\IGIE\ERP\smpc_admin\Utils\HttpClientHelper.cs:line 76
2025-09-24 14:14:42.817 +08:00 [WRN] API request failed: user-permissions/8, StatusCode: "NotFound", Response: Cannot GET /api/user-permissions/8
2025-09-24 14:14:42.873 +08:00 [ERR] Exception during API request: user-permissions/8
Newtonsoft.Json.JsonReaderException: Unexpected character encountered while parsing value: C. Path '', line 0, position 0.
   at Newtonsoft.Json.JsonTextReader.ParseValue()
   at Newtonsoft.Json.JsonTextReader.Read()
   at Newtonsoft.Json.JsonReader.ReadForType(JsonContract contract, Boolean hasConverter)
   at Newtonsoft.Json.Serialization.JsonSerializerInternalReader.Deserialize(JsonReader reader, Type objectType, Boolean checkAdditionalContent)
   at Newtonsoft.Json.JsonSerializer.DeserializeInternal(JsonReader reader, Type objectType)
   at Newtonsoft.Json.JsonConvert.DeserializeObject(String value, Type type, JsonSerializerSettings settings)
   at Newtonsoft.Json.JsonConvert.DeserializeObject[T](String value, JsonSerializerSettings settings)
   at Newtonsoft.Json.JsonConvert.DeserializeObject[T](String value)
   at smpc_admin.Utils.HttpClientHelper.<SendRequestAsync>d__7`1.MoveNext() in D:\IGIE\ERP\smpc_admin\Utils\HttpClientHelper.cs:line 76
2025-09-24 14:44:04.548 +08:00 [WRN] API request failed: user-permissions/8, StatusCode: "NotFound", Response: Cannot GET /api/user-permissions/8
2025-09-24 14:44:04.606 +08:00 [ERR] Exception during API request: user-permissions/8
Newtonsoft.Json.JsonReaderException: Unexpected character encountered while parsing value: C. Path '', line 0, position 0.
   at Newtonsoft.Json.JsonTextReader.ParseValue()
   at Newtonsoft.Json.JsonTextReader.Read()
   at Newtonsoft.Json.JsonReader.ReadForType(JsonContract contract, Boolean hasConverter)
   at Newtonsoft.Json.Serialization.JsonSerializerInternalReader.Deserialize(JsonReader reader, Type objectType, Boolean checkAdditionalContent)
   at Newtonsoft.Json.JsonSerializer.DeserializeInternal(JsonReader reader, Type objectType)
   at Newtonsoft.Json.JsonConvert.DeserializeObject(String value, Type type, JsonSerializerSettings settings)
   at Newtonsoft.Json.JsonConvert.DeserializeObject[T](String value, JsonSerializerSettings settings)
   at Newtonsoft.Json.JsonConvert.DeserializeObject[T](String value)
   at smpc_admin.Utils.HttpClientHelper.<SendRequestAsync>d__7`1.MoveNext() in D:\IGIE\ERP\smpc_admin\Utils\HttpClientHelper.cs:line 76
2025-09-24 14:47:52.622 +08:00 [WRN] API request failed: user-permissions/8, StatusCode: "NotFound", Response: Cannot GET /api/user-permissions/8
2025-09-24 14:47:52.675 +08:00 [ERR] Exception during API request: user-permissions/8
Newtonsoft.Json.JsonReaderException: Unexpected character encountered while parsing value: C. Path '', line 0, position 0.
   at Newtonsoft.Json.JsonTextReader.ParseValue()
   at Newtonsoft.Json.JsonTextReader.Read()
   at Newtonsoft.Json.JsonReader.ReadForType(JsonContract contract, Boolean hasConverter)
   at Newtonsoft.Json.Serialization.JsonSerializerInternalReader.Deserialize(JsonReader reader, Type objectType, Boolean checkAdditionalContent)
   at Newtonsoft.Json.JsonSerializer.DeserializeInternal(JsonReader reader, Type objectType)
   at Newtonsoft.Json.JsonConvert.DeserializeObject(String value, Type type, JsonSerializerSettings settings)
   at Newtonsoft.Json.JsonConvert.DeserializeObject[T](String value, JsonSerializerSettings settings)
   at Newtonsoft.Json.JsonConvert.DeserializeObject[T](String value)
   at smpc_admin.Utils.HttpClientHelper.<SendRequestAsync>d__7`1.MoveNext() in D:\IGIE\ERP\smpc_admin\Utils\HttpClientHelper.cs:line 76
2025-09-24 14:59:39.474 +08:00 [WRN] API request failed: user-permissions/8, StatusCode: "NotFound", Response: Cannot GET /api/user-permissions/8
2025-09-24 14:59:39.527 +08:00 [ERR] Exception during API request: user-permissions/8
Newtonsoft.Json.JsonReaderException: Unexpected character encountered while parsing value: C. Path '', line 0, position 0.
   at Newtonsoft.Json.JsonTextReader.ParseValue()
   at Newtonsoft.Json.JsonTextReader.Read()
   at Newtonsoft.Json.JsonReader.ReadForType(JsonContract contract, Boolean hasConverter)
   at Newtonsoft.Json.Serialization.JsonSerializerInternalReader.Deserialize(JsonReader reader, Type objectType, Boolean checkAdditionalContent)
   at Newtonsoft.Json.JsonSerializer.DeserializeInternal(JsonReader reader, Type objectType)
   at Newtonsoft.Json.JsonConvert.DeserializeObject(String value, Type type, JsonSerializerSettings settings)
   at Newtonsoft.Json.JsonConvert.DeserializeObject[T](String value, JsonSerializerSettings settings)
   at Newtonsoft.Json.JsonConvert.DeserializeObject[T](String value)
   at smpc_admin.Utils.HttpClientHelper.<SendRequestAsync>d__7`1.MoveNext() in D:\IGIE\ERP\smpc_admin\Utils\HttpClientHelper.cs:line 76
2025-09-24 15:02:24.770 +08:00 [WRN] API request failed: user-permissions/8, StatusCode: "NotFound", Response: Cannot GET /api/user-permissions/8
2025-09-24 15:02:24.826 +08:00 [ERR] Exception during API request: user-permissions/8
Newtonsoft.Json.JsonReaderException: Unexpected character encountered while parsing value: C. Path '', line 0, position 0.
   at Newtonsoft.Json.JsonTextReader.ParseValue()
   at Newtonsoft.Json.JsonTextReader.Read()
   at Newtonsoft.Json.JsonReader.ReadForType(JsonContract contract, Boolean hasConverter)
   at Newtonsoft.Json.Serialization.JsonSerializerInternalReader.Deserialize(JsonReader reader, Type objectType, Boolean checkAdditionalContent)
   at Newtonsoft.Json.JsonSerializer.DeserializeInternal(JsonReader reader, Type objectType)
   at Newtonsoft.Json.JsonConvert.DeserializeObject(String value, Type type, JsonSerializerSettings settings)
   at Newtonsoft.Json.JsonConvert.DeserializeObject[T](String value, JsonSerializerSettings settings)
   at Newtonsoft.Json.JsonConvert.DeserializeObject[T](String value)
   at smpc_admin.Utils.HttpClientHelper.<SendRequestAsync>d__7`1.MoveNext() in D:\IGIE\ERP\smpc_admin\Utils\HttpClientHelper.cs:line 76
2025-09-24 15:03:18.057 +08:00 [WRN] API request failed: user-permissions/8, StatusCode: "NotFound", Response: Cannot GET /api/user-permissions/8
2025-09-24 15:03:18.112 +08:00 [ERR] Exception during API request: user-permissions/8
Newtonsoft.Json.JsonReaderException: Unexpected character encountered while parsing value: C. Path '', line 0, position 0.
   at Newtonsoft.Json.JsonTextReader.ParseValue()
   at Newtonsoft.Json.JsonTextReader.Read()
   at Newtonsoft.Json.JsonReader.ReadForType(JsonContract contract, Boolean hasConverter)
   at Newtonsoft.Json.Serialization.JsonSerializerInternalReader.Deserialize(JsonReader reader, Type objectType, Boolean checkAdditionalContent)
   at Newtonsoft.Json.JsonSerializer.DeserializeInternal(JsonReader reader, Type objectType)
   at Newtonsoft.Json.JsonConvert.DeserializeObject(String value, Type type, JsonSerializerSettings settings)
   at Newtonsoft.Json.JsonConvert.DeserializeObject[T](String value, JsonSerializerSettings settings)
   at Newtonsoft.Json.JsonConvert.DeserializeObject[T](String value)
   at smpc_admin.Utils.HttpClientHelper.<SendRequestAsync>d__7`1.MoveNext() in D:\IGIE\ERP\smpc_admin\Utils\HttpClientHelper.cs:line 76
2025-09-24 15:04:20.245 +08:00 [WRN] API request failed: user-permissions/8, StatusCode: "NotFound", Response: Cannot GET /api/user-permissions/8
2025-09-24 15:04:20.295 +08:00 [ERR] Exception during API request: user-permissions/8
Newtonsoft.Json.JsonReaderException: Unexpected character encountered while parsing value: C. Path '', line 0, position 0.
   at Newtonsoft.Json.JsonTextReader.ParseValue()
   at Newtonsoft.Json.JsonTextReader.Read()
   at Newtonsoft.Json.JsonReader.ReadForType(JsonContract contract, Boolean hasConverter)
   at Newtonsoft.Json.Serialization.JsonSerializerInternalReader.Deserialize(JsonReader reader, Type objectType, Boolean checkAdditionalContent)
   at Newtonsoft.Json.JsonSerializer.DeserializeInternal(JsonReader reader, Type objectType)
   at Newtonsoft.Json.JsonConvert.DeserializeObject(String value, Type type, JsonSerializerSettings settings)
   at Newtonsoft.Json.JsonConvert.DeserializeObject[T](String value, JsonSerializerSettings settings)
   at Newtonsoft.Json.JsonConvert.DeserializeObject[T](String value)
   at smpc_admin.Utils.HttpClientHelper.<SendRequestAsync>d__7`1.MoveNext() in D:\IGIE\ERP\smpc_admin\Utils\HttpClientHelper.cs:line 76
2025-09-24 15:08:29.175 +08:00 [WRN] API request failed: user-permissions/8, StatusCode: "NotFound", Response: Cannot GET /api/user-permissions/8
2025-09-24 15:08:29.226 +08:00 [ERR] Exception during API request: user-permissions/8
Newtonsoft.Json.JsonReaderException: Unexpected character encountered while parsing value: C. Path '', line 0, position 0.
   at Newtonsoft.Json.JsonTextReader.ParseValue()
   at Newtonsoft.Json.JsonTextReader.Read()
   at Newtonsoft.Json.JsonReader.ReadForType(JsonContract contract, Boolean hasConverter)
   at Newtonsoft.Json.Serialization.JsonSerializerInternalReader.Deserialize(JsonReader reader, Type objectType, Boolean checkAdditionalContent)
   at Newtonsoft.Json.JsonSerializer.DeserializeInternal(JsonReader reader, Type objectType)
   at Newtonsoft.Json.JsonConvert.DeserializeObject(String value, Type type, JsonSerializerSettings settings)
   at Newtonsoft.Json.JsonConvert.DeserializeObject[T](String value, JsonSerializerSettings settings)
   at Newtonsoft.Json.JsonConvert.DeserializeObject[T](String value)
   at smpc_admin.Utils.HttpClientHelper.<SendRequestAsync>d__7`1.MoveNext() in D:\IGIE\ERP\smpc_admin\Utils\HttpClientHelper.cs:line 76
2025-09-24 15:13:26.196 +08:00 [WRN] API request failed: user-permissions/8, StatusCode: "NotFound", Response: Cannot GET /api/user-permissions/8
2025-09-24 15:13:26.248 +08:00 [ERR] Exception during API request: user-permissions/8
Newtonsoft.Json.JsonReaderException: Unexpected character encountered while parsing value: C. Path '', line 0, position 0.
   at Newtonsoft.Json.JsonTextReader.ParseValue()
   at Newtonsoft.Json.JsonTextReader.Read()
   at Newtonsoft.Json.JsonReader.ReadForType(JsonContract contract, Boolean hasConverter)
   at Newtonsoft.Json.Serialization.JsonSerializerInternalReader.Deserialize(JsonReader reader, Type objectType, Boolean checkAdditionalContent)
   at Newtonsoft.Json.JsonSerializer.DeserializeInternal(JsonReader reader, Type objectType)
   at Newtonsoft.Json.JsonConvert.DeserializeObject(String value, Type type, JsonSerializerSettings settings)
   at Newtonsoft.Json.JsonConvert.DeserializeObject[T](String value, JsonSerializerSettings settings)
   at Newtonsoft.Json.JsonConvert.DeserializeObject[T](String value)
   at smpc_admin.Utils.HttpClientHelper.<SendRequestAsync>d__7`1.MoveNext() in D:\IGIE\ERP\smpc_admin\Utils\HttpClientHelper.cs:line 76
2025-09-24 15:15:41.407 +08:00 [WRN] API request failed: user-permissions/8, StatusCode: "NotFound", Response: Cannot GET /api/user-permissions/8
2025-09-24 15:15:41.462 +08:00 [ERR] Exception during API request: user-permissions/8
Newtonsoft.Json.JsonReaderException: Unexpected character encountered while parsing value: C. Path '', line 0, position 0.
   at Newtonsoft.Json.JsonTextReader.ParseValue()
   at Newtonsoft.Json.JsonTextReader.Read()
   at Newtonsoft.Json.JsonReader.ReadForType(JsonContract contract, Boolean hasConverter)
   at Newtonsoft.Json.Serialization.JsonSerializerInternalReader.Deserialize(JsonReader reader, Type objectType, Boolean checkAdditionalContent)
   at Newtonsoft.Json.JsonSerializer.DeserializeInternal(JsonReader reader, Type objectType)
   at Newtonsoft.Json.JsonConvert.DeserializeObject(String value, Type type, JsonSerializerSettings settings)
   at Newtonsoft.Json.JsonConvert.DeserializeObject[T](String value, JsonSerializerSettings settings)
   at Newtonsoft.Json.JsonConvert.DeserializeObject[T](String value)
   at smpc_admin.Utils.HttpClientHelper.<SendRequestAsync>d__7`1.MoveNext() in D:\IGIE\ERP\smpc_admin\Utils\HttpClientHelper.cs:line 76
2025-09-24 15:18:27.356 +08:00 [WRN] API request failed: user-permissions/8, StatusCode: "NotFound", Response: Cannot GET /api/user-permissions/8
2025-09-24 15:18:27.409 +08:00 [ERR] Exception during API request: user-permissions/8
Newtonsoft.Json.JsonReaderException: Unexpected character encountered while parsing value: C. Path '', line 0, position 0.
   at Newtonsoft.Json.JsonTextReader.ParseValue()
   at Newtonsoft.Json.JsonTextReader.Read()
   at Newtonsoft.Json.JsonReader.ReadForType(JsonContract contract, Boolean hasConverter)
   at Newtonsoft.Json.Serialization.JsonSerializerInternalReader.Deserialize(JsonReader reader, Type objectType, Boolean checkAdditionalContent)
   at Newtonsoft.Json.JsonSerializer.DeserializeInternal(JsonReader reader, Type objectType)
   at Newtonsoft.Json.JsonConvert.DeserializeObject(String value, Type type, JsonSerializerSettings settings)
   at Newtonsoft.Json.JsonConvert.DeserializeObject[T](String value, JsonSerializerSettings settings)
   at Newtonsoft.Json.JsonConvert.DeserializeObject[T](String value)
   at smpc_admin.Utils.HttpClientHelper.<SendRequestAsync>d__7`1.MoveNext() in D:\IGIE\ERP\smpc_admin\Utils\HttpClientHelper.cs:line 76
2025-09-24 15:20:10.112 +08:00 [WRN] API request failed: user-permissions/8, StatusCode: "NotFound", Response: Cannot GET /api/user-permissions/8
2025-09-24 15:20:10.159 +08:00 [ERR] Exception during API request: user-permissions/8
Newtonsoft.Json.JsonReaderException: Unexpected character encountered while parsing value: C. Path '', line 0, position 0.
   at Newtonsoft.Json.JsonTextReader.ParseValue()
   at Newtonsoft.Json.JsonTextReader.Read()
   at Newtonsoft.Json.JsonReader.ReadForType(JsonContract contract, Boolean hasConverter)
   at Newtonsoft.Json.Serialization.JsonSerializerInternalReader.Deserialize(JsonReader reader, Type objectType, Boolean checkAdditionalContent)
   at Newtonsoft.Json.JsonSerializer.DeserializeInternal(JsonReader reader, Type objectType)
   at Newtonsoft.Json.JsonConvert.DeserializeObject(String value, Type type, JsonSerializerSettings settings)
   at Newtonsoft.Json.JsonConvert.DeserializeObject[T](String value, JsonSerializerSettings settings)
   at Newtonsoft.Json.JsonConvert.DeserializeObject[T](String value)
   at smpc_admin.Utils.HttpClientHelper.<SendRequestAsync>d__7`1.MoveNext() in D:\IGIE\ERP\smpc_admin\Utils\HttpClientHelper.cs:line 76
2025-09-24 15:28:32.647 +08:00 [WRN] API request failed: user-permissions/8, StatusCode: "NotFound", Response: Cannot GET /api/user-permissions/8
2025-09-24 15:28:32.694 +08:00 [ERR] Exception during API request: user-permissions/8
Newtonsoft.Json.JsonReaderException: Unexpected character encountered while parsing value: C. Path '', line 0, position 0.
   at Newtonsoft.Json.JsonTextReader.ParseValue()
   at Newtonsoft.Json.JsonTextReader.Read()
   at Newtonsoft.Json.JsonReader.ReadForType(JsonContract contract, Boolean hasConverter)
   at Newtonsoft.Json.Serialization.JsonSerializerInternalReader.Deserialize(JsonReader reader, Type objectType, Boolean checkAdditionalContent)
   at Newtonsoft.Json.JsonSerializer.DeserializeInternal(JsonReader reader, Type objectType)
   at Newtonsoft.Json.JsonConvert.DeserializeObject(String value, Type type, JsonSerializerSettings settings)
   at Newtonsoft.Json.JsonConvert.DeserializeObject[T](String value, JsonSerializerSettings settings)
   at Newtonsoft.Json.JsonConvert.DeserializeObject[T](String value)
   at smpc_admin.Utils.HttpClientHelper.<SendRequestAsync>d__7`1.MoveNext() in D:\IGIE\ERP\smpc_admin\Utils\HttpClientHelper.cs:line 76
2025-09-24 15:31:22.971 +08:00 [WRN] API request failed: user-permissions/8, StatusCode: "NotFound", Response: Cannot GET /api/user-permissions/8
2025-09-24 15:31:23.023 +08:00 [ERR] Exception during API request: user-permissions/8
Newtonsoft.Json.JsonReaderException: Unexpected character encountered while parsing value: C. Path '', line 0, position 0.
   at Newtonsoft.Json.JsonTextReader.ParseValue()
   at Newtonsoft.Json.JsonTextReader.Read()
   at Newtonsoft.Json.JsonReader.ReadForType(JsonContract contract, Boolean hasConverter)
   at Newtonsoft.Json.Serialization.JsonSerializerInternalReader.Deserialize(JsonReader reader, Type objectType, Boolean checkAdditionalContent)
   at Newtonsoft.Json.JsonSerializer.DeserializeInternal(JsonReader reader, Type objectType)
   at Newtonsoft.Json.JsonConvert.DeserializeObject(String value, Type type, JsonSerializerSettings settings)
   at Newtonsoft.Json.JsonConvert.DeserializeObject[T](String value, JsonSerializerSettings settings)
   at Newtonsoft.Json.JsonConvert.DeserializeObject[T](String value)
   at smpc_admin.Utils.HttpClientHelper.<SendRequestAsync>d__7`1.MoveNext() in D:\IGIE\ERP\smpc_admin\Utils\HttpClientHelper.cs:line 76
2025-09-24 15:36:09.072 +08:00 [WRN] API request failed: user-permissions/8, StatusCode: "NotFound", Response: Cannot GET /api/user-permissions/8
2025-09-24 15:36:09.150 +08:00 [ERR] Exception during API request: user-permissions/8
Newtonsoft.Json.JsonReaderException: Unexpected character encountered while parsing value: C. Path '', line 0, position 0.
   at Newtonsoft.Json.JsonTextReader.ParseValue()
   at Newtonsoft.Json.JsonTextReader.Read()
   at Newtonsoft.Json.JsonReader.ReadForType(JsonContract contract, Boolean hasConverter)
   at Newtonsoft.Json.Serialization.JsonSerializerInternalReader.Deserialize(JsonReader reader, Type objectType, Boolean checkAdditionalContent)
   at Newtonsoft.Json.JsonSerializer.DeserializeInternal(JsonReader reader, Type objectType)
   at Newtonsoft.Json.JsonConvert.DeserializeObject(String value, Type type, JsonSerializerSettings settings)
   at Newtonsoft.Json.JsonConvert.DeserializeObject[T](String value, JsonSerializerSettings settings)
   at Newtonsoft.Json.JsonConvert.DeserializeObject[T](String value)
   at smpc_admin.Utils.HttpClientHelper.<SendRequestAsync>d__7`1.MoveNext() in D:\IGIE\ERP\smpc_admin\Utils\HttpClientHelper.cs:line 76
2025-09-24 15:52:06.115 +08:00 [WRN] API request failed: user-permissions/8, StatusCode: "NotFound", Response: Cannot GET /api/user-permissions/8
2025-09-24 15:52:06.171 +08:00 [ERR] Exception during API request: user-permissions/8
Newtonsoft.Json.JsonReaderException: Unexpected character encountered while parsing value: C. Path '', line 0, position 0.
   at Newtonsoft.Json.JsonTextReader.ParseValue()
   at Newtonsoft.Json.JsonTextReader.Read()
   at Newtonsoft.Json.JsonReader.ReadForType(JsonContract contract, Boolean hasConverter)
   at Newtonsoft.Json.Serialization.JsonSerializerInternalReader.Deserialize(JsonReader reader, Type objectType, Boolean checkAdditionalContent)
   at Newtonsoft.Json.JsonSerializer.DeserializeInternal(JsonReader reader, Type objectType)
   at Newtonsoft.Json.JsonConvert.DeserializeObject(String value, Type type, JsonSerializerSettings settings)
   at Newtonsoft.Json.JsonConvert.DeserializeObject[T](String value, JsonSerializerSettings settings)
   at Newtonsoft.Json.JsonConvert.DeserializeObject[T](String value)
   at smpc_admin.Utils.HttpClientHelper.<SendRequestAsync>d__7`1.MoveNext() in D:\IGIE\ERP\smpc_admin\Utils\HttpClientHelper.cs:line 76
2025-09-24 15:54:36.552 +08:00 [WRN] API request failed: user-permissions/8, StatusCode: "NotFound", Response: Cannot GET /api/user-permissions/8
2025-09-24 15:54:36.606 +08:00 [ERR] Exception during API request: user-permissions/8
Newtonsoft.Json.JsonReaderException: Unexpected character encountered while parsing value: C. Path '', line 0, position 0.
   at Newtonsoft.Json.JsonTextReader.ParseValue()
   at Newtonsoft.Json.JsonTextReader.Read()
   at Newtonsoft.Json.JsonReader.ReadForType(JsonContract contract, Boolean hasConverter)
   at Newtonsoft.Json.Serialization.JsonSerializerInternalReader.Deserialize(JsonReader reader, Type objectType, Boolean checkAdditionalContent)
   at Newtonsoft.Json.JsonSerializer.DeserializeInternal(JsonReader reader, Type objectType)
   at Newtonsoft.Json.JsonConvert.DeserializeObject(String value, Type type, JsonSerializerSettings settings)
   at Newtonsoft.Json.JsonConvert.DeserializeObject[T](String value, JsonSerializerSettings settings)
   at Newtonsoft.Json.JsonConvert.DeserializeObject[T](String value)
   at smpc_admin.Utils.HttpClientHelper.<SendRequestAsync>d__7`1.MoveNext() in D:\IGIE\ERP\smpc_admin\Utils\HttpClientHelper.cs:line 76
2025-09-24 15:56:15.136 +08:00 [WRN] API request failed: user-permissions/8, StatusCode: "NotFound", Response: Cannot GET /api/user-permissions/8
2025-09-24 15:56:15.188 +08:00 [ERR] Exception during API request: user-permissions/8
Newtonsoft.Json.JsonReaderException: Unexpected character encountered while parsing value: C. Path '', line 0, position 0.
   at Newtonsoft.Json.JsonTextReader.ParseValue()
   at Newtonsoft.Json.JsonTextReader.Read()
   at Newtonsoft.Json.JsonReader.ReadForType(JsonContract contract, Boolean hasConverter)
   at Newtonsoft.Json.Serialization.JsonSerializerInternalReader.Deserialize(JsonReader reader, Type objectType, Boolean checkAdditionalContent)
   at Newtonsoft.Json.JsonSerializer.DeserializeInternal(JsonReader reader, Type objectType)
   at Newtonsoft.Json.JsonConvert.DeserializeObject(String value, Type type, JsonSerializerSettings settings)
   at Newtonsoft.Json.JsonConvert.DeserializeObject[T](String value, JsonSerializerSettings settings)
   at Newtonsoft.Json.JsonConvert.DeserializeObject[T](String value)
   at smpc_admin.Utils.HttpClientHelper.<SendRequestAsync>d__7`1.MoveNext() in D:\IGIE\ERP\smpc_admin\Utils\HttpClientHelper.cs:line 76
2025-09-24 15:56:43.350 +08:00 [WRN] API request failed: user-permissions/8, StatusCode: "NotFound", Response: Cannot GET /api/user-permissions/8
2025-09-24 15:56:43.408 +08:00 [ERR] Exception during API request: user-permissions/8
Newtonsoft.Json.JsonReaderException: Unexpected character encountered while parsing value: C. Path '', line 0, position 0.
   at Newtonsoft.Json.JsonTextReader.ParseValue()
   at Newtonsoft.Json.JsonTextReader.Read()
   at Newtonsoft.Json.JsonReader.ReadForType(JsonContract contract, Boolean hasConverter)
   at Newtonsoft.Json.Serialization.JsonSerializerInternalReader.Deserialize(JsonReader reader, Type objectType, Boolean checkAdditionalContent)
   at Newtonsoft.Json.JsonSerializer.DeserializeInternal(JsonReader reader, Type objectType)
   at Newtonsoft.Json.JsonConvert.DeserializeObject(String value, Type type, JsonSerializerSettings settings)
   at Newtonsoft.Json.JsonConvert.DeserializeObject[T](String value, JsonSerializerSettings settings)
   at Newtonsoft.Json.JsonConvert.DeserializeObject[T](String value)
   at smpc_admin.Utils.HttpClientHelper.<SendRequestAsync>d__7`1.MoveNext() in D:\IGIE\ERP\smpc_admin\Utils\HttpClientHelper.cs:line 76
2025-09-24 16:20:15.293 +08:00 [WRN] API request failed: user-permissions/8, StatusCode: "NotFound", Response: Cannot GET /api/user-permissions/8
2025-09-24 16:20:15.362 +08:00 [ERR] Exception during API request: user-permissions/8
Newtonsoft.Json.JsonReaderException: Unexpected character encountered while parsing value: C. Path '', line 0, position 0.
   at Newtonsoft.Json.JsonTextReader.ParseValue()
   at Newtonsoft.Json.JsonTextReader.Read()
   at Newtonsoft.Json.JsonReader.ReadForType(JsonContract contract, Boolean hasConverter)
   at Newtonsoft.Json.Serialization.JsonSerializerInternalReader.Deserialize(JsonReader reader, Type objectType, Boolean checkAdditionalContent)
   at Newtonsoft.Json.JsonSerializer.DeserializeInternal(JsonReader reader, Type objectType)
   at Newtonsoft.Json.JsonConvert.DeserializeObject(String value, Type type, JsonSerializerSettings settings)
   at Newtonsoft.Json.JsonConvert.DeserializeObject[T](String value, JsonSerializerSettings settings)
   at Newtonsoft.Json.JsonConvert.DeserializeObject[T](String value)
   at smpc_admin.Utils.HttpClientHelper.<SendRequestAsync>d__7`1.MoveNext() in D:\IGIE\ERP\smpc_admin\Utils\HttpClientHelper.cs:line 76
2025-09-24 16:26:47.592 +08:00 [WRN] API request failed: user-permissions/8, StatusCode: "NotFound", Response: Cannot GET /api/user-permissions/8
2025-09-24 16:26:47.646 +08:00 [ERR] Exception during API request: user-permissions/8
Newtonsoft.Json.JsonReaderException: Unexpected character encountered while parsing value: C. Path '', line 0, position 0.
   at Newtonsoft.Json.JsonTextReader.ParseValue()
   at Newtonsoft.Json.JsonTextReader.Read()
   at Newtonsoft.Json.JsonReader.ReadForType(JsonContract contract, Boolean hasConverter)
   at Newtonsoft.Json.Serialization.JsonSerializerInternalReader.Deserialize(JsonReader reader, Type objectType, Boolean checkAdditionalContent)
   at Newtonsoft.Json.JsonSerializer.DeserializeInternal(JsonReader reader, Type objectType)
   at Newtonsoft.Json.JsonConvert.DeserializeObject(String value, Type type, JsonSerializerSettings settings)
   at Newtonsoft.Json.JsonConvert.DeserializeObject[T](String value, JsonSerializerSettings settings)
   at Newtonsoft.Json.JsonConvert.DeserializeObject[T](String value)
   at smpc_admin.Utils.HttpClientHelper.<SendRequestAsync>d__7`1.MoveNext() in D:\IGIE\ERP\smpc_admin\Utils\HttpClientHelper.cs:line 76
2025-09-24 16:28:03.391 +08:00 [WRN] API request failed: user-permissions/8, StatusCode: "NotFound", Response: Cannot GET /api/user-permissions/8
2025-09-24 16:28:03.446 +08:00 [ERR] Exception during API request: user-permissions/8
Newtonsoft.Json.JsonReaderException: Unexpected character encountered while parsing value: C. Path '', line 0, position 0.
   at Newtonsoft.Json.JsonTextReader.ParseValue()
   at Newtonsoft.Json.JsonTextReader.Read()
   at Newtonsoft.Json.JsonReader.ReadForType(JsonContract contract, Boolean hasConverter)
   at Newtonsoft.Json.Serialization.JsonSerializerInternalReader.Deserialize(JsonReader reader, Type objectType, Boolean checkAdditionalContent)
   at Newtonsoft.Json.JsonSerializer.DeserializeInternal(JsonReader reader, Type objectType)
   at Newtonsoft.Json.JsonConvert.DeserializeObject(String value, Type type, JsonSerializerSettings settings)
   at Newtonsoft.Json.JsonConvert.DeserializeObject[T](String value, JsonSerializerSettings settings)
   at Newtonsoft.Json.JsonConvert.DeserializeObject[T](String value)
   at smpc_admin.Utils.HttpClientHelper.<SendRequestAsync>d__7`1.MoveNext() in D:\IGIE\ERP\smpc_admin\Utils\HttpClientHelper.cs:line 76
2025-09-24 16:29:30.720 +08:00 [WRN] API request failed: user-permissions/8, StatusCode: "NotFound", Response: Cannot GET /api/user-permissions/8
2025-09-24 16:29:30.770 +08:00 [ERR] Exception during API request: user-permissions/8
Newtonsoft.Json.JsonReaderException: Unexpected character encountered while parsing value: C. Path '', line 0, position 0.
   at Newtonsoft.Json.JsonTextReader.ParseValue()
   at Newtonsoft.Json.JsonTextReader.Read()
   at Newtonsoft.Json.JsonReader.ReadForType(JsonContract contract, Boolean hasConverter)
   at Newtonsoft.Json.Serialization.JsonSerializerInternalReader.Deserialize(JsonReader reader, Type objectType, Boolean checkAdditionalContent)
   at Newtonsoft.Json.JsonSerializer.DeserializeInternal(JsonReader reader, Type objectType)
   at Newtonsoft.Json.JsonConvert.DeserializeObject(String value, Type type, JsonSerializerSettings settings)
   at Newtonsoft.Json.JsonConvert.DeserializeObject[T](String value, JsonSerializerSettings settings)
   at Newtonsoft.Json.JsonConvert.DeserializeObject[T](String value)
   at smpc_admin.Utils.HttpClientHelper.<SendRequestAsync>d__7`1.MoveNext() in D:\IGIE\ERP\smpc_admin\Utils\HttpClientHelper.cs:line 76
2025-09-24 16:38:41.915 +08:00 [WRN] API request failed: user-permissions/8, StatusCode: "NotFound", Response: Cannot GET /api/user-permissions/8
2025-09-24 16:38:41.969 +08:00 [ERR] Exception during API request: user-permissions/8
Newtonsoft.Json.JsonReaderException: Unexpected character encountered while parsing value: C. Path '', line 0, position 0.
   at Newtonsoft.Json.JsonTextReader.ParseValue()
   at Newtonsoft.Json.JsonTextReader.Read()
   at Newtonsoft.Json.JsonReader.ReadForType(JsonContract contract, Boolean hasConverter)
   at Newtonsoft.Json.Serialization.JsonSerializerInternalReader.Deserialize(JsonReader reader, Type objectType, Boolean checkAdditionalContent)
   at Newtonsoft.Json.JsonSerializer.DeserializeInternal(JsonReader reader, Type objectType)
   at Newtonsoft.Json.JsonConvert.DeserializeObject(String value, Type type, JsonSerializerSettings settings)
   at Newtonsoft.Json.JsonConvert.DeserializeObject[T](String value, JsonSerializerSettings settings)
   at Newtonsoft.Json.JsonConvert.DeserializeObject[T](String value)
   at smpc_admin.Utils.HttpClientHelper.<SendRequestAsync>d__7`1.MoveNext() in D:\IGIE\ERP\smpc_admin\Utils\HttpClientHelper.cs:line 76
2025-09-24 16:40:46.882 +08:00 [WRN] API request failed: user-permissions/8, StatusCode: "NotFound", Response: Cannot GET /api/user-permissions/8
2025-09-24 16:40:46.939 +08:00 [ERR] Exception during API request: user-permissions/8
Newtonsoft.Json.JsonReaderException: Unexpected character encountered while parsing value: C. Path '', line 0, position 0.
   at Newtonsoft.Json.JsonTextReader.ParseValue()
   at Newtonsoft.Json.JsonTextReader.Read()
   at Newtonsoft.Json.JsonReader.ReadForType(JsonContract contract, Boolean hasConverter)
   at Newtonsoft.Json.Serialization.JsonSerializerInternalReader.Deserialize(JsonReader reader, Type objectType, Boolean checkAdditionalContent)
   at Newtonsoft.Json.JsonSerializer.DeserializeInternal(JsonReader reader, Type objectType)
   at Newtonsoft.Json.JsonConvert.DeserializeObject(String value, Type type, JsonSerializerSettings settings)
   at Newtonsoft.Json.JsonConvert.DeserializeObject[T](String value, JsonSerializerSettings settings)
   at Newtonsoft.Json.JsonConvert.DeserializeObject[T](String value)
   at smpc_admin.Utils.HttpClientHelper.<SendRequestAsync>d__7`1.MoveNext() in D:\IGIE\ERP\smpc_admin\Utils\HttpClientHelper.cs:line 76
2025-09-24 16:42:51.167 +08:00 [WRN] API request failed: user-permissions/8, StatusCode: "NotFound", Response: Cannot GET /api/user-permissions/8
2025-09-24 16:42:51.232 +08:00 [ERR] Exception during API request: user-permissions/8
Newtonsoft.Json.JsonReaderException: Unexpected character encountered while parsing value: C. Path '', line 0, position 0.
   at Newtonsoft.Json.JsonTextReader.ParseValue()
   at Newtonsoft.Json.JsonTextReader.Read()
   at Newtonsoft.Json.JsonReader.ReadForType(JsonContract contract, Boolean hasConverter)
   at Newtonsoft.Json.Serialization.JsonSerializerInternalReader.Deserialize(JsonReader reader, Type objectType, Boolean checkAdditionalContent)
   at Newtonsoft.Json.JsonSerializer.DeserializeInternal(JsonReader reader, Type objectType)
   at Newtonsoft.Json.JsonConvert.DeserializeObject(String value, Type type, JsonSerializerSettings settings)
   at Newtonsoft.Json.JsonConvert.DeserializeObject[T](String value, JsonSerializerSettings settings)
   at Newtonsoft.Json.JsonConvert.DeserializeObject[T](String value)
   at smpc_admin.Utils.HttpClientHelper.<SendRequestAsync>d__7`1.MoveNext() in D:\IGIE\ERP\smpc_admin\Utils\HttpClientHelper.cs:line 76
2025-09-24 16:44:45.798 +08:00 [WRN] API request failed: user-permissions/8, StatusCode: "NotFound", Response: Cannot GET /api/user-permissions/8
2025-09-24 16:44:45.851 +08:00 [ERR] Exception during API request: user-permissions/8
Newtonsoft.Json.JsonReaderException: Unexpected character encountered while parsing value: C. Path '', line 0, position 0.
   at Newtonsoft.Json.JsonTextReader.ParseValue()
   at Newtonsoft.Json.JsonTextReader.Read()
   at Newtonsoft.Json.JsonReader.ReadForType(JsonContract contract, Boolean hasConverter)
   at Newtonsoft.Json.Serialization.JsonSerializerInternalReader.Deserialize(JsonReader reader, Type objectType, Boolean checkAdditionalContent)
   at Newtonsoft.Json.JsonSerializer.DeserializeInternal(JsonReader reader, Type objectType)
   at Newtonsoft.Json.JsonConvert.DeserializeObject(String value, Type type, JsonSerializerSettings settings)
   at Newtonsoft.Json.JsonConvert.DeserializeObject[T](String value, JsonSerializerSettings settings)
   at Newtonsoft.Json.JsonConvert.DeserializeObject[T](String value)
   at smpc_admin.Utils.HttpClientHelper.<SendRequestAsync>d__7`1.MoveNext() in D:\IGIE\ERP\smpc_admin\Utils\HttpClientHelper.cs:line 76
2025-09-24 17:03:46.649 +08:00 [WRN] API request failed: user-permissions/8, StatusCode: "NotFound", Response: Cannot GET /api/user-permissions/8
2025-09-24 17:03:46.700 +08:00 [ERR] Exception during API request: user-permissions/8
Newtonsoft.Json.JsonReaderException: Unexpected character encountered while parsing value: C. Path '', line 0, position 0.
   at Newtonsoft.Json.JsonTextReader.ParseValue()
   at Newtonsoft.Json.JsonTextReader.Read()
   at Newtonsoft.Json.JsonReader.ReadForType(JsonContract contract, Boolean hasConverter)
   at Newtonsoft.Json.Serialization.JsonSerializerInternalReader.Deserialize(JsonReader reader, Type objectType, Boolean checkAdditionalContent)
   at Newtonsoft.Json.JsonSerializer.DeserializeInternal(JsonReader reader, Type objectType)
   at Newtonsoft.Json.JsonConvert.DeserializeObject(String value, Type type, JsonSerializerSettings settings)
   at Newtonsoft.Json.JsonConvert.DeserializeObject[T](String value, JsonSerializerSettings settings)
   at Newtonsoft.Json.JsonConvert.DeserializeObject[T](String value)
   at smpc_admin.Utils.HttpClientHelper.<SendRequestAsync>d__7`1.MoveNext() in D:\IGIE\ERP\smpc_admin\Utils\HttpClientHelper.cs:line 76
2025-09-24 17:20:15.462 +08:00 [WRN] API request failed: user-permissions/8, StatusCode: "NotFound", Response: Cannot GET /api/user-permissions/8
2025-09-24 17:20:15.512 +08:00 [ERR] Exception during API request: user-permissions/8
Newtonsoft.Json.JsonReaderException: Unexpected character encountered while parsing value: C. Path '', line 0, position 0.
   at Newtonsoft.Json.JsonTextReader.ParseValue()
   at Newtonsoft.Json.JsonTextReader.Read()
   at Newtonsoft.Json.JsonReader.ReadForType(JsonContract contract, Boolean hasConverter)
   at Newtonsoft.Json.Serialization.JsonSerializerInternalReader.Deserialize(JsonReader reader, Type objectType, Boolean checkAdditionalContent)
   at Newtonsoft.Json.JsonSerializer.DeserializeInternal(JsonReader reader, Type objectType)
   at Newtonsoft.Json.JsonConvert.DeserializeObject(String value, Type type, JsonSerializerSettings settings)
   at Newtonsoft.Json.JsonConvert.DeserializeObject[T](String value, JsonSerializerSettings settings)
   at Newtonsoft.Json.JsonConvert.DeserializeObject[T](String value)
   at smpc_admin.Utils.HttpClientHelper.<SendRequestAsync>d__7`1.MoveNext() in D:\IGIE\ERP\smpc_admin\Utils\HttpClientHelper.cs:line 76
2025-09-24 17:24:04.213 +08:00 [WRN] API request failed: user-permissions/8, StatusCode: "NotFound", Response: Cannot GET /api/user-permissions/8
2025-09-24 17:24:04.264 +08:00 [ERR] Exception during API request: user-permissions/8
Newtonsoft.Json.JsonReaderException: Unexpected character encountered while parsing value: C. Path '', line 0, position 0.
   at Newtonsoft.Json.JsonTextReader.ParseValue()
   at Newtonsoft.Json.JsonTextReader.Read()
   at Newtonsoft.Json.JsonReader.ReadForType(JsonContract contract, Boolean hasConverter)
   at Newtonsoft.Json.Serialization.JsonSerializerInternalReader.Deserialize(JsonReader reader, Type objectType, Boolean checkAdditionalContent)
   at Newtonsoft.Json.JsonSerializer.DeserializeInternal(JsonReader reader, Type objectType)
   at Newtonsoft.Json.JsonConvert.DeserializeObject(String value, Type type, JsonSerializerSettings settings)
   at Newtonsoft.Json.JsonConvert.DeserializeObject[T](String value, JsonSerializerSettings settings)
   at Newtonsoft.Json.JsonConvert.DeserializeObject[T](String value)
   at smpc_admin.Utils.HttpClientHelper.<SendRequestAsync>d__7`1.MoveNext() in D:\IGIE\ERP\smpc_admin\Utils\HttpClientHelper.cs:line 76
2025-09-24 17:40:03.953 +08:00 [WRN] API request failed: user-permissions/8, StatusCode: "NotFound", Response: Cannot GET /api/user-permissions/8
2025-09-24 17:40:04.010 +08:00 [ERR] Exception during API request: user-permissions/8
Newtonsoft.Json.JsonReaderException: Unexpected character encountered while parsing value: C. Path '', line 0, position 0.
   at Newtonsoft.Json.JsonTextReader.ParseValue()
   at Newtonsoft.Json.JsonTextReader.Read()
   at Newtonsoft.Json.JsonReader.ReadForType(JsonContract contract, Boolean hasConverter)
   at Newtonsoft.Json.Serialization.JsonSerializerInternalReader.Deserialize(JsonReader reader, Type objectType, Boolean checkAdditionalContent)
   at Newtonsoft.Json.JsonSerializer.DeserializeInternal(JsonReader reader, Type objectType)
   at Newtonsoft.Json.JsonConvert.DeserializeObject(String value, Type type, JsonSerializerSettings settings)
   at Newtonsoft.Json.JsonConvert.DeserializeObject[T](String value, JsonSerializerSettings settings)
   at Newtonsoft.Json.JsonConvert.DeserializeObject[T](String value)
   at smpc_admin.Utils.HttpClientHelper.<SendRequestAsync>d__7`1.MoveNext() in D:\IGIE\ERP\smpc_admin\Utils\HttpClientHelper.cs:line 76
2025-09-24 17:56:35.136 +08:00 [WRN] API request failed: user-permissions/8, StatusCode: "NotFound", Response: Cannot GET /api/user-permissions/8
2025-09-24 17:56:35.206 +08:00 [ERR] Exception during API request: user-permissions/8
Newtonsoft.Json.JsonReaderException: Unexpected character encountered while parsing value: C. Path '', line 0, position 0.
   at Newtonsoft.Json.JsonTextReader.ParseValue()
   at Newtonsoft.Json.JsonTextReader.Read()
   at Newtonsoft.Json.JsonReader.ReadForType(JsonContract contract, Boolean hasConverter)
   at Newtonsoft.Json.Serialization.JsonSerializerInternalReader.Deserialize(JsonReader reader, Type objectType, Boolean checkAdditionalContent)
   at Newtonsoft.Json.JsonSerializer.DeserializeInternal(JsonReader reader, Type objectType)
   at Newtonsoft.Json.JsonConvert.DeserializeObject(String value, Type type, JsonSerializerSettings settings)
   at Newtonsoft.Json.JsonConvert.DeserializeObject[T](String value, JsonSerializerSettings settings)
   at Newtonsoft.Json.JsonConvert.DeserializeObject[T](String value)
   at smpc_admin.Utils.HttpClientHelper.<SendRequestAsync>d__7`1.MoveNext() in D:\IGIE\ERP\smpc_admin\Utils\HttpClientHelper.cs:line 76
2025-09-24 17:58:06.029 +08:00 [WRN] API request failed: user-permissions/8, StatusCode: "NotFound", Response: Cannot GET /api/user-permissions/8
2025-09-24 17:58:06.086 +08:00 [ERR] Exception during API request: user-permissions/8
Newtonsoft.Json.JsonReaderException: Unexpected character encountered while parsing value: C. Path '', line 0, position 0.
   at Newtonsoft.Json.JsonTextReader.ParseValue()
   at Newtonsoft.Json.JsonTextReader.Read()
   at Newtonsoft.Json.JsonReader.ReadForType(JsonContract contract, Boolean hasConverter)
   at Newtonsoft.Json.Serialization.JsonSerializerInternalReader.Deserialize(JsonReader reader, Type objectType, Boolean checkAdditionalContent)
   at Newtonsoft.Json.JsonSerializer.DeserializeInternal(JsonReader reader, Type objectType)
   at Newtonsoft.Json.JsonConvert.DeserializeObject(String value, Type type, JsonSerializerSettings settings)
   at Newtonsoft.Json.JsonConvert.DeserializeObject[T](String value, JsonSerializerSettings settings)
   at Newtonsoft.Json.JsonConvert.DeserializeObject[T](String value)
   at smpc_admin.Utils.HttpClientHelper.<SendRequestAsync>d__7`1.MoveNext() in D:\IGIE\ERP\smpc_admin\Utils\HttpClientHelper.cs:line 76
2025-09-24 18:11:19.198 +08:00 [WRN] API request failed: user-permissions/8, StatusCode: "NotFound", Response: Cannot GET /api/user-permissions/8
2025-09-24 18:11:19.250 +08:00 [ERR] Exception during API request: user-permissions/8
Newtonsoft.Json.JsonReaderException: Unexpected character encountered while parsing value: C. Path '', line 0, position 0.
   at Newtonsoft.Json.JsonTextReader.ParseValue()
   at Newtonsoft.Json.JsonTextReader.Read()
   at Newtonsoft.Json.JsonReader.ReadForType(JsonContract contract, Boolean hasConverter)
   at Newtonsoft.Json.Serialization.JsonSerializerInternalReader.Deserialize(JsonReader reader, Type objectType, Boolean checkAdditionalContent)
   at Newtonsoft.Json.JsonSerializer.DeserializeInternal(JsonReader reader, Type objectType)
   at Newtonsoft.Json.JsonConvert.DeserializeObject(String value, Type type, JsonSerializerSettings settings)
   at Newtonsoft.Json.JsonConvert.DeserializeObject[T](String value, JsonSerializerSettings settings)
   at Newtonsoft.Json.JsonConvert.DeserializeObject[T](String value)
   at smpc_admin.Utils.HttpClientHelper.<SendRequestAsync>d__7`1.MoveNext() in D:\IGIE\ERP\smpc_admin\Utils\HttpClientHelper.cs:line 76
2025-09-24 18:11:32.373 +08:00 [WRN] API request failed: companies/3, StatusCode: "InternalServerError", Response: {"message":"failed deleting company","success":false}
2025-09-24 18:13:34.929 +08:00 [WRN] API request failed: user-permissions/8, StatusCode: "NotFound", Response: Cannot GET /api/user-permissions/8
2025-09-24 18:13:34.988 +08:00 [ERR] Exception during API request: user-permissions/8
Newtonsoft.Json.JsonReaderException: Unexpected character encountered while parsing value: C. Path '', line 0, position 0.
   at Newtonsoft.Json.JsonTextReader.ParseValue()
   at Newtonsoft.Json.JsonTextReader.Read()
   at Newtonsoft.Json.JsonReader.ReadForType(JsonContract contract, Boolean hasConverter)
   at Newtonsoft.Json.Serialization.JsonSerializerInternalReader.Deserialize(JsonReader reader, Type objectType, Boolean checkAdditionalContent)
   at Newtonsoft.Json.JsonSerializer.DeserializeInternal(JsonReader reader, Type objectType)
   at Newtonsoft.Json.JsonConvert.DeserializeObject(String value, Type type, JsonSerializerSettings settings)
   at Newtonsoft.Json.JsonConvert.DeserializeObject[T](String value, JsonSerializerSettings settings)
   at Newtonsoft.Json.JsonConvert.DeserializeObject[T](String value)
   at smpc_admin.Utils.HttpClientHelper.<SendRequestAsync>d__7`1.MoveNext() in D:\IGIE\ERP\smpc_admin\Utils\HttpClientHelper.cs:line 76
2025-09-24 18:15:14.934 +08:00 [ERR] Exception during API request: companies
System.Threading.Tasks.TaskCanceledException: A task was canceled.
   at System.Runtime.CompilerServices.TaskAwaiter.ThrowForNonSuccess(Task task)
   at System.Runtime.CompilerServices.TaskAwaiter.HandleNonSuccessAndDebuggerNotification(Task task)
   at System.Runtime.CompilerServices.TaskAwaiter`1.GetResult()
   at smpc_admin.Utils.HttpClientHelper.<SendRequestAsync>d__7`1.MoveNext() in D:\IGIE\ERP\smpc_admin\Utils\HttpClientHelper.cs:line 56
2025-09-24 18:15:16.128 +08:00 [ERR] Exception during API request: companies
System.Threading.Tasks.TaskCanceledException: A task was canceled.
   at System.Runtime.CompilerServices.TaskAwaiter.ThrowForNonSuccess(Task task)
   at System.Runtime.CompilerServices.TaskAwaiter.HandleNonSuccessAndDebuggerNotification(Task task)
   at System.Runtime.CompilerServices.TaskAwaiter`1.GetResult()
   at smpc_admin.Utils.HttpClientHelper.<SendRequestAsync>d__7`1.MoveNext() in D:\IGIE\ERP\smpc_admin\Utils\HttpClientHelper.cs:line 56
