2025-09-29 08:56:13.840 +08:00 [ERR] Exception during API request: login
System.Net.Http.HttpRequestException: An error occurred while sending the request. ---> System.Net.WebException: Unable to connect to the remote server ---> System.Net.Sockets.SocketException: No connection could be made because the target machine actively refused it 127.0.0.1:3000
   at System.Net.Sockets.Socket.InternalEndConnect(IAsyncResult asyncResult)
   at System.Net.Sockets.Socket.EndConnect(IAsyncResult asyncResult)
   at System.Net.ServicePoint.ConnectSocketInternal(Boolean connectFailure, Socket s4, Socket s6, Socket& socket, IPAddress& address, ConnectSocketState state, IAsyncResult asyncResult, Exception& exception)
   --- End of inner exception stack trace ---
   at System.Net.HttpWebRequest.EndGetRequestStream(IAsyncResult asyncResult, TransportContext& context)
   at System.Net.Http.HttpClientHandler.GetRequestStreamCallback(IAsyncResult ar)
   --- End of inner exception stack trace ---
   at System.Runtime.CompilerServices.TaskAwaiter.ThrowForNonSuccess(Task task)
   at System.Runtime.CompilerServices.TaskAwaiter.HandleNonSuccessAndDebuggerNotification(Task task)
   at System.Runtime.CompilerServices.TaskAwaiter`1.GetResult()
   at smpc_admin.Utils.HttpClientHelper.<SendRequestAsync>d__7`1.MoveNext() in D:\IGIE\ERP\smpc_admin\Utils\HttpClientHelper.cs:line 56
2025-09-29 09:20:40.875 +08:00 [ERR] Exception during API request: login
System.Net.Http.HttpRequestException: An error occurred while sending the request. ---> System.Net.WebException: Unable to connect to the remote server ---> System.Net.Sockets.SocketException: No connection could be made because the target machine actively refused it 127.0.0.1:3000
   at System.Net.Sockets.Socket.InternalEndConnect(IAsyncResult asyncResult)
   at System.Net.Sockets.Socket.EndConnect(IAsyncResult asyncResult)
   at System.Net.ServicePoint.ConnectSocketInternal(Boolean connectFailure, Socket s4, Socket s6, Socket& socket, IPAddress& address, ConnectSocketState state, IAsyncResult asyncResult, Exception& exception)
   --- End of inner exception stack trace ---
   at System.Net.HttpWebRequest.EndGetRequestStream(IAsyncResult asyncResult, TransportContext& context)
   at System.Net.Http.HttpClientHandler.GetRequestStreamCallback(IAsyncResult ar)
   --- End of inner exception stack trace ---
   at System.Runtime.CompilerServices.TaskAwaiter.ThrowForNonSuccess(Task task)
   at System.Runtime.CompilerServices.TaskAwaiter.HandleNonSuccessAndDebuggerNotification(Task task)
   at System.Runtime.CompilerServices.TaskAwaiter`1.GetResult()
   at smpc_admin.Utils.HttpClientHelper.<SendRequestAsync>d__7`1.MoveNext() in D:\IGIE\ERP\smpc_admin\Utils\HttpClientHelper.cs:line 56
2025-09-29 09:24:14.160 +08:00 [WRN] API request failed: user-permissions/8, StatusCode: "NotFound", Response: Cannot GET /api/user-permissions/8
2025-09-29 09:24:14.176 +08:00 [ERR] Exception during API request: user-permissions/8
Newtonsoft.Json.JsonReaderException: Unexpected character encountered while parsing value: C. Path '', line 0, position 0.
   at Newtonsoft.Json.JsonTextReader.ParseValue()
   at Newtonsoft.Json.JsonTextReader.Read()
   at Newtonsoft.Json.JsonReader.ReadForType(JsonContract contract, Boolean hasConverter)
   at Newtonsoft.Json.Serialization.JsonSerializerInternalReader.Deserialize(JsonReader reader, Type objectType, Boolean checkAdditionalContent)
   at Newtonsoft.Json.JsonSerializer.DeserializeInternal(JsonReader reader, Type objectType)
   at Newtonsoft.Json.JsonConvert.DeserializeObject(String value, Type type, JsonSerializerSettings settings)
   at Newtonsoft.Json.JsonConvert.DeserializeObject[T](String value, JsonSerializerSettings settings)
   at Newtonsoft.Json.JsonConvert.DeserializeObject[T](String value)
   at smpc_admin.Utils.HttpClientHelper.<SendRequestAsync>d__7`1.MoveNext() in D:\IGIE\ERP\smpc_admin\Utils\HttpClientHelper.cs:line 76
2025-09-29 13:39:31.283 +08:00 [WRN] API request failed: user-permissions/8, StatusCode: "NotFound", Response: Cannot GET /api/user-permissions/8
2025-09-29 13:39:31.337 +08:00 [ERR] Exception during API request: user-permissions/8
Newtonsoft.Json.JsonReaderException: Unexpected character encountered while parsing value: C. Path '', line 0, position 0.
   at Newtonsoft.Json.JsonTextReader.ParseValue()
   at Newtonsoft.Json.JsonTextReader.Read()
   at Newtonsoft.Json.JsonReader.ReadForType(JsonContract contract, Boolean hasConverter)
   at Newtonsoft.Json.Serialization.JsonSerializerInternalReader.Deserialize(JsonReader reader, Type objectType, Boolean checkAdditionalContent)
   at Newtonsoft.Json.JsonSerializer.DeserializeInternal(JsonReader reader, Type objectType)
   at Newtonsoft.Json.JsonConvert.DeserializeObject(String value, Type type, JsonSerializerSettings settings)
   at Newtonsoft.Json.JsonConvert.DeserializeObject[T](String value, JsonSerializerSettings settings)
   at Newtonsoft.Json.JsonConvert.DeserializeObject[T](String value)
   at smpc_admin.Utils.HttpClientHelper.<SendRequestAsync>d__7`1.MoveNext() in D:\IGIE\ERP\smpc_admin\Utils\HttpClientHelper.cs:line 76
2025-09-29 13:41:28.899 +08:00 [WRN] API request failed: user-permissions/8, StatusCode: "NotFound", Response: Cannot GET /api/user-permissions/8
2025-09-29 13:41:28.942 +08:00 [ERR] Exception during API request: user-permissions/8
Newtonsoft.Json.JsonReaderException: Unexpected character encountered while parsing value: C. Path '', line 0, position 0.
   at Newtonsoft.Json.JsonTextReader.ParseValue()
   at Newtonsoft.Json.JsonTextReader.Read()
   at Newtonsoft.Json.JsonReader.ReadForType(JsonContract contract, Boolean hasConverter)
   at Newtonsoft.Json.Serialization.JsonSerializerInternalReader.Deserialize(JsonReader reader, Type objectType, Boolean checkAdditionalContent)
   at Newtonsoft.Json.JsonSerializer.DeserializeInternal(JsonReader reader, Type objectType)
   at Newtonsoft.Json.JsonConvert.DeserializeObject(String value, Type type, JsonSerializerSettings settings)
   at Newtonsoft.Json.JsonConvert.DeserializeObject[T](String value, JsonSerializerSettings settings)
   at Newtonsoft.Json.JsonConvert.DeserializeObject[T](String value)
   at smpc_admin.Utils.HttpClientHelper.<SendRequestAsync>d__7`1.MoveNext() in D:\IGIE\ERP\smpc_admin\Utils\HttpClientHelper.cs:line 76
